{"C:\\Users\\Doualeh\\WOLF_INC-\\src\\ENGINE\\Engine.js": {"path":"C:\\Users\\Doualeh\\WOLF_INC-\\src\\ENGINE\\Engine.js","statementMap":{},"fnMap":{},"branchMap":{},"s":{},"f":{},"b":{},"inputSourceMap":null}
,"C:\\Users\\Doualeh\\WOLF_INC-\\src\\api\\router.js": {"path":"C:\\Users\\Doualeh\\WOLF_INC-\\src\\api\\router.js","statementMap":{"0":{"start":{"line":19,"column":15},"end":{"line":19,"column":36}},"1":{"start":{"line":20,"column":22},"end":{"line":20,"column":30}},"2":{"start":{"line":22,"column":21},"end":{"line":24,"column":32}},"3":{"start":{"line":24,"column":26},"end":{"line":24,"column":32}},"4":{"start":{"line":27,"column":0},"end":{"line":30,"column":3}},"5":{"start":{"line":28,"column":2},"end":{"line":28,"column":48}},"6":{"start":{"line":29,"column":2},"end":{"line":29,"column":36}},"7":{"start":{"line":33,"column":0},"end":{"line":35,"column":3}},"8":{"start":{"line":34,"column":2},"end":{"line":34,"column":55}},"9":{"start":{"line":37,"column":0},"end":{"line":46,"column":3}},"10":{"start":{"line":38,"column":18},"end":{"line":38,"column":39}},"11":{"start":{"line":39,"column":18},"end":{"line":39,"column":46}},"12":{"start":{"line":40,"column":2},"end":{"line":44,"column":3}},"13":{"start":{"line":41,"column":4},"end":{"line":43,"column":7}},"14":{"start":{"line":45,"column":2},"end":{"line":45,"column":84}},"15":{"start":{"line":49,"column":0},"end":{"line":49,"column":32}},"16":{"start":{"line":52,"column":0},"end":{"line":52,"column":47}},"17":{"start":{"line":53,"column":0},"end":{"line":53,"column":45}},"18":{"start":{"line":56,"column":0},"end":{"line":56,"column":69}},"19":{"start":{"line":56,"column":36},"end":{"line":56,"column":67}},"20":{"start":{"line":58,"column":0},"end":{"line":67,"column":3}},"21":{"start":{"line":59,"column":28},"end":{"line":59,"column":41}},"22":{"start":{"line":60,"column":2},"end":{"line":66,"column":3}},"23":{"start":{"line":61,"column":18},"end":{"line":61,"column":48}},"24":{"start":{"line":62,"column":4},"end":{"line":62,"column":55}},"25":{"start":{"line":64,"column":4},"end":{"line":64,"column":63}},"26":{"start":{"line":65,"column":4},"end":{"line":65,"column":14}}},"fnMap":{"0":{"name":"(anonymous_0)","decl":{"start":{"line":24,"column":4},"end":{"line":24,"column":5}},"loc":{"start":{"line":24,"column":26},"end":{"line":24,"column":32}},"line":24},"1":{"name":"(anonymous_1)","decl":{"start":{"line":27,"column":37},"end":{"line":27,"column":38}},"loc":{"start":{"line":27,"column":58},"end":{"line":30,"column":1}},"line":27},"2":{"name":"(anonymous_2)","decl":{"start":{"line":33,"column":27},"end":{"line":33,"column":28}},"loc":{"start":{"line":33,"column":42},"end":{"line":35,"column":1}},"line":33},"3":{"name":"(anonymous_3)","decl":{"start":{"line":37,"column":28},"end":{"line":37,"column":29}},"loc":{"start":{"line":37,"column":43},"end":{"line":46,"column":1}},"line":37},"4":{"name":"(anonymous_4)","decl":{"start":{"line":56,"column":21},"end":{"line":56,"column":22}},"loc":{"start":{"line":56,"column":36},"end":{"line":56,"column":67}},"line":56},"5":{"name":"(anonymous_5)","decl":{"start":{"line":58,"column":65},"end":{"line":58,"column":66}},"loc":{"start":{"line":58,"column":91},"end":{"line":67,"column":1}},"line":58}},"branchMap":{"0":{"loc":{"start":{"line":22,"column":21},"end":{"line":24,"column":32}},"type":"cond-expr","locations":[{"start":{"line":23,"column":4},"end":{"line":23,"column":72}},{"start":{"line":24,"column":4},"end":{"line":24,"column":32}}],"line":22},"1":{"loc":{"start":{"line":40,"column":2},"end":{"line":44,"column":3}},"type":"if","locations":[{"start":{"line":40,"column":2},"end":{"line":44,"column":3}},{"start":{},"end":{}}],"line":40},"2":{"loc":{"start":{"line":62,"column":28},"end":{"line":62,"column":51}},"type":"binary-expr","locations":[{"start":{"line":62,"column":28},"end":{"line":62,"column":32}},{"start":{"line":62,"column":36},"end":{"line":62,"column":51}}],"line":62}},"s":{"0":0,"1":0,"2":0,"3":0,"4":0,"5":0,"6":0,"7":0,"8":0,"9":0,"10":0,"11":0,"12":0,"13":0,"14":0,"15":0,"16":0,"17":0,"18":0,"19":0,"20":0,"21":0,"22":0,"23":0,"24":0,"25":0,"26":0},"f":{"0":0,"1":0,"2":0,"3":0,"4":0,"5":0},"b":{"0":[0,0],"1":[0,0],"2":[0,0]},"inputSourceMap":null}
,"C:\\Users\\Doualeh\\WOLF_INC-\\src\\api\\server.js": {"path":"C:\\Users\\Doualeh\\WOLF_INC-\\src\\api\\server.js","statementMap":{"0":{"start":{"line":25,"column":14},"end":{"line":25,"column":23}},"1":{"start":{"line":26,"column":2},"end":{"line":26,"column":31}},"2":{"start":{"line":29,"column":2},"end":{"line":42,"column":4}},"3":{"start":{"line":45,"column":2},"end":{"line":45,"column":16}},"4":{"start":{"line":48,"column":2},"end":{"line":48,"column":21}},"5":{"start":{"line":51,"column":2},"end":{"line":51,"column":26}},"6":{"start":{"line":52,"column":2},"end":{"line":52,"column":43}},"7":{"start":{"line":53,"column":2},"end":{"line":53,"column":65}},"8":{"start":{"line":56,"column":2},"end":{"line":60,"column":4}},"9":{"start":{"line":58,"column":30},"end":{"line":58,"column":71}},"10":{"start":{"line":63,"column":2},"end":{"line":70,"column":3}},"11":{"start":{"line":64,"column":4},"end":{"line":69,"column":7}},"12":{"start":{"line":65,"column":6},"end":{"line":67,"column":7}},"13":{"start":{"line":66,"column":8},"end":{"line":66,"column":73}},"14":{"start":{"line":68,"column":6},"end":{"line":68,"column":13}},"15":{"start":{"line":73,"column":2},"end":{"line":80,"column":4}},"16":{"start":{"line":83,"column":2},"end":{"line":83,"column":23}},"17":{"start":{"line":85,"column":2},"end":{"line":85,"column":33}},"18":{"start":{"line":88,"column":2},"end":{"line":88,"column":20}},"19":{"start":{"line":89,"column":2},"end":{"line":89,"column":24}},"20":{"start":{"line":91,"column":2},"end":{"line":91,"column":13}}},"fnMap":{"0":{"name":"createApp","decl":{"start":{"line":24,"column":16},"end":{"line":24,"column":25}},"loc":{"start":{"line":24,"column":28},"end":{"line":92,"column":1}},"line":24},"1":{"name":"(anonymous_1)","decl":{"start":{"line":58,"column":23},"end":{"line":58,"column":24}},"loc":{"start":{"line":58,"column":30},"end":{"line":58,"column":71}},"line":58},"2":{"name":"(anonymous_2)","decl":{"start":{"line":64,"column":12},"end":{"line":64,"column":13}},"loc":{"start":{"line":64,"column":32},"end":{"line":69,"column":5}},"line":64}},"branchMap":{"0":{"loc":{"start":{"line":31,"column":29},"end":{"line":39,"column":15}},"type":"cond-expr","locations":[{"start":{"line":31,"column":38},"end":{"line":39,"column":7}},{"start":{"line":39,"column":10},"end":{"line":39,"column":15}}],"line":31},"1":{"loc":{"start":{"line":63,"column":2},"end":{"line":70,"column":3}},"type":"if","locations":[{"start":{"line":63,"column":2},"end":{"line":70,"column":3}},{"start":{},"end":{}}],"line":63},"2":{"loc":{"start":{"line":65,"column":6},"end":{"line":67,"column":7}},"type":"if","locations":[{"start":{"line":65,"column":6},"end":{"line":67,"column":7}},{"start":{},"end":{}}],"line":65}},"s":{"0":0,"1":0,"2":0,"3":0,"4":0,"5":0,"6":0,"7":0,"8":0,"9":0,"10":0,"11":0,"12":0,"13":0,"14":0,"15":0,"16":0,"17":0,"18":0,"19":0,"20":0},"f":{"0":0,"1":0,"2":0},"b":{"0":[0,0],"1":[0,0],"2":[0,0]},"inputSourceMap":null}
,"C:\\Users\\Doualeh\\WOLF_INC-\\src\\api\\middleware\\cors.js": {"path":"C:\\Users\\Doualeh\\WOLF_INC-\\src\\api\\middleware\\cors.js","statementMap":{"0":{"start":{"line":9,"column":20},"end":{"line":18,"column":2}},"1":{"start":{"line":12,"column":4},"end":{"line":12,"column":71}},"2":{"start":{"line":12,"column":49},"end":{"line":12,"column":71}},"3":{"start":{"line":13,"column":4},"end":{"line":13,"column":58}},"4":{"start":{"line":21,"column":25},"end":{"line":21,"column":67}}},"fnMap":{"0":{"name":"(anonymous_0)","decl":{"start":{"line":10,"column":10},"end":{"line":10,"column":11}},"loc":{"start":{"line":10,"column":26},"end":{"line":14,"column":3}},"line":10}},"branchMap":{"0":{"loc":{"start":{"line":12,"column":4},"end":{"line":12,"column":71}},"type":"if","locations":[{"start":{"line":12,"column":4},"end":{"line":12,"column":71}},{"start":{},"end":{}}],"line":12},"1":{"loc":{"start":{"line":12,"column":8},"end":{"line":12,"column":47}},"type":"binary-expr","locations":[{"start":{"line":12,"column":8},"end":{"line":12,"column":15}},{"start":{"line":12,"column":19},"end":{"line":12,"column":47}}],"line":12}},"s":{"0":0,"1":0,"2":0,"3":0,"4":0},"f":{"0":0},"b":{"0":[0,0],"1":[0,0]},"inputSourceMap":null}
,"C:\\Users\\Doualeh\\WOLF_INC-\\src\\api\\middleware\\errorHandler.js": {"path":"C:\\Users\\Doualeh\\WOLF_INC-\\src\\api\\middleware\\errorHandler.js","statementMap":{"0":{"start":{"line":9,"column":12},"end":{"line":9,"column":40}},"1":{"start":{"line":15,"column":18},"end":{"line":15,"column":53}},"2":{"start":{"line":16,"column":18},"end":{"line":16,"column":52}},"3":{"start":{"line":17,"column":18},"end":{"line":17,"column":77}},"4":{"start":{"line":19,"column":2},"end":{"line":23,"column":3}},"5":{"start":{"line":20,"column":4},"end":{"line":20,"column":92}},"6":{"start":{"line":22,"column":4},"end":{"line":22,"column":64}},"7":{"start":{"line":25,"column":18},"end":{"line":27,"column":29}},"8":{"start":{"line":29,"column":2},"end":{"line":29,"column":52}},"9":{"start":{"line":36,"column":2},"end":{"line":36,"column":95}}},"fnMap":{"0":{"name":"errorHandler","decl":{"start":{"line":14,"column":16},"end":{"line":14,"column":28}},"loc":{"start":{"line":14,"column":51},"end":{"line":30,"column":1}},"line":14},"1":{"name":"notFound","decl":{"start":{"line":35,"column":16},"end":{"line":35,"column":24}},"loc":{"start":{"line":35,"column":35},"end":{"line":37,"column":1}},"line":35}},"branchMap":{"0":{"loc":{"start":{"line":15,"column":18},"end":{"line":15,"column":53}},"type":"binary-expr","locations":[{"start":{"line":15,"column":18},"end":{"line":15,"column":32}},{"start":{"line":15,"column":36},"end":{"line":15,"column":46}},{"start":{"line":15,"column":50},"end":{"line":15,"column":53}}],"line":15},"1":{"loc":{"start":{"line":16,"column":18},"end":{"line":16,"column":52}},"type":"binary-expr","locations":[{"start":{"line":16,"column":18},"end":{"line":16,"column":26}},{"start":{"line":16,"column":36},"end":{"line":16,"column":52}}],"line":16},"2":{"loc":{"start":{"line":19,"column":2},"end":{"line":23,"column":3}},"type":"if","locations":[{"start":{"line":19,"column":2},"end":{"line":23,"column":3}},{"start":{"line":21,"column":9},"end":{"line":23,"column":3}}],"line":19},"3":{"loc":{"start":{"line":25,"column":18},"end":{"line":27,"column":29}},"type":"cond-expr","locations":[{"start":{"line":26,"column":6},"end":{"line":26,"column":17}},{"start":{"line":27,"column":6},"end":{"line":27,"column":29}}],"line":25},"4":{"loc":{"start":{"line":25,"column":18},"end":{"line":25,"column":77}},"type":"binary-expr","locations":[{"start":{"line":25,"column":18},"end":{"line":25,"column":40}},{"start":{"line":25,"column":44},"end":{"line":25,"column":77}}],"line":25}},"s":{"0":0,"1":0,"2":0,"3":0,"4":0,"5":0,"6":0,"7":0,"8":0,"9":0},"f":{"0":0,"1":0},"b":{"0":[0,0,0],"1":[0,0],"2":[0,0],"3":[0,0],"4":[0,0]},"inputSourceMap":null}
,"C:\\Users\\Doualeh\\WOLF_INC-\\src\\api\\middleware\\requestId.js": {"path":"C:\\Users\\Doualeh\\WOLF_INC-\\src\\api\\middleware\\requestId.js","statementMap":{"0":{"start":{"line":7,"column":2},"end":{"line":7,"column":55}},"1":{"start":{"line":8,"column":2},"end":{"line":8,"column":9}}},"fnMap":{"0":{"name":"requestId","decl":{"start":{"line":6,"column":16},"end":{"line":6,"column":25}},"loc":{"start":{"line":6,"column":43},"end":{"line":9,"column":1}},"line":6}},"branchMap":{"0":{"loc":{"start":{"line":7,"column":11},"end":{"line":7,"column":54}},"type":"binary-expr","locations":[{"start":{"line":7,"column":11},"end":{"line":7,"column":38}},{"start":{"line":7,"column":42},"end":{"line":7,"column":54}}],"line":7}},"s":{"0":0,"1":0},"f":{"0":0},"b":{"0":[0,0]},"inputSourceMap":null}
,"C:\\Users\\Doualeh\\WOLF_INC-\\src\\api\\middleware\\twilioHmac.js": {"path":"C:\\Users\\Doualeh\\WOLF_INC-\\src\\api\\middleware\\twilioHmac.js","statementMap":{"0":{"start":{"line":10,"column":12},"end":{"line":10,"column":31}},"1":{"start":{"line":18,"column":2},"end":{"line":20,"column":3}},"2":{"start":{"line":19,"column":4},"end":{"line":19,"column":18}},"3":{"start":{"line":22,"column":19},"end":{"line":22,"column":58}},"4":{"start":{"line":23,"column":19},"end":{"line":23,"column":57}},"5":{"start":{"line":24,"column":19},"end":{"line":24,"column":33}},"6":{"start":{"line":27,"column":20},"end":{"line":28,"column":49}},"7":{"start":{"line":28,"column":24},"end":{"line":28,"column":43}},"8":{"start":{"line":30,"column":19},"end":{"line":33,"column":21}},"9":{"start":{"line":36,"column":22},"end":{"line":36,"column":38}},"10":{"start":{"line":37,"column":22},"end":{"line":37,"column":43}},"11":{"start":{"line":40,"column":4},"end":{"line":41,"column":47}},"12":{"start":{"line":43,"column":2},"end":{"line":46,"column":3}},"13":{"start":{"line":44,"column":4},"end":{"line":44,"column":89}},"14":{"start":{"line":45,"column":4},"end":{"line":45,"column":63}},"15":{"start":{"line":48,"column":2},"end":{"line":48,"column":9}}},"fnMap":{"0":{"name":"twilioHmac","decl":{"start":{"line":16,"column":16},"end":{"line":16,"column":26}},"loc":{"start":{"line":16,"column":43},"end":{"line":49,"column":1}},"line":16},"1":{"name":"(anonymous_1)","decl":{"start":{"line":28,"column":12},"end":{"line":28,"column":13}},"loc":{"start":{"line":28,"column":24},"end":{"line":28,"column":43}},"line":28}},"branchMap":{"0":{"loc":{"start":{"line":18,"column":2},"end":{"line":20,"column":3}},"type":"if","locations":[{"start":{"line":18,"column":2},"end":{"line":20,"column":3}},{"start":{},"end":{}}],"line":18},"1":{"loc":{"start":{"line":18,"column":6},"end":{"line":18,"column":67}},"type":"binary-expr","locations":[{"start":{"line":18,"column":6},"end":{"line":18,"column":38}},{"start":{"line":18,"column":42},"end":{"line":18,"column":67}}],"line":18},"2":{"loc":{"start":{"line":22,"column":19},"end":{"line":22,"column":58}},"type":"binary-expr","locations":[{"start":{"line":22,"column":19},"end":{"line":22,"column":52}},{"start":{"line":22,"column":56},"end":{"line":22,"column":58}}],"line":22},"3":{"loc":{"start":{"line":24,"column":19},"end":{"line":24,"column":33}},"type":"binary-expr","locations":[{"start":{"line":24,"column":19},"end":{"line":24,"column":27}},{"start":{"line":24,"column":31},"end":{"line":24,"column":33}}],"line":24},"4":{"loc":{"start":{"line":40,"column":4},"end":{"line":41,"column":47}},"type":"binary-expr","locations":[{"start":{"line":40,"column":4},"end":{"line":40,"column":40}},{"start":{"line":41,"column":4},"end":{"line":41,"column":47}}],"line":40},"5":{"loc":{"start":{"line":43,"column":2},"end":{"line":46,"column":3}},"type":"if","locations":[{"start":{"line":43,"column":2},"end":{"line":46,"column":3}},{"start":{},"end":{}}],"line":43}},"s":{"0":0,"1":0,"2":0,"3":0,"4":0,"5":0,"6":0,"7":0,"8":0,"9":0,"10":0,"11":0,"12":0,"13":0,"14":0,"15":0},"f":{"0":0,"1":0},"b":{"0":[0,0],"1":[0,0],"2":[0,0],"3":[0,0],"4":[0,0],"5":[0,0]},"inputSourceMap":null}
,"C:\\Users\\Doualeh\\WOLF_INC-\\src\\api\\middleware\\validation.js": {"path":"C:\\Users\\Doualeh\\WOLF_INC-\\src\\api\\middleware\\validation.js","statementMap":{"0":{"start":{"line":9,"column":33},"end":{"line":15,"column":2}},"1":{"start":{"line":17,"column":34},"end":{"line":22,"column":2}},"2":{"start":{"line":24,"column":34},"end":{"line":27,"column":2}},"3":{"start":{"line":29,"column":31},"end":{"line":33,"column":2}},"4":{"start":{"line":37,"column":31},"end":{"line":40,"column":2}},"5":{"start":{"line":49,"column":2},"end":{"line":59,"column":4}},"6":{"start":{"line":50,"column":19},"end":{"line":50,"column":51}},"7":{"start":{"line":51,"column":4},"end":{"line":56,"column":5}},"8":{"start":{"line":52,"column":6},"end":{"line":55,"column":9}},"9":{"start":{"line":54,"column":47},"end":{"line":54,"column":89}},"10":{"start":{"line":57,"column":4},"end":{"line":57,"column":32}},"11":{"start":{"line":58,"column":4},"end":{"line":58,"column":11}},"12":{"start":{"line":69,"column":2},"end":{"line":69,"column":42}},"13":{"start":{"line":69,"column":32},"end":{"line":69,"column":42}},"14":{"start":{"line":70,"column":2},"end":{"line":73,"column":25}}},"fnMap":{"0":{"name":"validateBody","decl":{"start":{"line":48,"column":16},"end":{"line":48,"column":28}},"loc":{"start":{"line":48,"column":37},"end":{"line":60,"column":1}},"line":48},"1":{"name":"(anonymous_1)","decl":{"start":{"line":49,"column":9},"end":{"line":49,"column":10}},"loc":{"start":{"line":49,"column":29},"end":{"line":59,"column":3}},"line":49},"2":{"name":"(anonymous_2)","decl":{"start":{"line":54,"column":41},"end":{"line":54,"column":42}},"loc":{"start":{"line":54,"column":47},"end":{"line":54,"column":89}},"line":54},"3":{"name":"sanitizeText","decl":{"start":{"line":68,"column":16},"end":{"line":68,"column":28}},"loc":{"start":{"line":68,"column":52},"end":{"line":74,"column":1}},"line":68}},"branchMap":{"0":{"loc":{"start":{"line":50,"column":36},"end":{"line":50,"column":50}},"type":"binary-expr","locations":[{"start":{"line":50,"column":36},"end":{"line":50,"column":44}},{"start":{"line":50,"column":48},"end":{"line":50,"column":50}}],"line":50},"1":{"loc":{"start":{"line":51,"column":4},"end":{"line":56,"column":5}},"type":"if","locations":[{"start":{"line":51,"column":4},"end":{"line":56,"column":5}},{"start":{},"end":{}}],"line":51},"2":{"loc":{"start":{"line":68,"column":35},"end":{"line":68,"column":50}},"type":"default-arg","locations":[{"start":{"line":68,"column":47},"end":{"line":68,"column":50}}],"line":68},"3":{"loc":{"start":{"line":69,"column":2},"end":{"line":69,"column":42}},"type":"if","locations":[{"start":{"line":69,"column":2},"end":{"line":69,"column":42}},{"start":{},"end":{}}],"line":69}},"s":{"0":0,"1":0,"2":0,"3":0,"4":0,"5":0,"6":0,"7":0,"8":0,"9":0,"10":0,"11":0,"12":0,"13":0,"14":0},"f":{"0":0,"1":0,"2":0,"3":0},"b":{"0":[0,0],"1":[0,0],"2":[0],"3":[0,0]},"inputSourceMap":null}
,"C:\\Users\\Doualeh\\WOLF_INC-\\src\\core\\config.js": {"path":"C:\\Users\\Doualeh\\WOLF_INC-\\src\\core\\config.js","statementMap":{"0":{"start":{"line":8,"column":15},"end":{"line":70,"column":2}},"1":{"start":{"line":68,"column":43},"end":{"line":68,"column":55}},"2":{"start":{"line":74,"column":22},"end":{"line":74,"column":47}},"3":{"start":{"line":78,"column":27},"end":{"line":78,"column":59}},"4":{"start":{"line":79,"column":27},"end":{"line":79,"column":53}},"5":{"start":{"line":80,"column":27},"end":{"line":80,"column":88}},"6":{"start":{"line":80,"column":63},"end":{"line":80,"column":71}},"7":{"start":{"line":81,"column":27},"end":{"line":81,"column":92}},"8":{"start":{"line":81,"column":67},"end":{"line":81,"column":75}}},"fnMap":{"0":{"name":"(anonymous_0)","decl":{"start":{"line":68,"column":38},"end":{"line":68,"column":39}},"loc":{"start":{"line":68,"column":43},"end":{"line":68,"column":55}},"line":68},"1":{"name":"(anonymous_1)","decl":{"start":{"line":80,"column":58},"end":{"line":80,"column":59}},"loc":{"start":{"line":80,"column":63},"end":{"line":80,"column":71}},"line":80},"2":{"name":"(anonymous_2)","decl":{"start":{"line":81,"column":62},"end":{"line":81,"column":63}},"loc":{"start":{"line":81,"column":67},"end":{"line":81,"column":75}},"line":81}},"branchMap":{},"s":{"0":0,"1":0,"2":0,"3":0,"4":0,"5":0,"6":0,"7":0,"8":0},"f":{"0":0,"1":0,"2":0},"b":{},"inputSourceMap":null}
,"C:\\Users\\Doualeh\\WOLF_INC-\\src\\core\\errors.js": {"path":"C:\\Users\\Doualeh\\WOLF_INC-\\src\\core\\errors.js","statementMap":{"0":{"start":{"line":9,"column":4},"end":{"line":9,"column":16}},"1":{"start":{"line":10,"column":4},"end":{"line":10,"column":33}},"2":{"start":{"line":11,"column":4},"end":{"line":11,"column":27}},"3":{"start":{"line":12,"column":4},"end":{"line":12,"column":33}},"4":{"start":{"line":13,"column":4},"end":{"line":13,"column":30}},"5":{"start":{"line":21,"column":4},"end":{"line":21,"column":44}},"6":{"start":{"line":22,"column":4},"end":{"line":22,"column":27}},"7":{"start":{"line":28,"column":4},"end":{"line":28,"column":54}},"8":{"start":{"line":29,"column":4},"end":{"line":29,"column":43}},"9":{"start":{"line":35,"column":4},"end":{"line":35,"column":50}},"10":{"start":{"line":36,"column":4},"end":{"line":36,"column":44}},"11":{"start":{"line":37,"column":4},"end":{"line":37,"column":39}},"12":{"start":{"line":45,"column":4},"end":{"line":45,"column":66}},"13":{"start":{"line":46,"column":4},"end":{"line":46,"column":44}},"14":{"start":{"line":47,"column":4},"end":{"line":47,"column":27}},"15":{"start":{"line":53,"column":4},"end":{"line":53,"column":35}},"16":{"start":{"line":54,"column":4},"end":{"line":54,"column":28}},"17":{"start":{"line":60,"column":4},"end":{"line":60,"column":35}},"18":{"start":{"line":61,"column":4},"end":{"line":61,"column":28}},"19":{"start":{"line":67,"column":4},"end":{"line":67,"column":42}},"20":{"start":{"line":68,"column":4},"end":{"line":68,"column":36}},"21":{"start":{"line":74,"column":4},"end":{"line":74,"column":50}},"22":{"start":{"line":75,"column":4},"end":{"line":75,"column":54}},"23":{"start":{"line":83,"column":2},"end":{"line":83,"column":57}}},"fnMap":{"0":{"name":"(anonymous_0)","decl":{"start":{"line":8,"column":2},"end":{"line":8,"column":3}},"loc":{"start":{"line":8,"column":52},"end":{"line":14,"column":3}},"line":8},"1":{"name":"(anonymous_1)","decl":{"start":{"line":20,"column":2},"end":{"line":20,"column":3}},"loc":{"start":{"line":20,"column":37},"end":{"line":23,"column":3}},"line":20},"2":{"name":"(anonymous_2)","decl":{"start":{"line":27,"column":2},"end":{"line":27,"column":3}},"loc":{"start":{"line":27,"column":38},"end":{"line":30,"column":3}},"line":27},"3":{"name":"(anonymous_3)","decl":{"start":{"line":34,"column":2},"end":{"line":34,"column":3}},"loc":{"start":{"line":34,"column":34},"end":{"line":38,"column":3}},"line":34},"4":{"name":"(anonymous_4)","decl":{"start":{"line":44,"column":2},"end":{"line":44,"column":3}},"loc":{"start":{"line":44,"column":46},"end":{"line":48,"column":3}},"line":44},"5":{"name":"(anonymous_5)","decl":{"start":{"line":52,"column":2},"end":{"line":52,"column":3}},"loc":{"start":{"line":52,"column":37},"end":{"line":55,"column":3}},"line":52},"6":{"name":"(anonymous_6)","decl":{"start":{"line":59,"column":2},"end":{"line":59,"column":3}},"loc":{"start":{"line":59,"column":37},"end":{"line":62,"column":3}},"line":59},"7":{"name":"(anonymous_7)","decl":{"start":{"line":66,"column":2},"end":{"line":66,"column":3}},"loc":{"start":{"line":66,"column":37},"end":{"line":69,"column":3}},"line":66},"8":{"name":"(anonymous_8)","decl":{"start":{"line":73,"column":2},"end":{"line":73,"column":3}},"loc":{"start":{"line":73,"column":25},"end":{"line":76,"column":3}},"line":73},"9":{"name":"isUserFacingError","decl":{"start":{"line":82,"column":16},"end":{"line":82,"column":33}},"loc":{"start":{"line":82,"column":39},"end":{"line":84,"column":1}},"line":82}},"branchMap":{"0":{"loc":{"start":{"line":8,"column":20},"end":{"line":8,"column":36}},"type":"default-arg","locations":[{"start":{"line":8,"column":33},"end":{"line":8,"column":36}}],"line":8},"1":{"loc":{"start":{"line":8,"column":38},"end":{"line":8,"column":50}},"type":"default-arg","locations":[{"start":{"line":8,"column":48},"end":{"line":8,"column":50}}],"line":8},"2":{"loc":{"start":{"line":20,"column":23},"end":{"line":20,"column":35}},"type":"default-arg","locations":[{"start":{"line":20,"column":33},"end":{"line":20,"column":35}}],"line":20},"3":{"loc":{"start":{"line":27,"column":24},"end":{"line":27,"column":36}},"type":"default-arg","locations":[{"start":{"line":27,"column":34},"end":{"line":27,"column":36}}],"line":27},"4":{"loc":{"start":{"line":34,"column":14},"end":{"line":34,"column":32}},"type":"default-arg","locations":[{"start":{"line":34,"column":30},"end":{"line":34,"column":32}}],"line":34},"5":{"loc":{"start":{"line":44,"column":32},"end":{"line":44,"column":44}},"type":"default-arg","locations":[{"start":{"line":44,"column":42},"end":{"line":44,"column":44}}],"line":44},"6":{"loc":{"start":{"line":52,"column":23},"end":{"line":52,"column":35}},"type":"default-arg","locations":[{"start":{"line":52,"column":33},"end":{"line":52,"column":35}}],"line":52},"7":{"loc":{"start":{"line":59,"column":23},"end":{"line":59,"column":35}},"type":"default-arg","locations":[{"start":{"line":59,"column":33},"end":{"line":59,"column":35}}],"line":59},"8":{"loc":{"start":{"line":66,"column":23},"end":{"line":66,"column":35}},"type":"default-arg","locations":[{"start":{"line":66,"column":33},"end":{"line":66,"column":35}}],"line":66},"9":{"loc":{"start":{"line":83,"column":9},"end":{"line":83,"column":56}},"type":"binary-expr","locations":[{"start":{"line":83,"column":9},"end":{"line":83,"column":32}},{"start":{"line":83,"column":36},"end":{"line":83,"column":56}}],"line":83}},"s":{"0":0,"1":0,"2":0,"3":0,"4":0,"5":0,"6":0,"7":0,"8":0,"9":0,"10":0,"11":0,"12":0,"13":0,"14":0,"15":0,"16":0,"17":0,"18":0,"19":0,"20":0,"21":0,"22":0,"23":0},"f":{"0":0,"1":0,"2":0,"3":0,"4":0,"5":0,"6":0,"7":0,"8":0,"9":0},"b":{"0":[0],"1":[0],"2":[0],"3":[0],"4":[0],"5":[0],"6":[0],"7":[0],"8":[0],"9":[0,0]},"inputSourceMap":null}
,"C:\\Users\\Doualeh\\WOLF_INC-\\src\\core\\logger.js": {"path":"C:\\Users\\Doualeh\\WOLF_INC-\\src\\core\\logger.js","statementMap":{"0":{"start":{"line":8,"column":14},"end":{"line":8,"column":51}},"1":{"start":{"line":10,"column":22},"end":{"line":43,"column":1}},"2":{"start":{"line":48,"column":2},"end":{"line":48,"column":34}}},"fnMap":{"0":{"name":"childLogger","decl":{"start":{"line":47,"column":16},"end":{"line":47,"column":27}},"loc":{"start":{"line":47,"column":36},"end":{"line":49,"column":1}},"line":47}},"branchMap":{"0":{"loc":{"start":{"line":12,"column":11},"end":{"line":12,"column":42}},"type":"binary-expr","locations":[{"start":{"line":12,"column":11},"end":{"line":12,"column":32}},{"start":{"line":12,"column":36},"end":{"line":12,"column":42}}],"line":12},"1":{"loc":{"start":{"line":32,"column":2},"end":{"line":42,"column":15}},"type":"cond-expr","locations":[{"start":{"line":33,"column":6},"end":{"line":41,"column":8}},{"start":{"line":42,"column":6},"end":{"line":42,"column":15}}],"line":32}},"s":{"0":0,"1":0,"2":0},"f":{"0":0},"b":{"0":[0,0],"1":[0,0]},"inputSourceMap":null}
,"C:\\Users\\Doualeh\\WOLF_INC-\\src\\core\\metrics.js": {"path":"C:\\Users\\Doualeh\\WOLF_INC-\\src\\core\\metrics.js","statementMap":{"0":{"start":{"line":8,"column":24},"end":{"line":8,"column":77}},"1":{"start":{"line":9,"column":0},"end":{"line":11,"column":1}},"2":{"start":{"line":10,"column":2},"end":{"line":10,"column":26}},"3":{"start":{"line":15,"column":31},"end":{"line":20,"column":2}},"4":{"start":{"line":22,"column":26},"end":{"line":27,"column":2}},"5":{"start":{"line":29,"column":26},"end":{"line":34,"column":2}},"6":{"start":{"line":36,"column":28},"end":{"line":41,"column":2}},"7":{"start":{"line":45,"column":29},"end":{"line":49,"column":2}},"8":{"start":{"line":51,"column":28},"end":{"line":55,"column":2}},"9":{"start":{"line":57,"column":32},"end":{"line":60,"column":2}},"10":{"start":{"line":62,"column":28},"end":{"line":66,"column":2}},"11":{"start":{"line":68,"column":26},"end":{"line":71,"column":2}},"12":{"start":{"line":73,"column":24},"end":{"line":76,"column":2}},"13":{"start":{"line":80,"column":30},"end":{"line":83,"column":2}},"14":{"start":{"line":85,"column":27},"end":{"line":88,"column":2}},"15":{"start":{"line":90,"column":33},"end":{"line":93,"column":2}},"16":{"start":{"line":95,"column":35},"end":{"line":99,"column":2}},"17":{"start":{"line":103,"column":24},"end":{"line":103,"column":43}}},"fnMap":{},"branchMap":{"0":{"loc":{"start":{"line":9,"column":0},"end":{"line":11,"column":1}},"type":"if","locations":[{"start":{"line":9,"column":0},"end":{"line":11,"column":1}},{"start":{},"end":{}}],"line":9},"1":{"loc":{"start":{"line":9,"column":4},"end":{"line":9,"column":66}},"type":"binary-expr","locations":[{"start":{"line":9,"column":4},"end":{"line":9,"column":19}},{"start":{"line":9,"column":23},"end":{"line":9,"column":66}}],"line":9}},"s":{"0":0,"1":0,"2":0,"3":0,"4":0,"5":0,"6":0,"7":0,"8":0,"9":0,"10":0,"11":0,"12":0,"13":0,"14":0,"15":0,"16":0,"17":0},"f":{},"b":{"0":[0,0],"1":[0,0]},"inputSourceMap":null}
,"C:\\Users\\Doualeh\\WOLF_INC-\\src\\core\\tracing.js": {"path":"C:\\Users\\Doualeh\\WOLF_INC-\\src\\core\\tracing.js","statementMap":{"0":{"start":{"line":8,"column":12},"end":{"line":8,"column":34}},"1":{"start":{"line":10,"column":14},"end":{"line":10,"column":18}},"2":{"start":{"line":11,"column":14},"end":{"line":11,"column":18}},"3":{"start":{"line":15,"column":2},"end":{"line":18,"column":3}},"4":{"start":{"line":16,"column":4},"end":{"line":16,"column":62}},"5":{"start":{"line":17,"column":4},"end":{"line":17,"column":11}},"6":{"start":{"line":20,"column":2},"end":{"line":54,"column":3}},"7":{"start":{"line":21,"column":37},"end":{"line":21,"column":76}},"8":{"start":{"line":22,"column":37},"end":{"line":22,"column":92}},"9":{"start":{"line":24,"column":6},"end":{"line":24,"column":63}},"10":{"start":{"line":25,"column":37},"end":{"line":25,"column":77}},"11":{"start":{"line":27,"column":6},"end":{"line":27,"column":57}},"12":{"start":{"line":29,"column":21},"end":{"line":29,"column":73}},"13":{"start":{"line":31,"column":4},"end":{"line":44,"column":7}},"14":{"start":{"line":46,"column":4},"end":{"line":46,"column":17}},"15":{"start":{"line":48,"column":22},"end":{"line":48,"column":56}},"16":{"start":{"line":49,"column":4},"end":{"line":49,"column":54}},"17":{"start":{"line":51,"column":4},"end":{"line":51,"column":64}},"18":{"start":{"line":53,"column":4},"end":{"line":53,"column":83}},"19":{"start":{"line":59,"column":2},"end":{"line":59,"column":31}},"20":{"start":{"line":59,"column":16},"end":{"line":59,"column":31}},"21":{"start":{"line":60,"column":15},"end":{"line":60,"column":38}},"22":{"start":{"line":61,"column":2},"end":{"line":61,"column":69}},"23":{"start":{"line":61,"column":38},"end":{"line":61,"column":69}},"24":{"start":{"line":62,"column":2},"end":{"line":62,"column":14}},"25":{"start":{"line":72,"column":15},"end":{"line":72,"column":42}},"26":{"start":{"line":73,"column":2},"end":{"line":83,"column":3}},"27":{"start":{"line":74,"column":19},"end":{"line":74,"column":33}},"28":{"start":{"line":75,"column":4},"end":{"line":75,"column":34}},"29":{"start":{"line":76,"column":4},"end":{"line":76,"column":18}},"30":{"start":{"line":78,"column":4},"end":{"line":78,"column":32}},"31":{"start":{"line":79,"column":4},"end":{"line":79,"column":56}},"32":{"start":{"line":80,"column":4},"end":{"line":80,"column":14}},"33":{"start":{"line":82,"column":4},"end":{"line":82,"column":17}},"34":{"start":{"line":88,"column":2},"end":{"line":88,"column":20}},"35":{"start":{"line":88,"column":13},"end":{"line":88,"column":20}},"36":{"start":{"line":89,"column":2},"end":{"line":91,"column":4}},"37":{"start":{"line":90,"column":4},"end":{"line":90,"column":60}},"38":{"start":{"line":92,"column":2},"end":{"line":92,"column":46}},"39":{"start":{"line":96,"column":2},"end":{"line":101,"column":4}}},"fnMap":{"0":{"name":"initTracing","decl":{"start":{"line":14,"column":22},"end":{"line":14,"column":33}},"loc":{"start":{"line":14,"column":36},"end":{"line":55,"column":1}},"line":14},"1":{"name":"startSpan","decl":{"start":{"line":58,"column":16},"end":{"line":58,"column":25}},"loc":{"start":{"line":58,"column":49},"end":{"line":63,"column":1}},"line":58},"2":{"name":"withSpan","decl":{"start":{"line":71,"column":22},"end":{"line":71,"column":30}},"loc":{"start":{"line":71,"column":53},"end":{"line":84,"column":1}},"line":71},"3":{"name":"shutdownTracing","decl":{"start":{"line":87,"column":22},"end":{"line":87,"column":37}},"loc":{"start":{"line":87,"column":40},"end":{"line":93,"column":1}},"line":87},"4":{"name":"(anonymous_4)","decl":{"start":{"line":89,"column":30},"end":{"line":89,"column":31}},"loc":{"start":{"line":90,"column":4},"end":{"line":90,"column":60}},"line":90},"5":{"name":"_noop","decl":{"start":{"line":95,"column":9},"end":{"line":95,"column":14}},"loc":{"start":{"line":95,"column":17},"end":{"line":102,"column":1}},"line":95},"6":{"name":"(anonymous_6)","decl":{"start":{"line":97,"column":21},"end":{"line":97,"column":22}},"loc":{"start":{"line":97,"column":27},"end":{"line":97,"column":29}},"line":97},"7":{"name":"(anonymous_7)","decl":{"start":{"line":98,"column":21},"end":{"line":98,"column":22}},"loc":{"start":{"line":98,"column":27},"end":{"line":98,"column":29}},"line":98},"8":{"name":"(anonymous_8)","decl":{"start":{"line":99,"column":21},"end":{"line":99,"column":22}},"loc":{"start":{"line":99,"column":27},"end":{"line":99,"column":29}},"line":99},"9":{"name":"(anonymous_9)","decl":{"start":{"line":100,"column":21},"end":{"line":100,"column":22}},"loc":{"start":{"line":100,"column":27},"end":{"line":100,"column":29}},"line":100}},"branchMap":{"0":{"loc":{"start":{"line":15,"column":2},"end":{"line":18,"column":3}},"type":"if","locations":[{"start":{"line":15,"column":2},"end":{"line":18,"column":3}},{"start":{},"end":{}}],"line":15},"1":{"loc":{"start":{"line":29,"column":21},"end":{"line":29,"column":73}},"type":"binary-expr","locations":[{"start":{"line":29,"column":21},"end":{"line":29,"column":46}},{"start":{"line":29,"column":50},"end":{"line":29,"column":73}}],"line":29},"2":{"loc":{"start":{"line":58,"column":32},"end":{"line":58,"column":47}},"type":"default-arg","locations":[{"start":{"line":58,"column":45},"end":{"line":58,"column":47}}],"line":58},"3":{"loc":{"start":{"line":59,"column":2},"end":{"line":59,"column":31}},"type":"if","locations":[{"start":{"line":59,"column":2},"end":{"line":59,"column":31}},{"start":{},"end":{}}],"line":59},"4":{"loc":{"start":{"line":61,"column":2},"end":{"line":61,"column":69}},"type":"if","locations":[{"start":{"line":61,"column":2},"end":{"line":61,"column":69}},{"start":{},"end":{}}],"line":61},"5":{"loc":{"start":{"line":88,"column":2},"end":{"line":88,"column":20}},"type":"if","locations":[{"start":{"line":88,"column":2},"end":{"line":88,"column":20}},{"start":{},"end":{}}],"line":88}},"s":{"0":0,"1":0,"2":0,"3":0,"4":0,"5":0,"6":0,"7":0,"8":0,"9":0,"10":0,"11":0,"12":0,"13":0,"14":0,"15":0,"16":0,"17":0,"18":0,"19":0,"20":0,"21":0,"22":0,"23":0,"24":0,"25":0,"26":0,"27":0,"28":0,"29":0,"30":0,"31":0,"32":0,"33":0,"34":0,"35":0,"36":0,"37":0,"38":0,"39":0},"f":{"0":0,"1":0,"2":0,"3":0,"4":0,"5":0,"6":0,"7":0,"8":0,"9":0},"b":{"0":[0,0],"1":[0,0],"2":[0],"3":[0,0],"4":[0,0],"5":[0,0]},"inputSourceMap":null}
,"C:\\Users\\Doualeh\\WOLF_INC-\\src\\features\\admin\\admin.controller.js": {"path":"C:\\Users\\Doualeh\\WOLF_INC-\\src\\features\\admin\\admin.controller.js","statementMap":{"0":{"start":{"line":7,"column":2},"end":{"line":7,"column":26}},"1":{"start":{"line":11,"column":2},"end":{"line":11,"column":53}},"2":{"start":{"line":15,"column":2},"end":{"line":15,"column":47}},"3":{"start":{"line":19,"column":2},"end":{"line":19,"column":24}},"4":{"start":{"line":23,"column":2},"end":{"line":23,"column":25}},"5":{"start":{"line":27,"column":2},"end":{"line":27,"column":53}},"6":{"start":{"line":31,"column":2},"end":{"line":31,"column":24}},"7":{"start":{"line":35,"column":2},"end":{"line":35,"column":37}},"8":{"start":{"line":39,"column":2},"end":{"line":39,"column":44}},"9":{"start":{"line":43,"column":2},"end":{"line":43,"column":25}},"10":{"start":{"line":47,"column":2},"end":{"line":47,"column":44}},"11":{"start":{"line":51,"column":2},"end":{"line":51,"column":15}},"12":{"start":{"line":55,"column":2},"end":{"line":55,"column":15}},"13":{"start":{"line":59,"column":2},"end":{"line":59,"column":27}}},"fnMap":{"0":{"name":"listUsers","decl":{"start":{"line":6,"column":22},"end":{"line":6,"column":31}},"loc":{"start":{"line":6,"column":42},"end":{"line":8,"column":1}},"line":6},"1":{"name":"createUser","decl":{"start":{"line":10,"column":22},"end":{"line":10,"column":32}},"loc":{"start":{"line":10,"column":43},"end":{"line":12,"column":1}},"line":10},"2":{"name":"updateUser","decl":{"start":{"line":14,"column":22},"end":{"line":14,"column":32}},"loc":{"start":{"line":14,"column":43},"end":{"line":16,"column":1}},"line":14},"3":{"name":"deleteUser","decl":{"start":{"line":18,"column":22},"end":{"line":18,"column":32}},"loc":{"start":{"line":18,"column":43},"end":{"line":20,"column":1}},"line":18},"4":{"name":"listApiKeys","decl":{"start":{"line":22,"column":22},"end":{"line":22,"column":33}},"loc":{"start":{"line":22,"column":44},"end":{"line":24,"column":1}},"line":22},"5":{"name":"createApiKey","decl":{"start":{"line":26,"column":22},"end":{"line":26,"column":34}},"loc":{"start":{"line":26,"column":45},"end":{"line":28,"column":1}},"line":26},"6":{"name":"revokeApiKey","decl":{"start":{"line":30,"column":22},"end":{"line":30,"column":34}},"loc":{"start":{"line":30,"column":45},"end":{"line":32,"column":1}},"line":30},"7":{"name":"fetchSecurityLogs","decl":{"start":{"line":34,"column":22},"end":{"line":34,"column":39}},"loc":{"start":{"line":34,"column":50},"end":{"line":36,"column":1}},"line":34},"8":{"name":"triggerCanary","decl":{"start":{"line":38,"column":22},"end":{"line":38,"column":35}},"loc":{"start":{"line":38,"column":46},"end":{"line":40,"column":1}},"line":38},"9":{"name":"promoteCanary","decl":{"start":{"line":42,"column":22},"end":{"line":42,"column":35}},"loc":{"start":{"line":42,"column":46},"end":{"line":44,"column":1}},"line":42},"10":{"name":"rollbackDeploy","decl":{"start":{"line":46,"column":22},"end":{"line":46,"column":36}},"loc":{"start":{"line":46,"column":47},"end":{"line":48,"column":1}},"line":46},"11":{"name":"fetchK8sPods","decl":{"start":{"line":50,"column":22},"end":{"line":50,"column":34}},"loc":{"start":{"line":50,"column":45},"end":{"line":52,"column":1}},"line":50},"12":{"name":"fetchK8sHpa","decl":{"start":{"line":54,"column":22},"end":{"line":54,"column":33}},"loc":{"start":{"line":54,"column":44},"end":{"line":56,"column":1}},"line":54},"13":{"name":"fetchGrafanaPanels","decl":{"start":{"line":58,"column":22},"end":{"line":58,"column":40}},"loc":{"start":{"line":58,"column":51},"end":{"line":60,"column":1}},"line":58}},"branchMap":{},"s":{"0":0,"1":0,"2":0,"3":0,"4":0,"5":0,"6":0,"7":0,"8":0,"9":0,"10":0,"11":0,"12":0,"13":0},"f":{"0":0,"1":0,"2":0,"3":0,"4":0,"5":0,"6":0,"7":0,"8":0,"9":0,"10":0,"11":0,"12":0,"13":0},"b":{},"inputSourceMap":null}
,"C:\\Users\\Doualeh\\WOLF_INC-\\src\\features\\admin\\admin.router.js": {"path":"C:\\Users\\Doualeh\\WOLF_INC-\\src\\features\\admin\\admin.router.js","statementMap":{"0":{"start":{"line":13,"column":27},"end":{"line":13,"column":35}},"1":{"start":{"line":14,"column":18},"end":{"line":14,"column":63}},"2":{"start":{"line":17,"column":0},"end":{"line":17,"column":48}},"3":{"start":{"line":18,"column":0},"end":{"line":18,"column":50}},"4":{"start":{"line":19,"column":0},"end":{"line":19,"column":53}},"5":{"start":{"line":20,"column":0},"end":{"line":20,"column":56}},"6":{"start":{"line":23,"column":0},"end":{"line":23,"column":53}},"7":{"start":{"line":24,"column":0},"end":{"line":24,"column":55}},"8":{"start":{"line":25,"column":0},"end":{"line":25,"column":61}},"9":{"start":{"line":28,"column":0},"end":{"line":28,"column":64}},"10":{"start":{"line":31,"column":0},"end":{"line":31,"column":61}},"11":{"start":{"line":32,"column":0},"end":{"line":32,"column":62}},"12":{"start":{"line":33,"column":0},"end":{"line":33,"column":64}},"13":{"start":{"line":36,"column":0},"end":{"line":36,"column":54}},"14":{"start":{"line":37,"column":0},"end":{"line":37,"column":52}},"15":{"start":{"line":40,"column":0},"end":{"line":40,"column":80}}},"fnMap":{},"branchMap":{},"s":{"0":0,"1":0,"2":0,"3":0,"4":0,"5":0,"6":0,"7":0,"8":0,"9":0,"10":0,"11":0,"12":0,"13":0,"14":0,"15":0},"f":{},"b":{},"inputSourceMap":null}
,"C:\\Users\\Doualeh\\WOLF_INC-\\src\\features\\agent\\agent.service.js": {"path":"C:\\Users\\Doualeh\\WOLF_INC-\\src\\features\\agent\\agent.service.js","statementMap":{"0":{"start":{"line":12,"column":12},"end":{"line":12,"column":32}},"1":{"start":{"line":15,"column":14},"end":{"line":15,"column":47}},"2":{"start":{"line":17,"column":0},"end":{"line":17,"column":83}},"3":{"start":{"line":28,"column":18},"end":{"line":28,"column":51}},"4":{"start":{"line":29,"column":18},"end":{"line":29,"column":53}},"5":{"start":{"line":30,"column":18},"end":{"line":30,"column":24}},"6":{"start":{"line":32,"column":2},"end":{"line":43,"column":3}},"7":{"start":{"line":33,"column":19},"end":{"line":33,"column":67}},"8":{"start":{"line":34,"column":4},"end":{"line":34,"column":74}},"9":{"start":{"line":35,"column":4},"end":{"line":35,"column":18}},"10":{"start":{"line":37,"column":4},"end":{"line":37,"column":22}},"11":{"start":{"line":38,"column":4},"end":{"line":38,"column":77}},"12":{"start":{"line":39,"column":4},"end":{"line":39,"column":78}},"13":{"start":{"line":40,"column":4},"end":{"line":40,"column":14}},"14":{"start":{"line":42,"column":4},"end":{"line":42,"column":23}},"15":{"start":{"line":49,"column":24},"end":{"line":49,"column":39}},"16":{"start":{"line":50,"column":24},"end":{"line":50,"column":39}},"17":{"start":{"line":52,"column":2},"end":{"line":103,"column":3}},"18":{"start":{"line":54,"column":6},"end":{"line":55,"column":88}},"19":{"start":{"line":55,"column":8},"end":{"line":55,"column":88}},"20":{"start":{"line":56,"column":20},"end":{"line":60,"column":8}},"21":{"start":{"line":61,"column":6},"end":{"line":61,"column":112}},"22":{"start":{"line":65,"column":21},"end":{"line":65,"column":52}},"23":{"start":{"line":66,"column":6},"end":{"line":66,"column":87}},"24":{"start":{"line":66,"column":26},"end":{"line":66,"column":87}},"25":{"start":{"line":68,"column":19},"end":{"line":68,"column":93}},"26":{"start":{"line":69,"column":6},"end":{"line":69,"column":88}},"27":{"start":{"line":69,"column":30},"end":{"line":69,"column":88}},"28":{"start":{"line":70,"column":6},"end":{"line":70,"column":54}},"29":{"start":{"line":70,"column":19},"end":{"line":70,"column":54}},"30":{"start":{"line":72,"column":6},"end":{"line":72,"column":54}},"31":{"start":{"line":73,"column":6},"end":{"line":73,"column":113}},"32":{"start":{"line":77,"column":21},"end":{"line":77,"column":52}},"33":{"start":{"line":78,"column":6},"end":{"line":78,"column":88}},"34":{"start":{"line":78,"column":26},"end":{"line":78,"column":88}},"35":{"start":{"line":80,"column":19},"end":{"line":80,"column":93}},"36":{"start":{"line":81,"column":6},"end":{"line":81,"column":88}},"37":{"start":{"line":81,"column":30},"end":{"line":81,"column":88}},"38":{"start":{"line":82,"column":6},"end":{"line":82,"column":54}},"39":{"start":{"line":82,"column":19},"end":{"line":82,"column":54}},"40":{"start":{"line":84,"column":20},"end":{"line":84,"column":22}},"41":{"start":{"line":85,"column":6},"end":{"line":85,"column":55}},"42":{"start":{"line":85,"column":25},"end":{"line":85,"column":55}},"43":{"start":{"line":86,"column":6},"end":{"line":86,"column":55}},"44":{"start":{"line":86,"column":25},"end":{"line":86,"column":55}},"45":{"start":{"line":87,"column":6},"end":{"line":87,"column":49}},"46":{"start":{"line":87,"column":25},"end":{"line":87,"column":49}},"47":{"start":{"line":89,"column":22},"end":{"line":89,"column":72}},"48":{"start":{"line":90,"column":22},"end":{"line":90,"column":39}},"49":{"start":{"line":91,"column":6},"end":{"line":91,"column":105}},"50":{"start":{"line":95,"column":21},"end":{"line":95,"column":52}},"51":{"start":{"line":96,"column":6},"end":{"line":96,"column":89}},"52":{"start":{"line":96,"column":26},"end":{"line":96,"column":89}},"53":{"start":{"line":97,"column":19},"end":{"line":97,"column":88}},"54":{"start":{"line":97,"column":35},"end":{"line":97,"column":76}},"55":{"start":{"line":98,"column":6},"end":{"line":98,"column":65}},"56":{"start":{"line":102,"column":6},"end":{"line":102,"column":80}}},"fnMap":{"0":{"name":"dispatch","decl":{"start":{"line":27,"column":22},"end":{"line":27,"column":30}},"loc":{"start":{"line":27,"column":62},"end":{"line":44,"column":1}},"line":27},"1":{"name":"_handle","decl":{"start":{"line":48,"column":15},"end":{"line":48,"column":22}},"loc":{"start":{"line":48,"column":83},"end":{"line":104,"column":1}},"line":48},"2":{"name":"(anonymous_2)","decl":{"start":{"line":97,"column":30},"end":{"line":97,"column":31}},"loc":{"start":{"line":97,"column":35},"end":{"line":97,"column":76}},"line":97}},"branchMap":{"0":{"loc":{"start":{"line":15,"column":14},"end":{"line":15,"column":47}},"type":"cond-expr","locations":[{"start":{"line":15,"column":28},"end":{"line":15,"column":35}},{"start":{"line":15,"column":38},"end":{"line":15,"column":47}}],"line":15},"1":{"loc":{"start":{"line":17,"column":20},"end":{"line":17,"column":55}},"type":"cond-expr","locations":[{"start":{"line":17,"column":34},"end":{"line":17,"column":46}},{"start":{"line":17,"column":49},"end":{"line":17,"column":55}}],"line":17},"2":{"loc":{"start":{"line":27,"column":42},"end":{"line":27,"column":60}},"type":"default-arg","locations":[{"start":{"line":27,"column":52},"end":{"line":27,"column":60}}],"line":27},"3":{"loc":{"start":{"line":34,"column":42},"end":{"line":34,"column":70}},"type":"cond-expr","locations":[{"start":{"line":34,"column":54},"end":{"line":34,"column":60}},{"start":{"line":34,"column":63},"end":{"line":34,"column":70}}],"line":34},"4":{"loc":{"start":{"line":38,"column":52},"end":{"line":38,"column":73}},"type":"binary-expr","locations":[{"start":{"line":38,"column":52},"end":{"line":38,"column":60}},{"start":{"line":38,"column":64},"end":{"line":38,"column":73}}],"line":38},"5":{"loc":{"start":{"line":49,"column":24},"end":{"line":49,"column":39}},"type":"binary-expr","locations":[{"start":{"line":49,"column":24},"end":{"line":49,"column":31}},{"start":{"line":49,"column":35},"end":{"line":49,"column":39}}],"line":49},"6":{"loc":{"start":{"line":50,"column":24},"end":{"line":50,"column":39}},"type":"binary-expr","locations":[{"start":{"line":50,"column":24},"end":{"line":50,"column":31}},{"start":{"line":50,"column":35},"end":{"line":50,"column":39}}],"line":50},"7":{"loc":{"start":{"line":52,"column":2},"end":{"line":103,"column":3}},"type":"switch","locations":[{"start":{"line":53,"column":4},"end":{"line":62,"column":5}},{"start":{"line":64,"column":4},"end":{"line":74,"column":5}},{"start":{"line":76,"column":4},"end":{"line":92,"column":5}},{"start":{"line":94,"column":4},"end":{"line":99,"column":5}},{"start":{"line":101,"column":4},"end":{"line":102,"column":80}}],"line":52},"8":{"loc":{"start":{"line":54,"column":6},"end":{"line":55,"column":88}},"type":"if","locations":[{"start":{"line":54,"column":6},"end":{"line":55,"column":88}},{"start":{},"end":{}}],"line":54},"9":{"loc":{"start":{"line":57,"column":17},"end":{"line":57,"column":41}},"type":"binary-expr","locations":[{"start":{"line":57,"column":17},"end":{"line":57,"column":24}},{"start":{"line":57,"column":28},"end":{"line":57,"column":41}}],"line":57},"10":{"loc":{"start":{"line":59,"column":17},"end":{"line":59,"column":41}},"type":"binary-expr","locations":[{"start":{"line":59,"column":17},"end":{"line":59,"column":30}},{"start":{"line":59,"column":34},"end":{"line":59,"column":41}}],"line":59},"11":{"loc":{"start":{"line":66,"column":6},"end":{"line":66,"column":87}},"type":"if","locations":[{"start":{"line":66,"column":6},"end":{"line":66,"column":87}},{"start":{},"end":{}}],"line":66},"12":{"loc":{"start":{"line":68,"column":19},"end":{"line":68,"column":93}},"type":"cond-expr","locations":[{"start":{"line":68,"column":35},"end":{"line":68,"column":86}},{"start":{"line":68,"column":89},"end":{"line":68,"column":93}}],"line":68},"13":{"loc":{"start":{"line":69,"column":6},"end":{"line":69,"column":88}},"type":"if","locations":[{"start":{"line":69,"column":6},"end":{"line":69,"column":88}},{"start":{},"end":{}}],"line":69},"14":{"loc":{"start":{"line":69,"column":10},"end":{"line":69,"column":28}},"type":"binary-expr","locations":[{"start":{"line":69,"column":10},"end":{"line":69,"column":17}},{"start":{"line":69,"column":21},"end":{"line":69,"column":28}}],"line":69},"15":{"loc":{"start":{"line":70,"column":6},"end":{"line":70,"column":54}},"type":"if","locations":[{"start":{"line":70,"column":6},"end":{"line":70,"column":54}},{"start":{},"end":{}}],"line":70},"16":{"loc":{"start":{"line":78,"column":6},"end":{"line":78,"column":88}},"type":"if","locations":[{"start":{"line":78,"column":6},"end":{"line":78,"column":88}},{"start":{},"end":{}}],"line":78},"17":{"loc":{"start":{"line":80,"column":19},"end":{"line":80,"column":93}},"type":"cond-expr","locations":[{"start":{"line":80,"column":35},"end":{"line":80,"column":86}},{"start":{"line":80,"column":89},"end":{"line":80,"column":93}}],"line":80},"18":{"loc":{"start":{"line":81,"column":6},"end":{"line":81,"column":88}},"type":"if","locations":[{"start":{"line":81,"column":6},"end":{"line":81,"column":88}},{"start":{},"end":{}}],"line":81},"19":{"loc":{"start":{"line":81,"column":10},"end":{"line":81,"column":28}},"type":"binary-expr","locations":[{"start":{"line":81,"column":10},"end":{"line":81,"column":17}},{"start":{"line":81,"column":21},"end":{"line":81,"column":28}}],"line":81},"20":{"loc":{"start":{"line":82,"column":6},"end":{"line":82,"column":54}},"type":"if","locations":[{"start":{"line":82,"column":6},"end":{"line":82,"column":54}},{"start":{},"end":{}}],"line":82},"21":{"loc":{"start":{"line":85,"column":6},"end":{"line":85,"column":55}},"type":"if","locations":[{"start":{"line":85,"column":6},"end":{"line":85,"column":55}},{"start":{},"end":{}}],"line":85},"22":{"loc":{"start":{"line":86,"column":6},"end":{"line":86,"column":55}},"type":"if","locations":[{"start":{"line":86,"column":6},"end":{"line":86,"column":55}},{"start":{},"end":{}}],"line":86},"23":{"loc":{"start":{"line":87,"column":6},"end":{"line":87,"column":49}},"type":"if","locations":[{"start":{"line":87,"column":6},"end":{"line":87,"column":49}},{"start":{},"end":{}}],"line":87},"24":{"loc":{"start":{"line":90,"column":22},"end":{"line":90,"column":39}},"type":"binary-expr","locations":[{"start":{"line":90,"column":22},"end":{"line":90,"column":29}},{"start":{"line":90,"column":33},"end":{"line":90,"column":39}}],"line":90},"25":{"loc":{"start":{"line":96,"column":6},"end":{"line":96,"column":89}},"type":"if","locations":[{"start":{"line":96,"column":6},"end":{"line":96,"column":89}},{"start":{},"end":{}}],"line":96}},"s":{"0":0,"1":0,"2":0,"3":0,"4":0,"5":0,"6":0,"7":0,"8":0,"9":0,"10":0,"11":0,"12":0,"13":0,"14":0,"15":0,"16":0,"17":0,"18":0,"19":0,"20":0,"21":0,"22":0,"23":0,"24":0,"25":0,"26":0,"27":0,"28":0,"29":0,"30":0,"31":0,"32":0,"33":0,"34":0,"35":0,"36":0,"37":0,"38":0,"39":0,"40":0,"41":0,"42":0,"43":0,"44":0,"45":0,"46":0,"47":0,"48":0,"49":0,"50":0,"51":0,"52":0,"53":0,"54":0,"55":0,"56":0},"f":{"0":0,"1":0,"2":0},"b":{"0":[0,0],"1":[0,0],"2":[0],"3":[0,0],"4":[0,0],"5":[0,0],"6":[0,0],"7":[0,0,0,0,0],"8":[0,0],"9":[0,0],"10":[0,0],"11":[0,0],"12":[0,0],"13":[0,0],"14":[0,0],"15":[0,0],"16":[0,0],"17":[0,0],"18":[0,0],"19":[0,0],"20":[0,0],"21":[0,0],"22":[0,0],"23":[0,0],"24":[0,0],"25":[0,0]},"inputSourceMap":null}
,"C:\\Users\\Doualeh\\WOLF_INC-\\src\\features\\agent\\db.store.js": {"path":"C:\\Users\\Doualeh\\WOLF_INC-\\src\\features\\agent\\db.store.js","statementMap":{"0":{"start":{"line":9,"column":12},"end":{"line":9,"column":35}},"1":{"start":{"line":11,"column":14},"end":{"line":11,"column":22}},"2":{"start":{"line":16,"column":2},"end":{"line":19,"column":45}},"3":{"start":{"line":23,"column":18},"end":{"line":25,"column":49}},"4":{"start":{"line":26,"column":2},"end":{"line":26,"column":26}},"5":{"start":{"line":27,"column":2},"end":{"line":27,"column":65}},"6":{"start":{"line":28,"column":2},"end":{"line":28,"column":15}},"7":{"start":{"line":32,"column":2},"end":{"line":34,"column":52}},"8":{"start":{"line":38,"column":2},"end":{"line":41,"column":52}},"9":{"start":{"line":45,"column":16},"end":{"line":47,"column":40}},"10":{"start":{"line":48,"column":2},"end":{"line":51,"column":3}},"11":{"start":{"line":49,"column":4},"end":{"line":49,"column":28}},"12":{"start":{"line":50,"column":4},"end":{"line":50,"column":66}},"13":{"start":{"line":52,"column":2},"end":{"line":52,"column":19}},"14":{"start":{"line":56,"column":18},"end":{"line":56,"column":20}},"15":{"start":{"line":57,"column":2},"end":{"line":57,"column":50}},"16":{"start":{"line":57,"column":21},"end":{"line":57,"column":50}},"17":{"start":{"line":58,"column":2},"end":{"line":58,"column":50}},"18":{"start":{"line":58,"column":21},"end":{"line":58,"column":50}},"19":{"start":{"line":59,"column":2},"end":{"line":59,"column":53}},"20":{"start":{"line":59,"column":21},"end":{"line":59,"column":53}},"21":{"start":{"line":61,"column":20},"end":{"line":64,"column":49}},"22":{"start":{"line":66,"column":2},"end":{"line":66,"column":72}},"23":{"start":{"line":66,"column":15},"end":{"line":66,"column":72}},"24":{"start":{"line":67,"column":2},"end":{"line":67,"column":25}},"25":{"start":{"line":71,"column":22},"end":{"line":71,"column":82}},"26":{"start":{"line":72,"column":2},"end":{"line":72,"column":23}}},"fnMap":{"0":{"name":"listEvents","decl":{"start":{"line":15,"column":22},"end":{"line":15,"column":32}},"loc":{"start":{"line":15,"column":42},"end":{"line":20,"column":1}},"line":15},"1":{"name":"createEvent","decl":{"start":{"line":22,"column":22},"end":{"line":22,"column":33}},"loc":{"start":{"line":22,"column":68},"end":{"line":29,"column":1}},"line":22},"2":{"name":"findEventByDate","decl":{"start":{"line":31,"column":22},"end":{"line":31,"column":37}},"loc":{"start":{"line":31,"column":53},"end":{"line":35,"column":1}},"line":31},"3":{"name":"findEventBySubject","decl":{"start":{"line":37,"column":22},"end":{"line":37,"column":40}},"loc":{"start":{"line":37,"column":59},"end":{"line":42,"column":1}},"line":37},"4":{"name":"softDeleteEvent","decl":{"start":{"line":44,"column":22},"end":{"line":44,"column":37}},"loc":{"start":{"line":44,"column":51},"end":{"line":53,"column":1}},"line":44},"5":{"name":"updateEvent","decl":{"start":{"line":55,"column":22},"end":{"line":55,"column":33}},"loc":{"start":{"line":55,"column":54},"end":{"line":68,"column":1}},"line":55},"6":{"name":"getTotalCount","decl":{"start":{"line":70,"column":22},"end":{"line":70,"column":35}},"loc":{"start":{"line":70,"column":38},"end":{"line":73,"column":1}},"line":70}},"branchMap":{"0":{"loc":{"start":{"line":24,"column":42},"end":{"line":24,"column":66}},"type":"binary-expr","locations":[{"start":{"line":24,"column":42},"end":{"line":24,"column":49}},{"start":{"line":24,"column":53},"end":{"line":24,"column":66}}],"line":24},"1":{"loc":{"start":{"line":32,"column":9},"end":{"line":34,"column":51}},"type":"binary-expr","locations":[{"start":{"line":32,"column":9},"end":{"line":34,"column":43}},{"start":{"line":34,"column":47},"end":{"line":34,"column":51}}],"line":32},"2":{"loc":{"start":{"line":38,"column":9},"end":{"line":41,"column":51}},"type":"binary-expr","locations":[{"start":{"line":38,"column":9},"end":{"line":41,"column":43}},{"start":{"line":41,"column":47},"end":{"line":41,"column":51}}],"line":38},"3":{"loc":{"start":{"line":48,"column":2},"end":{"line":51,"column":3}},"type":"if","locations":[{"start":{"line":48,"column":2},"end":{"line":51,"column":3}},{"start":{},"end":{}}],"line":48},"4":{"loc":{"start":{"line":57,"column":2},"end":{"line":57,"column":50}},"type":"if","locations":[{"start":{"line":57,"column":2},"end":{"line":57,"column":50}},{"start":{},"end":{}}],"line":57},"5":{"loc":{"start":{"line":58,"column":2},"end":{"line":58,"column":50}},"type":"if","locations":[{"start":{"line":58,"column":2},"end":{"line":58,"column":50}},{"start":{},"end":{}}],"line":58},"6":{"loc":{"start":{"line":59,"column":2},"end":{"line":59,"column":53}},"type":"if","locations":[{"start":{"line":59,"column":2},"end":{"line":59,"column":53}},{"start":{},"end":{}}],"line":59},"7":{"loc":{"start":{"line":66,"column":2},"end":{"line":66,"column":72}},"type":"if","locations":[{"start":{"line":66,"column":2},"end":{"line":66,"column":72}},{"start":{},"end":{}}],"line":66},"8":{"loc":{"start":{"line":67,"column":9},"end":{"line":67,"column":24}},"type":"binary-expr","locations":[{"start":{"line":67,"column":9},"end":{"line":67,"column":16}},{"start":{"line":67,"column":20},"end":{"line":67,"column":24}}],"line":67}},"s":{"0":0,"1":0,"2":0,"3":0,"4":0,"5":0,"6":0,"7":0,"8":0,"9":0,"10":0,"11":0,"12":0,"13":0,"14":0,"15":0,"16":0,"17":0,"18":0,"19":0,"20":0,"21":0,"22":0,"23":0,"24":0,"25":0,"26":0},"f":{"0":0,"1":0,"2":0,"3":0,"4":0,"5":0,"6":0},"b":{"0":[0,0],"1":[0,0],"2":[0,0],"3":[0,0],"4":[0,0],"5":[0,0],"6":[0,0],"7":[0,0],"8":[0,0]},"inputSourceMap":null}
,"C:\\Users\\Doualeh\\WOLF_INC-\\src\\features\\agent\\intent.normalizer.js": {"path":"C:\\Users\\Doualeh\\WOLF_INC-\\src\\features\\agent\\intent.normalizer.js","statementMap":{"0":{"start":{"line":5,"column":17},"end":{"line":10,"column":1}},"1":{"start":{"line":18,"column":2},"end":{"line":18,"column":29}},"2":{"start":{"line":18,"column":12},"end":{"line":18,"column":29}},"3":{"start":{"line":20,"column":21},"end":{"line":23,"column":36}},"4":{"start":{"line":25,"column":2},"end":{"line":27,"column":3}},"5":{"start":{"line":26,"column":4},"end":{"line":26,"column":43}},"6":{"start":{"line":26,"column":29},"end":{"line":26,"column":43}},"7":{"start":{"line":28,"column":2},"end":{"line":28,"column":19}}},"fnMap":{"0":{"name":"normalizeIntent","decl":{"start":{"line":17,"column":16},"end":{"line":17,"column":31}},"loc":{"start":{"line":17,"column":37},"end":{"line":29,"column":1}},"line":17}},"branchMap":{"0":{"loc":{"start":{"line":18,"column":2},"end":{"line":18,"column":29}},"type":"if","locations":[{"start":{"line":18,"column":2},"end":{"line":18,"column":29}},{"start":{},"end":{}}],"line":18},"1":{"loc":{"start":{"line":26,"column":4},"end":{"line":26,"column":43}},"type":"if","locations":[{"start":{"line":26,"column":4},"end":{"line":26,"column":43}},{"start":{},"end":{}}],"line":26}},"s":{"0":0,"1":0,"2":0,"3":0,"4":0,"5":0,"6":0,"7":0},"f":{"0":0},"b":{"0":[0,0],"1":[0,0]},"inputSourceMap":null}
,"C:\\Users\\Doualeh\\WOLF_INC-\\src\\features\\agent\\json.store.js": {"path":"C:\\Users\\Doualeh\\WOLF_INC-\\src\\features\\agent\\json.store.js","statementMap":{"0":{"start":{"line":13,"column":12},"end":{"line":13,"column":37}},"1":{"start":{"line":15,"column":19},"end":{"line":15,"column":46}},"2":{"start":{"line":16,"column":19},"end":{"line":16,"column":36}},"3":{"start":{"line":21,"column":14},"end":{"line":21,"column":33}},"4":{"start":{"line":22,"column":2},"end":{"line":22,"column":60}},"5":{"start":{"line":22,"column":24},"end":{"line":22,"column":60}},"6":{"start":{"line":26,"column":2},"end":{"line":32,"column":3}},"7":{"start":{"line":27,"column":4},"end":{"line":27,"column":17}},"8":{"start":{"line":28,"column":41},"end":{"line":28,"column":85}},"9":{"start":{"line":29,"column":4},"end":{"line":29,"column":63}},"10":{"start":{"line":31,"column":4},"end":{"line":31,"column":44}},"11":{"start":{"line":35,"column":50},"end":{"line":35,"column":57}},"12":{"start":{"line":36,"column":15},"end":{"line":36,"column":28}},"13":{"start":{"line":38,"column":15},"end":{"line":45,"column":16}},"14":{"start":{"line":39,"column":2},"end":{"line":39,"column":15}},"15":{"start":{"line":40,"column":2},"end":{"line":44,"column":4}},"16":{"start":{"line":48,"column":14},"end":{"line":48,"column":68}},"17":{"start":{"line":48,"column":52},"end":{"line":48,"column":64}},"18":{"start":{"line":49,"column":0},"end":{"line":49,"column":29}},"19":{"start":{"line":51,"column":0},"end":{"line":51,"column":87}},"20":{"start":{"line":56,"column":2},"end":{"line":56,"column":52}},"21":{"start":{"line":56,"column":28},"end":{"line":56,"column":52}},"22":{"start":{"line":57,"column":2},"end":{"line":57,"column":29}},"23":{"start":{"line":61,"column":2},"end":{"line":64,"column":5}},"24":{"start":{"line":62,"column":4},"end":{"line":62,"column":61}},"25":{"start":{"line":63,"column":4},"end":{"line":63,"column":72}},"26":{"start":{"line":70,"column":2},"end":{"line":72,"column":4}},"27":{"start":{"line":71,"column":14},"end":{"line":71,"column":74}},"28":{"start":{"line":76,"column":17},"end":{"line":76,"column":37}},"29":{"start":{"line":77,"column":16},"end":{"line":77,"column":81}},"30":{"start":{"line":78,"column":2},"end":{"line":78,"column":21}},"31":{"start":{"line":79,"column":2},"end":{"line":79,"column":79}},"32":{"start":{"line":79,"column":34},"end":{"line":79,"column":79}},"33":{"start":{"line":80,"column":2},"end":{"line":80,"column":26}},"34":{"start":{"line":81,"column":2},"end":{"line":81,"column":16}},"35":{"start":{"line":82,"column":2},"end":{"line":82,"column":67}},"36":{"start":{"line":83,"column":2},"end":{"line":83,"column":15}},"37":{"start":{"line":87,"column":2},"end":{"line":87,"column":65}},"38":{"start":{"line":87,"column":40},"end":{"line":87,"column":55}},"39":{"start":{"line":91,"column":16},"end":{"line":91,"column":37}},"40":{"start":{"line":92,"column":2},"end":{"line":92,"column":89}},"41":{"start":{"line":92,"column":40},"end":{"line":92,"column":79}},"42":{"start":{"line":96,"column":17},"end":{"line":96,"column":37}},"43":{"start":{"line":97,"column":17},"end":{"line":97,"column":51}},"44":{"start":{"line":97,"column":39},"end":{"line":97,"column":50}},"45":{"start":{"line":98,"column":2},"end":{"line":98,"column":30}},"46":{"start":{"line":98,"column":18},"end":{"line":98,"column":30}},"47":{"start":{"line":99,"column":20},"end":{"line":99,"column":41}},"48":{"start":{"line":100,"column":2},"end":{"line":100,"column":26}},"49":{"start":{"line":101,"column":2},"end":{"line":101,"column":16}},"50":{"start":{"line":102,"column":2},"end":{"line":102,"column":61}},"51":{"start":{"line":103,"column":2},"end":{"line":103,"column":17}},"52":{"start":{"line":107,"column":17},"end":{"line":107,"column":37}},"53":{"start":{"line":108,"column":17},"end":{"line":108,"column":46}},"54":{"start":{"line":108,"column":34},"end":{"line":108,"column":45}},"55":{"start":{"line":109,"column":2},"end":{"line":109,"column":27}},"56":{"start":{"line":109,"column":15},"end":{"line":109,"column":27}},"57":{"start":{"line":110,"column":2},"end":{"line":110,"column":31}},"58":{"start":{"line":111,"column":2},"end":{"line":111,"column":16}},"59":{"start":{"line":112,"column":2},"end":{"line":112,"column":61}},"60":{"start":{"line":113,"column":2},"end":{"line":113,"column":16}},"61":{"start":{"line":117,"column":2},"end":{"line":117,"column":64}},"62":{"start":{"line":117,"column":47},"end":{"line":117,"column":59}}},"fnMap":{"0":{"name":"_ensureDir","decl":{"start":{"line":20,"column":9},"end":{"line":20,"column":19}},"loc":{"start":{"line":20,"column":22},"end":{"line":23,"column":1}},"line":20},"1":{"name":"_load","decl":{"start":{"line":25,"column":9},"end":{"line":25,"column":14}},"loc":{"start":{"line":25,"column":17},"end":{"line":33,"column":1}},"line":25},"2":{"name":"(anonymous_2)","decl":{"start":{"line":38,"column":30},"end":{"line":38,"column":31}},"loc":{"start":{"line":38,"column":42},"end":{"line":45,"column":1}},"line":38},"3":{"name":"(anonymous_3)","decl":{"start":{"line":48,"column":42},"end":{"line":48,"column":43}},"loc":{"start":{"line":48,"column":52},"end":{"line":48,"column":64}},"line":48},"4":{"name":"_userEvents","decl":{"start":{"line":55,"column":9},"end":{"line":55,"column":20}},"loc":{"start":{"line":55,"column":30},"end":{"line":58,"column":1}},"line":55},"5":{"name":"_save","decl":{"start":{"line":60,"column":9},"end":{"line":60,"column":14}},"loc":{"start":{"line":60,"column":17},"end":{"line":65,"column":1}},"line":60},"6":{"name":"(anonymous_6)","decl":{"start":{"line":61,"column":32},"end":{"line":61,"column":33}},"loc":{"start":{"line":61,"column":39},"end":{"line":64,"column":3}},"line":61},"7":{"name":"listEvents","decl":{"start":{"line":69,"column":22},"end":{"line":69,"column":32}},"loc":{"start":{"line":69,"column":42},"end":{"line":73,"column":1}},"line":69},"8":{"name":"(anonymous_8)","decl":{"start":{"line":71,"column":4},"end":{"line":71,"column":5}},"loc":{"start":{"line":71,"column":14},"end":{"line":71,"column":74}},"line":71},"9":{"name":"createEvent","decl":{"start":{"line":75,"column":22},"end":{"line":75,"column":33}},"loc":{"start":{"line":75,"column":68},"end":{"line":84,"column":1}},"line":75},"10":{"name":"findEventByDate","decl":{"start":{"line":86,"column":22},"end":{"line":86,"column":37}},"loc":{"start":{"line":86,"column":53},"end":{"line":88,"column":1}},"line":86},"11":{"name":"(anonymous_11)","decl":{"start":{"line":87,"column":35},"end":{"line":87,"column":36}},"loc":{"start":{"line":87,"column":40},"end":{"line":87,"column":55}},"line":87},"12":{"name":"findEventBySubject","decl":{"start":{"line":90,"column":22},"end":{"line":90,"column":40}},"loc":{"start":{"line":90,"column":59},"end":{"line":93,"column":1}},"line":90},"13":{"name":"(anonymous_13)","decl":{"start":{"line":92,"column":35},"end":{"line":92,"column":36}},"loc":{"start":{"line":92,"column":40},"end":{"line":92,"column":79}},"line":92},"14":{"name":"softDeleteEvent","decl":{"start":{"line":95,"column":22},"end":{"line":95,"column":37}},"loc":{"start":{"line":95,"column":51},"end":{"line":104,"column":1}},"line":95},"15":{"name":"(anonymous_15)","decl":{"start":{"line":97,"column":34},"end":{"line":97,"column":35}},"loc":{"start":{"line":97,"column":39},"end":{"line":97,"column":50}},"line":97},"16":{"name":"updateEvent","decl":{"start":{"line":106,"column":22},"end":{"line":106,"column":33}},"loc":{"start":{"line":106,"column":54},"end":{"line":114,"column":1}},"line":106},"17":{"name":"(anonymous_17)","decl":{"start":{"line":108,"column":29},"end":{"line":108,"column":30}},"loc":{"start":{"line":108,"column":34},"end":{"line":108,"column":45}},"line":108},"18":{"name":"getTotalCount","decl":{"start":{"line":116,"column":22},"end":{"line":116,"column":35}},"loc":{"start":{"line":116,"column":38},"end":{"line":118,"column":1}},"line":116},"19":{"name":"(anonymous_19)","decl":{"start":{"line":117,"column":37},"end":{"line":117,"column":38}},"loc":{"start":{"line":117,"column":47},"end":{"line":117,"column":59}},"line":117}},"branchMap":{"0":{"loc":{"start":{"line":22,"column":2},"end":{"line":22,"column":60}},"type":"if","locations":[{"start":{"line":22,"column":2},"end":{"line":22,"column":60}},{"start":{},"end":{}}],"line":22},"1":{"loc":{"start":{"line":28,"column":12},"end":{"line":28,"column":23}},"type":"default-arg","locations":[{"start":{"line":28,"column":21},"end":{"line":28,"column":23}}],"line":28},"2":{"loc":{"start":{"line":28,"column":25},"end":{"line":28,"column":36}},"type":"default-arg","locations":[{"start":{"line":28,"column":35},"end":{"line":28,"column":36}}],"line":28},"3":{"loc":{"start":{"line":56,"column":2},"end":{"line":56,"column":52}},"type":"if","locations":[{"start":{"line":56,"column":2},"end":{"line":56,"column":52}},{"start":{},"end":{}}],"line":56},"4":{"loc":{"start":{"line":71,"column":14},"end":{"line":71,"column":74}},"type":"binary-expr","locations":[{"start":{"line":71,"column":14},"end":{"line":71,"column":42}},{"start":{"line":71,"column":46},"end":{"line":71,"column":74}}],"line":71},"5":{"loc":{"start":{"line":77,"column":43},"end":{"line":77,"column":67}},"type":"binary-expr","locations":[{"start":{"line":77,"column":43},"end":{"line":77,"column":50}},{"start":{"line":77,"column":54},"end":{"line":77,"column":67}}],"line":77},"6":{"loc":{"start":{"line":79,"column":2},"end":{"line":79,"column":79}},"type":"if","locations":[{"start":{"line":79,"column":2},"end":{"line":79,"column":79}},{"start":{},"end":{}}],"line":79},"7":{"loc":{"start":{"line":87,"column":9},"end":{"line":87,"column":64}},"type":"binary-expr","locations":[{"start":{"line":87,"column":9},"end":{"line":87,"column":56}},{"start":{"line":87,"column":60},"end":{"line":87,"column":64}}],"line":87},"8":{"loc":{"start":{"line":92,"column":9},"end":{"line":92,"column":88}},"type":"binary-expr","locations":[{"start":{"line":92,"column":9},"end":{"line":92,"column":80}},{"start":{"line":92,"column":84},"end":{"line":92,"column":88}}],"line":92},"9":{"loc":{"start":{"line":98,"column":2},"end":{"line":98,"column":30}},"type":"if","locations":[{"start":{"line":98,"column":2},"end":{"line":98,"column":30}},{"start":{},"end":{}}],"line":98},"10":{"loc":{"start":{"line":109,"column":2},"end":{"line":109,"column":27}},"type":"if","locations":[{"start":{"line":109,"column":2},"end":{"line":109,"column":27}},{"start":{},"end":{}}],"line":109}},"s":{"0":0,"1":0,"2":0,"3":0,"4":0,"5":0,"6":0,"7":0,"8":0,"9":0,"10":0,"11":0,"12":0,"13":0,"14":0,"15":0,"16":0,"17":0,"18":0,"19":0,"20":0,"21":0,"22":0,"23":0,"24":0,"25":0,"26":0,"27":0,"28":0,"29":0,"30":0,"31":0,"32":0,"33":0,"34":0,"35":0,"36":0,"37":0,"38":0,"39":0,"40":0,"41":0,"42":0,"43":0,"44":0,"45":0,"46":0,"47":0,"48":0,"49":0,"50":0,"51":0,"52":0,"53":0,"54":0,"55":0,"56":0,"57":0,"58":0,"59":0,"60":0,"61":0,"62":0},"f":{"0":0,"1":0,"2":0,"3":0,"4":0,"5":0,"6":0,"7":0,"8":0,"9":0,"10":0,"11":0,"12":0,"13":0,"14":0,"15":0,"16":0,"17":0,"18":0,"19":0},"b":{"0":[0,0],"1":[0],"2":[0],"3":[0,0],"4":[0,0],"5":[0,0],"6":[0,0],"7":[0,0],"8":[0,0],"9":[0,0],"10":[0,0]},"inputSourceMap":null}
,"C:\\Users\\Doualeh\\WOLF_INC-\\src\\features\\agent\\write-queue.js": {"path":"C:\\Users\\Doualeh\\WOLF_INC-\\src\\features\\agent\\write-queue.js","statementMap":{"0":{"start":{"line":8,"column":12},"end":{"line":8,"column":38}},"1":{"start":{"line":16,"column":4},"end":{"line":16,"column":89}},"2":{"start":{"line":16,"column":39},"end":{"line":16,"column":89}},"3":{"start":{"line":17,"column":4},"end":{"line":17,"column":29}},"4":{"start":{"line":18,"column":4},"end":{"line":18,"column":26}},"5":{"start":{"line":19,"column":4},"end":{"line":19,"column":27}},"6":{"start":{"line":20,"column":4},"end":{"line":20,"column":27}},"7":{"start":{"line":28,"column":4},"end":{"line":33,"column":5}},"8":{"start":{"line":31,"column":6},"end":{"line":31,"column":27}},"9":{"start":{"line":32,"column":6},"end":{"line":32,"column":34}},"10":{"start":{"line":34,"column":4},"end":{"line":34,"column":39}},"11":{"start":{"line":35,"column":4},"end":{"line":35,"column":32}},"12":{"start":{"line":39,"column":4},"end":{"line":39,"column":25}},"13":{"start":{"line":40,"column":4},"end":{"line":40,"column":26}},"14":{"start":{"line":41,"column":4},"end":{"line":51,"column":5}},"15":{"start":{"line":42,"column":6},"end":{"line":42,"column":28}},"16":{"start":{"line":44,"column":6},"end":{"line":44,"column":83}},"17":{"start":{"line":46,"column":6},"end":{"line":46,"column":28}},"18":{"start":{"line":47,"column":6},"end":{"line":50,"column":7}},"19":{"start":{"line":49,"column":8},"end":{"line":49,"column":43}},"20":{"start":{"line":55,"column":20},"end":{"line":55,"column":41}},"21":{"start":{"line":57,"column":21},"end":{"line":57,"column":42}}},"fnMap":{"0":{"name":"(anonymous_0)","decl":{"start":{"line":15,"column":2},"end":{"line":15,"column":3}},"loc":{"start":{"line":15,"column":39},"end":{"line":21,"column":3}},"line":15},"1":{"name":"(anonymous_1)","decl":{"start":{"line":27,"column":2},"end":{"line":27,"column":3}},"loc":{"start":{"line":27,"column":12},"end":{"line":36,"column":3}},"line":27},"2":{"name":"(anonymous_2)","decl":{"start":{"line":38,"column":2},"end":{"line":38,"column":3}},"loc":{"start":{"line":38,"column":15},"end":{"line":52,"column":3}},"line":38},"3":{"name":"(anonymous_3)","decl":{"start":{"line":55,"column":2},"end":{"line":55,"column":3}},"loc":{"start":{"line":55,"column":18},"end":{"line":55,"column":43}},"line":55},"4":{"name":"(anonymous_4)","decl":{"start":{"line":57,"column":2},"end":{"line":57,"column":3}},"loc":{"start":{"line":57,"column":19},"end":{"line":57,"column":44}},"line":57}},"branchMap":{"0":{"loc":{"start":{"line":15,"column":23},"end":{"line":15,"column":37}},"type":"default-arg","locations":[{"start":{"line":15,"column":30},"end":{"line":15,"column":37}}],"line":15},"1":{"loc":{"start":{"line":16,"column":4},"end":{"line":16,"column":89}},"type":"if","locations":[{"start":{"line":16,"column":4},"end":{"line":16,"column":89}},{"start":{},"end":{}}],"line":16},"2":{"loc":{"start":{"line":28,"column":4},"end":{"line":33,"column":5}},"type":"if","locations":[{"start":{"line":28,"column":4},"end":{"line":33,"column":5}},{"start":{},"end":{}}],"line":28},"3":{"loc":{"start":{"line":47,"column":6},"end":{"line":50,"column":7}},"type":"if","locations":[{"start":{"line":47,"column":6},"end":{"line":50,"column":7}},{"start":{},"end":{}}],"line":47}},"s":{"0":0,"1":0,"2":0,"3":0,"4":0,"5":0,"6":0,"7":0,"8":0,"9":0,"10":0,"11":0,"12":0,"13":0,"14":0,"15":0,"16":0,"17":0,"18":0,"19":0,"20":0,"21":0},"f":{"0":0,"1":0,"2":0,"3":0,"4":0},"b":{"0":[0],"1":[0,0],"2":[0,0],"3":[0,0]},"inputSourceMap":null}
,"C:\\Users\\Doualeh\\WOLF_INC-\\src\\features\\auth\\auth.controller.js": {"path":"C:\\Users\\Doualeh\\WOLF_INC-\\src\\features\\auth\\auth.controller.js","statementMap":{"0":{"start":{"line":15,"column":12},"end":{"line":15,"column":31}},"1":{"start":{"line":17,"column":20},"end":{"line":17,"column":29}},"2":{"start":{"line":18,"column":20},"end":{"line":24,"column":1}},"3":{"start":{"line":29,"column":21},"end":{"line":29,"column":35}},"4":{"start":{"line":31,"column":2},"end":{"line":33,"column":3}},"5":{"start":{"line":32,"column":4},"end":{"line":32,"column":96}},"6":{"start":{"line":34,"column":2},"end":{"line":37,"column":3}},"7":{"start":{"line":35,"column":4},"end":{"line":35,"column":56}},"8":{"start":{"line":36,"column":4},"end":{"line":36,"column":87}},"9":{"start":{"line":39,"column":17},"end":{"line":39,"column":33}},"10":{"start":{"line":40,"column":17},"end":{"line":40,"column":57}},"11":{"start":{"line":42,"column":2},"end":{"line":42,"column":60}},"12":{"start":{"line":43,"column":2},"end":{"line":43,"column":48}},"13":{"start":{"line":45,"column":2},"end":{"line":49,"column":5}},"14":{"start":{"line":55,"column":13},"end":{"line":55,"column":39}},"15":{"start":{"line":56,"column":2},"end":{"line":58,"column":3}},"16":{"start":{"line":57,"column":4},"end":{"line":57,"column":95}},"17":{"start":{"line":60,"column":2},"end":{"line":68,"column":3}},"18":{"start":{"line":61,"column":19},"end":{"line":61,"column":42}},"19":{"start":{"line":62,"column":4},"end":{"line":62,"column":62}},"20":{"start":{"line":63,"column":4},"end":{"line":63,"column":89}},"21":{"start":{"line":65,"column":4},"end":{"line":65,"column":60}},"22":{"start":{"line":66,"column":4},"end":{"line":66,"column":52}},"23":{"start":{"line":67,"column":4},"end":{"line":67,"column":75}},"24":{"start":{"line":74,"column":13},"end":{"line":74,"column":39}},"25":{"start":{"line":75,"column":2},"end":{"line":82,"column":3}},"26":{"start":{"line":76,"column":4},"end":{"line":81,"column":5}},"27":{"start":{"line":77,"column":22},"end":{"line":77,"column":63}},"28":{"start":{"line":78,"column":6},"end":{"line":78,"column":60}},"29":{"start":{"line":78,"column":24},"end":{"line":78,"column":60}},"30":{"start":{"line":84,"column":2},"end":{"line":84,"column":50}},"31":{"start":{"line":85,"column":2},"end":{"line":85,"column":46}},"32":{"start":{"line":86,"column":2},"end":{"line":86,"column":25}}},"fnMap":{"0":{"name":"handleIssue","decl":{"start":{"line":28,"column":22},"end":{"line":28,"column":33}},"loc":{"start":{"line":28,"column":44},"end":{"line":50,"column":1}},"line":28},"1":{"name":"handleRefresh","decl":{"start":{"line":54,"column":22},"end":{"line":54,"column":35}},"loc":{"start":{"line":54,"column":46},"end":{"line":69,"column":1}},"line":54},"2":{"name":"handleLogout","decl":{"start":{"line":73,"column":22},"end":{"line":73,"column":34}},"loc":{"start":{"line":73,"column":45},"end":{"line":87,"column":1}},"line":73}},"branchMap":{"0":{"loc":{"start":{"line":29,"column":21},"end":{"line":29,"column":35}},"type":"binary-expr","locations":[{"start":{"line":29,"column":21},"end":{"line":29,"column":29}},{"start":{"line":29,"column":33},"end":{"line":29,"column":35}}],"line":29},"1":{"loc":{"start":{"line":31,"column":2},"end":{"line":33,"column":3}},"type":"if","locations":[{"start":{"line":31,"column":2},"end":{"line":33,"column":3}},{"start":{},"end":{}}],"line":31},"2":{"loc":{"start":{"line":31,"column":6},"end":{"line":31,"column":43}},"type":"binary-expr","locations":[{"start":{"line":31,"column":6},"end":{"line":31,"column":13}},{"start":{"line":31,"column":17},"end":{"line":31,"column":43}}],"line":31},"3":{"loc":{"start":{"line":34,"column":2},"end":{"line":37,"column":3}},"type":"if","locations":[{"start":{"line":34,"column":2},"end":{"line":37,"column":3}},{"start":{},"end":{}}],"line":34},"4":{"loc":{"start":{"line":56,"column":2},"end":{"line":58,"column":3}},"type":"if","locations":[{"start":{"line":56,"column":2},"end":{"line":58,"column":3}},{"start":{},"end":{}}],"line":56},"5":{"loc":{"start":{"line":75,"column":2},"end":{"line":82,"column":3}},"type":"if","locations":[{"start":{"line":75,"column":2},"end":{"line":82,"column":3}},{"start":{},"end":{}}],"line":75},"6":{"loc":{"start":{"line":78,"column":6},"end":{"line":78,"column":60}},"type":"if","locations":[{"start":{"line":78,"column":6},"end":{"line":78,"column":60}},{"start":{},"end":{}}],"line":78}},"s":{"0":0,"1":0,"2":0,"3":0,"4":0,"5":0,"6":0,"7":0,"8":0,"9":0,"10":0,"11":0,"12":0,"13":0,"14":0,"15":0,"16":0,"17":0,"18":0,"19":0,"20":0,"21":0,"22":0,"23":0,"24":0,"25":0,"26":0,"27":0,"28":0,"29":0,"30":0,"31":0,"32":0},"f":{"0":0,"1":0,"2":0},"b":{"0":[0,0],"1":[0,0],"2":[0,0],"3":[0,0],"4":[0,0],"5":[0,0],"6":[0,0]},"inputSourceMap":null}
,"C:\\Users\\Doualeh\\WOLF_INC-\\src\\features\\auth\\auth.middleware.js": {"path":"C:\\Users\\Doualeh\\WOLF_INC-\\src\\features\\auth\\auth.middleware.js","statementMap":{"0":{"start":{"line":9,"column":12},"end":{"line":9,"column":31}},"1":{"start":{"line":16,"column":15},"end":{"line":16,"column":46}},"2":{"start":{"line":17,"column":2},"end":{"line":19,"column":3}},"3":{"start":{"line":18,"column":4},"end":{"line":18,"column":93}},"4":{"start":{"line":21,"column":16},"end":{"line":21,"column":29}},"5":{"start":{"line":22,"column":2},"end":{"line":29,"column":3}},"6":{"start":{"line":23,"column":4},"end":{"line":23,"column":35}},"7":{"start":{"line":24,"column":4},"end":{"line":24,"column":11}},"8":{"start":{"line":26,"column":17},"end":{"line":26,"column":85}},"9":{"start":{"line":27,"column":4},"end":{"line":27,"column":68}},"10":{"start":{"line":28,"column":4},"end":{"line":28,"column":64}},"11":{"start":{"line":36,"column":14},"end":{"line":36,"column":44}},"12":{"start":{"line":37,"column":2},"end":{"line":37,"column":43}},"13":{"start":{"line":37,"column":29},"end":{"line":37,"column":43}},"14":{"start":{"line":38,"column":2},"end":{"line":38,"column":62}},"15":{"start":{"line":39,"column":2},"end":{"line":39,"column":75}}},"fnMap":{"0":{"name":"requireJwt","decl":{"start":{"line":15,"column":16},"end":{"line":15,"column":26}},"loc":{"start":{"line":15,"column":43},"end":{"line":30,"column":1}},"line":15},"1":{"name":"requireApiKey","decl":{"start":{"line":35,"column":16},"end":{"line":35,"column":29}},"loc":{"start":{"line":35,"column":46},"end":{"line":40,"column":1}},"line":35}},"branchMap":{"0":{"loc":{"start":{"line":16,"column":15},"end":{"line":16,"column":46}},"type":"binary-expr","locations":[{"start":{"line":16,"column":15},"end":{"line":16,"column":40}},{"start":{"line":16,"column":44},"end":{"line":16,"column":46}}],"line":16},"1":{"loc":{"start":{"line":17,"column":2},"end":{"line":19,"column":3}},"type":"if","locations":[{"start":{"line":17,"column":2},"end":{"line":19,"column":3}},{"start":{},"end":{}}],"line":17},"2":{"loc":{"start":{"line":26,"colum
[...]
n":56}},"type":"if","locations":[{"start":{"line":129,"column":2},"end":{"line":129,"column":56}},{"start":{},"end":{}}],"line":129},"12":{"loc":{"start":{"line":130,"column":2},"end":{"line":130,"column":90}},"type":"if","locations":[{"start":{"line":130,"column":2},"end":{"line":130,"column":90}},{"start":{},"end":{}}],"line":130},"13":{"loc":{"start":{"line":130,"column":46},"end":{"line":130,"column":89}},"type":"cond-expr","locations":[{"start":{"line":130,"column":66},"end":{"line":130,"column":76}},{"start":{"line":130,"column":79},"end":{"line":130,"column":89}}],"line":130},"14":{"loc":{"start":{"line":155,"column":41},"end":{"line":155,"column":55}},"type":"default-arg","locations":[{"start":{"line":155,"column":53},"end":{"line":155,"column":55}}],"line":155},"15":{"loc":{"start":{"line":157,"column":4},"end":{"line":157,"column":18}},"type":"default-arg","locations":[{"start":{"line":157,"column":17},"end":{"line":157,"column":18}}],"line":157},"16":{"loc":{"start":{"line":158,"column":4},"end":{"line":158,"column":20}},"type":"default-arg","locations":[{"start":{"line":158,"column":17},"end":{"line":158,"column":20}}],"line":158},"17":{"loc":{"start":{"line":159,"column":4},"end":{"line":159,"column":22}},"type":"default-arg","locations":[{"start":{"line":159,"column":17},"end":{"line":159,"column":22}}],"line":159},"18":{"loc":{"start":{"line":180,"column":41},"end":{"line":180,"column":50}},"type":"default-arg","locations":[{"start":{"line":180,"column":48},"end":{"line":180,"column":50}}],"line":180},"19":{"loc":{"start":{"line":181,"column":4},"end":{"line":181,"column":82}},"type":"if","locations":[{"start":{"line":181,"column":4},"end":{"line":181,"column":82}},{"start":{},"end":{}}],"line":181},"20":{"loc":{"start":{"line":184,"column":6},"end":{"line":184,"column":20}},"type":"default-arg","locations":[{"start":{"line":184,"column":18},"end":{"line":184,"column":20}}],"line":184},"21":{"loc":{"start":{"line":185,"column":6},"end":{"line":185,"column":25}},"type":"default-arg","locations":[{"start":{"line":185,"column":18},"end":{"line":185,"column":25}}],"line":185},"22":{"loc":{"start":{"line":186,"column":6},"end":{"line":186,"column":24}},"type":"default-arg","locations":[{"start":{"line":186,"column":18},"end":{"line":186,"column":24}}],"line":186},"23":{"loc":{"start":{"line":189,"column":21},"end":{"line":189,"column":50}},"type":"binary-expr","locations":[{"start":{"line":189,"column":21},"end":{"line":189,"column":40}},{"start":{"line":189,"column":44},"end":{"line":189,"column":50}}],"line":189},"24":{"loc":{"start":{"line":192,"column":4},"end":{"line":196,"column":5}},"type":"if","locations":[{"start":{"line":192,"column":4},"end":{"line":196,"column":5}},{"start":{},"end":{}}],"line":192},"25":{"loc":{"start":{"line":197,"column":4},"end":{"line":201,"column":5}},"type":"if","locations":[{"start":{"line":197,"column":4},"end":{"line":201,"column":5}},{"start":{},"end":{}}],"line":197},"26":{"loc":{"start":{"line":204,"column":22},"end":{"line":206,"column":45}},"type":"cond-expr","locations":[{"start":{"line":205,"column":8},"end":{"line":205,"column":48}},{"start":{"line":206,"column":8},"end":{"line":206,"column":45}}],"line":204}},"s":{"0":1,"1":6,"2":56,"3":56,"4":0,"5":56,"6":50,"7":32,"8":1,"9":32,"10":18,"11":8,"12":8,"13":0,"14":8,"15":8,"16":2,"17":1,"18":2,"19":6,"20":6,"21":6,"22":6,"23":2,"24":1,"25":2,"26":4,"27":12,"28":0,"29":12,"30":7,"31":5,"32":41,"33":4,"34":37,"35":6,"36":31,"37":41,"38":4,"39":37,"40":6,"41":31,"42":31,"43":0,"44":56,"45":56,"46":56,"47":80,"48":4,"49":76,"50":76,"51":76,"52":12,"53":12,"54":12,"55":64,"56":1,"57":1,"58":1,"59":63,"60":8,"61":56,"62":63,"63":63,"64":63,"65":63,"66":68,"67":68,"68":22,"69":22,"70":22,"71":22,"72":22,"73":41,"74":41,"75":41,"76":41,"77":41,"78":41,"79":1,"80":0,"81":0,"82":1},"f":{"0":6,"1":56,"2":1,"3":8,"4":1,"5":1,"6":12,"7":41,"8":41,"9":56,"10":80,"11":8,"12":56,"13":68,"14":0},"b":{"0":[0,56],"1":[32,18],"2":[0,8],"3":[2,6],"4":[2,4],"5":[0,12],"6":[7,5],"7":[12,12,12],"8":[4,37],"9":[6,31],"10":[4,37],"11":[6,31],"12":[31,0],"13":[22,9],"14":[1],"15":[1],"16":[1],"17":[1],"18":[60],"19":[4,76],"20":[68],"21":[73],"22":[69],"23":[76,0],"24":[12,64],"25":[1,63],"26":[8,55]},"inputSourceMap":null,"_coverageSchema":"1a1c01bbd47fc00a2c39e90264f33305004495a9","hash":"377f29ae7ef624214a4df358a075151a3e5a6513"}
,"C:\\Users\\Doualeh\\WOLF_INC-\\src\\services\\whisper.client.js": {"path":"C:\\Users\\Doualeh\\WOLF_INC-\\src\\services\\whisper.client.js","statementMap":{"0":{"start":{"line":21,"column":12},"end":{"line":21,"column":34}},"1":{"start":{"line":25,"column":21},"end":{"line":31,"column":1}},"2":{"start":{"line":32,"column":15},"end":{"line":32,"column":16}},"3":{"start":{"line":37,"column":19},"end":{"line":37,"column":70}},"4":{"start":{"line":38,"column":15},"end":{"line":42,"column":4}},"5":{"start":{"line":43,"column":2},"end":{"line":43,"column":28}},"6":{"start":{"line":53,"column":29},"end":{"line":53,"column":55}},"7":{"start":{"line":54,"column":14},"end":{"line":62,"column":4}},"8":{"start":{"line":63,"column":2},"end":{"line":66,"column":3}},"9":{"start":{"line":64,"column":19},"end":{"line":64,"column":51}},"10":{"start":{"line":64,"column":48},"end":{"line":64,"column":50}},"11":{"start":{"line":65,"column":4},"end":{"line":65,"column":92}},"12":{"start":{"line":67,"column":15},"end":{"line":67,"column":31}},"13":{"start":{"line":68,"column":15},"end":{"line":68,"column":86}},"14":{"start":{"line":69,"column":2},"end":{"line":69,"column":76}},"15":{"start":{"line":69,"column":20},"end":{"line":69,"column":76}},"16":{"start":{"line":70,"column":2},"end":{"line":70,"column":21}},"17":{"start":{"line":78,"column":2},"end":{"line":78,"column":79}},"18":{"start":{"line":78,"column":30},"end":{"line":78,"column":79}},"19":{"start":{"line":79,"column":19},"end":{"line":79,"column":70}},"20":{"start":{"line":80,"column":15},"end":{"line":89,"column":4}},"21":{"start":{"line":90,"column":14},"end":{"line":98,"column":4}},"22":{"start":{"line":99,"column":2},"end":{"line":102,"column":3}},"23":{"start":{"line":100,"column":19},"end":{"line":100,"column":51}},"24":{"start":{"line":100,"column":48},"end":{"line":100,"column":50}},"25":{"start":{"line":101,"column":4},"end":{"line":101,"column":93}},"26":{"start":{"line":103,"column":15},"end":{"line":103,"column":31}},"27":{"start":{"line":104,"column":2},"end":{"line":104,"column":76}},"28":{"start":{"line":104,"column":26},"end":{"line":104,"column":76}},"29":{"start":{"line":105,"column":2},"end":{"line":105,"column":26}},"30":{"start":{"line":109,"column":17},"end":{"line":109,"column":61}},"31":{"start":{"line":110,"column":2},"end":{"line":110,"column":13}},"32":{"start":{"line":111,"column":2},"end":{"line":111,"column":54}},"33":{"start":{"line":112,"column":2},"end":{"line":112,"column":33}},"34":{"start":{"line":118,"column":2},"end":{"line":118,"column":52}},"35":{"start":{"line":118,"column":39},"end":{"line":118,"column":52}},"36":{"start":{"line":119,"column":2},"end":{"line":119,"column":86}},"37":{"start":{"line":119,"column":73},"end":{"line":119,"column":86}},"38":{"start":{"line":120,"column":2},"end":{"line":120,"column":14}},"39":{"start":{"line":124,"column":2},"end":{"line":124,"column":61}},"40":{"start":{"line":124,"column":39},"end":{"line":124,"column":61}},"41":{"start":{"line":125,"column":2},"end":{"line":125,"column":56}},"42":{"start":{"line":125,"column":39},"end":{"line":125,"column":56}},"43":{"start":{"line":126,"column":2},"end":{"line":126,"column":17}},"44":{"start":{"line":130,"column":2},"end":{"line":130,"column":61}},"45":{"start":{"line":130,"column":39},"end":{"line":130,"column":61}},"46":{"start":{"line":131,"column":2},"end":{"line":131,"column":56}},"47":{"start":{"line":131,"column":39},"end":{"line":131,"column":56}},"48":{"start":{"line":132,"column":2},"end":{"line":132,"column":90}},"49":{"start":{"line":132,"column":39},"end":{"line":132,"column":90}},"50":{"start":{"line":133,"column":2},"end":{"line":133,"column":19}},"51":{"start":{"line":155,"column":6},"end":{"line":155,"column":15}},"52":{"start":{"line":158,"column":2},"end":{"line":158,"column":52}},"53":{"start":{"line":172,"column":2},"end":{"line":221,"column":4}},"54":{"start":{"line":173,"column":4},"end":{"line":175,"column":5}},"55":{"start":{"line":174,"column":6},"end":{"line":174,"column":67}},"56":{"start":{"line":180,"column":8},"end":{"line":180,"column":12}},"57":{"start":{"line":182,"column":20},"end":{"line":182,"column":42}},"58":{"start":{"line":185,"column":4},"end":{"line":185,"column":43}},"59":{"start":{"line":185,"column":28},"end":{"line":185,"column":43}},"60":{"start":{"line":187,"column":22},"end":{"line":187,"column":67}},"61":{"start":{"line":188,"column":22},"end":{"line":188,"column":32}},"62":{"start":{"line":189,"column":22},"end":{"line":189,"column":23}},"63":{"start":{"line":191,"column":4},"end":{"line":220,"column":5}},"64":{"start":{"line":192,"column":21},"end":{"line":201,"column":7}},"65":{"start":{"line":194,"column":10},"end":{"line":194,"column":21}},"66":{"start":{"line":195,"column":10},"end":{"line":198,"column":12}},"67":{"start":{"line":196,"column":24},"end":{"line":196,"column":52}},"68":{"start":{"line":203,"column":22},"end":{"line":203,"column":40}},"69":{"start":{"line":204,"column":6},"end":{"line":204,"column":42}},"70":{"start":{"line":205,"column":6},"end":{"line":205,"column":40}},"71":{"start":{"line":206,"column":6},"end":{"line":206,"column":91}},"72":{"start":{"line":207,"column":6},"end":{"line":207,"column":20}},"73":{"start":{"line":210,"column":22},"end":{"line":210,"column":40}},"74":{"start":{"line":211,"column":6},"end":{"line":211,"column":52}},"75":{"start":{"line":212,"column":6},"end":{"line":212,"column":52}},"76":{"start":{"line":213,"column":6},"end":{"line":213,"column":40}},"77":{"start":{"line":214,"column":6},"end":{"line":218,"column":27}},"78":{"start":{"line":219,"column":6},"end":{"line":219,"column":16}},"79":{"start":{"line":226,"column":24},"end":{"line":236,"column":2}},"80":{"start":{"line":233,"column":4},"end":{"line":233,"column":70}},"81":{"start":{"line":234,"column":4},"end":{"line":234,"column":33}},"82":{"start":{"line":239,"column":29},"end":{"line":239,"column":64}}},"fnMap":{"0":{"name":"_buildMultipart","decl":{"start":{"line":36,"column":9},"end":{"line":36,"column":24}},"loc":{"start":{"line":36,"column":74},"end":{"line":44,"column":1}},"line":36},"1":{"name":"_localServer","decl":{"start":{"line":52,"column":15},"end":{"line":52,"column":27}},"loc":{"start":{"line":52,"column":47},"end":{"line":71,"column":1}},"line":52},"2":{"name":"(anonymous_2)","decl":{"start":{"line":64,"column":42},"end":{"line":64,"column":43}},"loc":{"start":{"line":64,"column":48},"end":{"line":64,"column":50}},"line":64},"3":{"name":"_openai","decl":{"start":{"line":77,"column":15},"end":{"line":77,"column":22}},"loc":{"start":{"line":77,"column":42},"end":{"line":106,"column":1}},"line":77},"4":{"name":"(anonymous_4)","decl":{"start":{"line":100,"column":42},"end":{"line":100,"column":43}},"loc":{"start":{"line":100,"column":48},"end":{"line":100,"column":50}},"line":100},"5":{"name":"_mock","decl":{"start":{"line":108,"column":9},"end":{"line":108,"column":14}},"loc":{"start":{"line":108,"column":17},"end":{"line":113,"column":1}},"line":108},"6":{"name":"_isRetryable","decl":{"start":{"line":117,"column":9},"end":{"line":117,"column":21}},"loc":{"start":{"line":117,"column":27},"end":{"line":121,"column":1}},"line":117},"7":{"name":"_requestStatus","decl":{"start":{"line":123,"column":9},"end":{"line":123,"column":23}},"loc":{"start":{"line":123,"column":29},"end":{"line":127,"column":1}},"line":123},"8":{"name":"_failureReason","decl":{"start":{"line":129,"column":9},"end":{"line":129,"column":23}},"loc":{"start":{"line":129,"column":29},"end":{"line":134,"column":1}},"line":129},"9":{"name":"_makeTranscribeWav","decl":{"start":{"line":150,"column":16},"end":{"line":150,"column":34}},"loc":{"start":{"line":150,"column":60},"end":{"line":222,"column":1}},"line":150},"10":{"name":"transcribeWav","decl":{"start":{"line":172,"column":24},"end":{"line":172,"column":37}},"loc":{"start":{"line":172,"column":60},"end":{"line":221,"column":3}},"line":172},"11":{"name":"(anonymous_11)","decl":{"start":{"line":193,"column":8},"end":{"line":193,"column":9}},"loc":{"start":{"line":193,"column":14},"end":{"line":199,"column":9}},"line":193},"12":{"name":"(anonymous_12)","decl":{"start":{"line":196,"column":12},"end":{"line":196,"column":13}},"loc":{"start":{"line":196,"column":24},"end":{"line":196,"column":52}},"line":196},"13":{"name":"(anonymous_13)","decl":{"start":{"line":232,"column":2},"end":{"line":232,"column":3}},"loc":{"start":{"line":232,"column":29},"end":{"line":235,"column":3}},"line":232}},"branchMap":{"0":{"loc":{"start":{"line":36,"column":36},"end":{"line":36,"column":72}},"type":"default-arg","locations":[{"start":{"line":36,"column":47},"end":{"line":36,"column":72}}],"line":36},"1":{"loc":{"start":{"line":63,"column":2},"end":{"line":66,"column":3}},"type":"if","locations":[{"start":{"line":63,"column":2},"end":{"line":66,"column":3}},{"start":{},"end":{}}],"line":63},"2":{"loc":{"start":{"line":68,"column":15},"end":{"line":68,"column":86}},"type":"binary-expr","locations":[{"start":{"line":68,"column":15},"end":{"line":68,"column":24}},{"start":{"line":68,"column":28},"end":{"line":68,"column":46}},{"start":{"line":68,"column":50},"end":{"line":68,"column":61}},{"start":{"line":68,"column":65},"end":{"line":68,"column":80}},{"start":{"line":68,"column":84},"end":{"line":68,"column":86}}],"line":68},"3":{"loc":{"start":{"line":69,"column":2},"end":{"line":69,"column":76}},"type":"if","locations":[{"start":{"line":69,"column":2},"end":{"line":69,"column":76}},{"start":{},"end":{}}],"line":69},"4":{"loc":{"start":{"line":78,"column":2},"end":{"line":78,"column":79}},"type":"if","locations":[{"start":{"line":78,"column":2},"end":{"line":78,"column":79}},{"start":{},"end":{}}],"line":78},"5":{"loc":{"start":{"line":99,"column":2},"end":{"line":102,"column":3}},"type":"if","locations":[{"start":{"line":99,"column":2},"end":{"line":102,"column":3}},{"start":{},"end":{}}],"line":99},"6":{"loc":{"start":{"line":104,"column":2},"end":{"line":104,"column":76}},"type":"if","locations":[{"start":{"line":104,"column":2},"end":{"line":104,"column":76}},{"start":{},"end":{}}],"line":104},"7":{"loc":{"start":{"line":118,"column":2},"end":{"line":118,"column":52}},"type":"if","locations":[{"start":{"line":118,"column":2},"end":{"line":118,"column":52}},{"start":{},"end":{}}],"line":118},"8":{"loc":{"start":{"line":119,"column":2},"end":{"line":119,"column":86}},"type":"if","locations":[{"start":{"line":119,"column":2},"end":{"line":119,"column":86}},{"start":{},"end":{}}],"line":119},"9":{"loc":{"start":{"line":119,"column":6},"end":{"line":119,"column":71}},"type":"binary-expr","locations":[{"start":{"line":119,"column":6},"end":{"line":119,"column":30}},{"start":{"line":119,"column":34},"end":{"line":119,"column":51}},{"start":{"line":119,"column":55},"end":{"line":119,"column":71}}],"line":119},"10":{"loc":{"start":{"line":124,"column":2},"end":{"line":124,"column":61}},"type":"if","locations":[{"start":{"line":124,"column":2},"end":{"line":124,"column":61}},{"start":{},"end":{}}],"line":124},"11":{"loc":{"start":{"line":125,"column":2},"end":{"line":125,"column":56}},"type":"if","locations":[{"start":{"line":125,"column":2},"end":{"line":125,"column":56}},{"start":{},"end":{}}],"line":125},"12":{"loc":{"start":{"line":130,"column":2},"end":{"line":130,"column":61}},"type":"if","locations":[{"start":{"line":130,"column":2},"end":{"line":130,"column":61}},{"start":{},"end":{}}],"line":130},"13":{"loc":{"start":{"line":131,"column":2},"end":{"line":131,"column":56}},"type":"if","locations":[{"start":{"line":131,"column":2},"end":{"line":131,"column":56}},{"start":{},"end":{}}],"line":131},"14":{"loc":{"start":{"line":132,"column":2},"end":{"line":132,"column":90}},"type":"if","locations":[{"start":{"line":132,"column":2},"end":{"line":132,"column":90}},{"start":{},"end":{}}],"line":132},"15":{"loc":{"start":{"line":132,"column":46},"end":{"line":132,"column":89}},"type":"cond-expr","locations":[{"start":{"line":132,"column":66},"end":{"line":132,"column":76}},{"start":{"line":132,"column":79},"end":{"line":132,"column":89}}],"line":132},"16":{"loc":{"start":{"line":150,"column":44},"end":{"line":150,"column":58}},"type":"default-arg","locations":[{"start":{"line":150,"column":56},"end":{"line":150,"column":58}}],"line":150},"17":{"loc":{"start":{"line":152,"column":4},"end":{"line":152,"column":18}},"type":"default-arg","locations":[{"start":{"line":152,"column":17},"end":{"line":152,"column":18}}],"line":152},"18":{"loc":{"start":{"line":153,"column":4},"end":{"line":153,"column":20}},"type":"default-arg","locations":[{"start":{"line":153,"column":17},"end":{"line":153,"column":20}}],"line":153},"19":{"loc":{"start":{"line":154,"column":4},"end":{"line":154,"column":22}},"type":"default-arg","locations":[{"start":{"line":154,"column":17},"end":{"line":154,"column":22}}],"line":154},"20":{"loc":{"start":{"line":172,"column":49},"end":{"line":172,"column":58}},"type":"default-arg","locations":[{"start":{"line":172,"column":56},"end":{"line":172,"column":58}}],"line":172},"21":{"loc":{"start":{"line":173,"column":4},"end":{"line":175,"column":5}},"type":"if","locations":[{"start":{"line":173,"column":4},"end":{"line":175,"column":5}},{"start":{},"end":{}}],"line":173},"22":{"loc":{"start":{"line":173,"column":8},"end":{"line":173,"column":60}},"type":"binary-expr","locations":[{"start":{"line":173,"column":8},"end":{"line":173,"column":35}},{"start":{"line":173,"column":39},"end":{"line":173,"column":60}}],"line":173},"23":{"loc":{"start":{"line":178,"column":6},"end":{"line":178,"column":20}},"type":"default-arg","locations":[{"start":{"line":178,"column":18},"end":{"line":178,"column":20}}],"line":178},"24":{"loc":{"start":{"line":179,"column":6},"end":{"line":179,"column":50}},"type":"default-arg","locations":[{"start":{"line":179,"column":18},"end":{"line":179,"column":50}}],"line":179},"25":{"loc":{"start":{"line":179,"column":18},"end":{"line":179,"column":50}},"type":"binary-expr","locations":[{"start":{"line":179,"column":18},"end":{"line":179,"column":40}},{"start":{"line":179,"column":44},"end":{"line":179,"column":50}}],"line":179},"26":{"loc":{"start":{"line":185,"column":4},"end":{"line":185,"column":43}},"type":"if","locations":[{"start":{"line":185,"column":4},"end":{"line":185,"column":43}},{"start":{},"end":{}}],"line":185},"27":{"loc":{"start":{"line":187,"column":22},"end":{"line":187,"column":67}},"type":"cond-expr","locations":[{"start":{"line":187,"column":45},"end":{"line":187,"column":52}},{"start":{"line":187,"column":55},"end":{"line":187,"column":67}}],"line":187}},"s":{"0":0,"1":0,"2":0,"3":0,"4":0,"5":0,"6":0,"7":0,"8":0,"9":0,"10":0,"11":0,"12":0,"13":0,"14":0,"15":0,"16":0,"17":0,"18":0,"19":0,"20":0,"21":0,"22":0,"23":0,"24":0,"25":0,"26":0,"27":0,"28":0,"29":0,"30":0,"31":0,"32":0,"33":0,"34":0,"35":0,"36":0,"37":0,"38":0,"39":0,"40":0,"41":0,"42":0,"43":0,"44":0,"45":0,"46":0,"47":0,"48":0,"49":0,"50":0,"51":0,"52":0,"53":0,"54":0,"55":0,"56":0,"57":0,"58":0,"59":0,"60":0,"61":0,"62":0,"63":0,"64":0,"65":0,"66":0,"67":0,"68":0,"69":0,"70":0,"71":0,"72":0,"73":0,"74":0,"75":0,"76":0,"77":0,"78":0,"79":0,"80":0,"81":0,"82":0},"f":{"0":0,"1":0,"2":0,"3":0,"4":0,"5":0,"6":0,"7":0,"8":0,"9":0,"10":0,"11":0,"12":0,"13":0},"b":{"0":[0],"1":[0,0],"2":[0,0,0,0,0],"3":[0,0],"4":[0,0],"5":[0,0],"6":[0,0],"7":[0,0],"8":[0,0],"9":[0,0,0],"10":[0,0],"11":[0,0],"12":[0,0],"13":[0,0],"14":[0,0],"15":[0,0],"16":[0],"17":[0],"18":[0],"19":[0],"20":[0],"21":[0,0],"22":[0,0],"23":[0],"24":[0],"25":[0,0],"26":[0,0],"27":[0,0]},"inputSourceMap":null}
}
