{"total": {"lines":{"total":1692,"covered":1690,"skipped":0,"pct":99.88},"statements":{"total":1919,"covered":1907,"skipped":0,"pct":99.37},"functions":{"total":334,"covered":324,"skipped":0,"pct":97},"branches":{"total":1109,"covered":1082,"skipped":0,"pct":97.56},"branchesTrue":{"total":0,"covered":0,"skipped":0,"pct":100}}
,"C:\\Users\\Doualeh\\WOLF_INC-\\src\\ENGINE\\Engine.js": {"lines":{"total":0,"covered":0,"skipped":0,"pct":100},"functions":{"total":0,"covered":0,"skipped":0,"pct":100},"statements":{"total":0,"covered":0,"skipped":0,"pct":100},"branches":{"total":0,"covered":0,"skipped":0,"pct":100}}
,"C:\\Users\\Doualeh\\WOLF_INC-\\src\\api\\router.js": {"lines":{"total":26,"covered":26,"skipped":0,"pct":100},"functions":{"total":6,"covered":6,"skipped":0,"pct":100},"statements":{"total":27,"covered":27,"skipped":0,"pct":100},"branches":{"total":6,"covered":6,"skipped":0,"pct":100}}
,"C:\\Users\\Doualeh\\WOLF_INC-\\src\\api\\server.js": {"lines":{"total":21,"covered":21,"skipped":0,"pct":100},"functions":{"total":3,"covered":3,"skipped":0,"pct":100},"statements":{"total":21,"covered":21,"skipped":0,"pct":100},"branches":{"total":6,"covered":6,"skipped":0,"pct":100}}
,"C:\\Users\\Doualeh\\WOLF_INC-\\src\\api\\middleware\\cors.js": {"lines":{"total":4,"covered":4,"skipped":0,"pct":100},"functions":{"total":1,"covered":1,"skipped":0,"pct":100},"statements":{"total":5,"covered":5,"skipped":0,"pct":100},"branches":{"total":4,"covered":4,"skipped":0,"pct":100}}
,"C:\\Users\\Doualeh\\WOLF_INC-\\src\\api\\middleware\\errorHandler.js": {"lines":{"total":10,"covered":10,"skipped":0,"pct":100},"functions":{"total":2,"covered":2,"skipped":0,"pct":100},"statements":{"total":10,"covered":10,"skipped":0,"pct":100},"branches":{"total":11,"covered":11,"skipped":0,"pct":100}}
,"C:\\Users\\Doualeh\\WOLF_INC-\\src\\api\\middleware\\requestId.js": {"lines":{"total":2,"covered":2,"skipped":0,"pct":100},"functions":{"total":1,"covered":1,"skipped":0,"pct":100},"statements":{"total":2,"covered":2,"skipped":0,"pct":100},"branches":{"total":2,"covered":2,"skipped":0,"pct":100}}
,"C:\\Users\\Doualeh\\WOLF_INC-\\src\\api\\middleware\\twilioHmac.js": {"lines":{"total":16,"covered":16,"skipped":0,"pct":100},"functions":{"total":2,"covered":2,"skipped":0,"pct":100},"statements":{"total":16,"covered":16,"skipped":0,"pct":100},"branches":{"total":12,"covered":12,"skipped":0,"pct":100}}
,"C:\\Users\\Doualeh\\WOLF_INC-\\src\\api\\middleware\\validation.js": {"lines":{"total":14,"covered":14,"skipped":0,"pct":100},"functions":{"total":4,"covered":4,"skipped":0,"pct":100},"statements":{"total":15,"covered":15,"skipped":0,"pct":100},"branches":{"total":7,"covered":7,"skipped":0,"pct":100}}
,"C:\\Users\\Doualeh\\WOLF_INC-\\src\\core\\config.js": {"lines":{"total":7,"covered":6,"skipped":0,"pct":85.71},"functions":{"total":3,"covered":2,"skipped":0,"pct":66.66},"statements":{"total":9,"covered":8,"skipped":0,"pct":88.88},"branches":{"total":0,"covered":0,"skipped":0,"pct":100}}
,"C:\\Users\\Doualeh\\WOLF_INC-\\src\\core\\errors.js": {"lines":{"total":24,"covered":24,"skipped":0,"pct":100},"functions":{"total":10,"covered":10,"skipped":0,"pct":100},"statements":{"total":24,"covered":24,"skipped":0,"pct":100},"branches":{"total":11,"covered":11,"skipped":0,"pct":100}}
,"C:\\Users\\Doualeh\\WOLF_INC-\\src\\core\\logger.js": {"lines":{"total":3,"covered":3,"skipped":0,"pct":100},"functions":{"total":1,"covered":1,"skipped":0,"pct":100},"statements":{"total":3,"covered":3,"skipped":0,"pct":100},"branches":{"total":4,"covered":4,"skipped":0,"pct":100}}
,"C:\\Users\\Doualeh\\WOLF_INC-\\src\\core\\metrics.js": {"lines":{"total":18,"covered":17,"skipped":0,"pct":94.44},"functions":{"total":0,"covered":0,"skipped":0,"pct":100},"statements":{"total":18,"covered":17,"skipped":0,"pct":94.44},"branches":{"total":4,"covered":3,"skipped":0,"pct":75}}
,"C:\\Users\\Doualeh\\WOLF_INC-\\src\\core\\tracing.js": {"lines":{"total":37,"covered":37,"skipped":0,"pct":100},"functions":{"total":10,"covered":10,"skipped":0,"pct":100},"statements":{"total":40,"covered":40,"skipped":0,"pct":100},"branches":{"total":11,"covered":11,"skipped":0,"pct":100}}
,"C:\\Users\\Doualeh\\WOLF_INC-\\src\\features\\admin\\admin.controller.js": {"lines":{"total":14,"covered":14,"skipped":0,"pct":100},"functions":{"total":14,"covered":14,"skipped":0,"pct":100},"statements":{"total":14,"covered":14,"skipped":0,"pct":100},"branches":{"total":0,"covered":0,"skipped":0,"pct":100}}
,"C:\\Users\\Doualeh\\WOLF_INC-\\src\\features\\admin\\admin.router.js": {"lines":{"total":16,"covered":16,"skipped":0,"pct":100},"functions":{"total":0,"covered":0,"skipped":0,"pct":100},"statements":{"total":16,"covered":16,"skipped":0,"pct":100},"branches":{"total":0,"covered":0,"skipped":0,"pct":100}}
,"C:\\Users\\Doualeh\\WOLF_INC-\\src\\features\\agent\\agent.service.js": {"lines":{"total":46,"covered":46,"skipped":0,"pct":100},"functions":{"total":3,"covered":3,"skipped":0,"pct":100},"statements":{"total":57,"covered":57,"skipped":0,"pct":100},"branches":{"total":54,"covered":54,"skipped":0,"pct":100}}
,"C:\\Users\\Doualeh\\WOLF_INC-\\src\\features\\agent\\db.store.js": {"lines":{"total":23,"covered":23,"skipped":0,"pct":100},"functions":{"total":7,"covered":7,"skipped":0,"pct":100},"statements":{"total":27,"covered":27,"skipped":0,"pct":100},"branches":{"total":18,"covered":16,"skipped":0,"pct":88.88}}
,"C:\\Users\\Doualeh\\WOLF_INC-\\src\\features\\agent\\intent.normalizer.js": {"lines":{"total":6,"covered":6,"skipped":0,"pct":100},"functions":{"total":1,"covered":1,"skipped":0,"pct":100},"statements":{"total":8,"covered":8,"skipped":0,"pct":100},"branches":{"total":4,"covered":4,"skipped":0,"pct":100}}
,"C:\\Users\\Doualeh\\WOLF_INC-\\src\\features\\agent\\json.store.js": {"lines":{"total":52,"covered":52,"skipped":0,"pct":100},"functions":{"total":20,"covered":20,"skipped":0,"pct":100},"statements":{"total":63,"covered":63,"skipped":0,"pct":100},"branches":{"total":20,"covered":20,"skipped":0,"pct":100}}
,"C:\\Users\\Doualeh\\WOLF_INC-\\src\\features\\agent\\write-queue.js": {"lines":{"total":21,"covered":21,"skipped":0,"pct":100},"functions":{"total":5,"covered":5,"skipped":0,"pct":100},"statements":{"total":22,"covered":22,"skipped":0,"pct":100},"branches":{"total":7,"covered":7,"skipped":0,"pct":100}}
,"C:\\Users\\Doualeh\\WOLF_INC-\\src\\features\\auth\\auth.controller.js": {"lines":{"total":32,"covered":32,"skipped":0,"pct":100},"functions":{"total":3,"covered":3,"skipped":0,"pct":100},"statements":{"total":33,"covered":33,"skipped":0,"pct":100},"branches":{"total":14,"covered":14,"skipped":0,"pct":100}}
,"C:\\Users\\Doualeh\\WOLF_INC-\\src\\features\\auth\\auth.middleware.js": {"lines":{"total":15,"covered":15,"skipped":0,"pct":100},"functions":{"total":2,"covered":2,"skipped":0,"pct":100},"statements":{"total":16,"covered":16,"skipped":0,"pct":100},"branches":{"total":10,"covered":10,"skipped":0,"pct":100}}
,"C:\\Users\\Doualeh\\WOLF_INC-\\src\\features\\auth\\auth.router.js": {"lines":{"total":4,"covered":4,"skipped":0,"pct":100},"functions":{"total":0,"covered":0,"skipped":0,"pct":100},"statements":{"total":4,"covered":4,"skipped":0,"pct":100},"branches":{"total":0,"covered":0,"skipped":0,"pct":100}}
,"C:\\Users\\Doualeh\\WOLF_INC-\\src\\features\\auth\\token.service.js": {"lines":{"total":25,"covered":25,"skipped":0,"pct":100},"functions":{"total":3,"covered":3,"skipped":0,"pct":100},"statements":{"total":27,"covered":27,"skipped":0,"pct":100},"branches":{"total":6,"covered":6,"skipped":0,"pct":100}}
,"C:\\Users\\Doualeh\\WOLF_INC-\\src\\features\\lang\\lang.service.js": {"lines":{"total":27,"covered":27,"skipped":0,"pct":100},"functions":{"total":4,"covered":4,"skipped":0,"pct":100},"statements":{"total":42,"covered":42,"skipped":0,"pct":100},"branches":{"total":30,"covered":30,"skipped":0,"pct":100}}
,"C:\\Users\\Doualeh\\WOLF_INC-\\src\\features\\memory\\memory.service.js": {"lines":{"total":73,"covered":73,"skipped":0,"pct":100},"functions":{"total":23,"covered":21,"skipped":0,"pct":91.3},"statements":{"total":92,"covered":91,"skipped":0,"pct":98.91},"branches":{"total":59,"covered":59,"skipped":0,"pct":100}}
,"C:\\Users\\Doualeh\\WOLF_INC-\\src\\features\\memory\\session.schema.js": {"lines":{"total":6,"covered":6,"skipped":0,"pct":100},"functions":{"total":3,"covered":3,"skipped":0,"pct":100},"statements":{"total":6,"covered":6,"skipped":0,"pct":100},"branches":{"total":2,"covered":2,"skipped":0,"pct":100}}
,"C:\\Users\\Doualeh\\WOLF_INC-\\src\\features\\nlu\\nlu.service.js": {"lines":{"total":60,"covered":60,"skipped":0,"pct":100},"functions":{"total":6,"covered":6,"skipped":0,"pct":100},"statements":{"total":67,"covered":67,"skipped":0,"pct":100},"branches":{"total":80,"covered":78,"skipped":0,"pct":97.5}}
,"C:\\Users\\Doualeh\\WOLF_INC-\\src\\features\\responder\\responder.service.js": {"lines":{"total":6,"covered":6,"skipped":0,"pct":100},"functions":{"total":2,"covered":2,"skipped":0,"pct":100},"statements":{"total":6,"covered":6,"skipped":0,"pct":100},"branches":{"total":3,"covered":3,"skipped":0,"pct":100}}
,"C:\\Users\\Doualeh\\WOLF_INC-\\src\\features\\sms\\sms.controller.js": {"lines":{"total":19,"covered":19,"skipped":0,"pct":100},"functions":{"total":4,"covered":4,"skipped":0,"pct":100},"statements":{"total":20,"covered":20,"skipped":0,"pct":100},"branches":{"total":6,"covered":6,"skipped":0,"pct":100}}
,"C:\\Users\\Doualeh\\WOLF_INC-\\src\\features\\sms\\sms.router.js": {"lines":{"total":2,"covered":2,"skipped":0,"pct":100},"functions":{"total":0,"covered":0,"skipped":0,"pct":100},"statements":{"total":2,"covered":2,"skipped":0,"pct":100},"branches":{"total":0,"covered":0,"skipped":0,"pct":100}}
,"C:\\Users\\Doualeh\\WOLF_INC-\\src\\features\\tts\\tts.cache.js": {"lines":{"total":28,"covered":28,"skipped":0,"pct":100},"functions":{"total":6,"covered":6,"skipped":0,"pct":100},"statements":{"total":32,"covered":32,"skipped":0,"pct":100},"branches":{"total":15,"covered":15,"skipped":0,"pct":100}}
,"C:\\Users\\Doualeh\\WOLF_INC-\\src\\features\\tts\\tts.service.js": {"lines":{"total":47,"covered":47,"skipped":0,"pct":100},"functions":{"total":3,"covered":3,"skipped":0,"pct":100},"statements":{"total":48,"covered":48,"skipped":0,"pct":100},"branches":{"total":17,"covered":17,"skipped":0,"pct":100}}
,"C:\\Users\\Doualeh\\WOLF_INC-\\src\\features\\tts\\providers\\azure.js": {"lines":{"total":10,"covered":10,"skipped":0,"pct":100},"functions":{"total":2,"covered":2,"skipped":0,"pct":100},"statements":{"total":13,"covered":13,"skipped":0,"pct":100},"branches":{"total":7,"covered":7,"skipped":0,"pct":100}}
,"C:\\Users\\Doualeh\\WOLF_INC-\\src\\features\\tts\\providers\\elevenlabs.js": {"lines":{"total":7,"covered":7,"skipped":0,"pct":100},"functions":{"total":2,"covered":2,"skipped":0,"pct":100},"statements":{"total":9,"covered":9,"skipped":0,"pct":100},"branches":{"total":4,"covered":4,"skipped":0,"pct":100}}
,"C:\\Users\\Doualeh\\WOLF_INC-\\src\\features\\tts\\providers\\mock.js": {"lines":{"total":14,"covered":14,"skipped":0,"pct":100},"functions":{"total":1,"covered":1,"skipped":0,"pct":100},"statements":{"total":20,"covered":20,"skipped":0,"pct":100},"branches":{"total":0,"covered":0,"skipped":0,"pct":100}}
,"C:\\Users\\Doualeh\\WOLF_INC-\\src\\features\\tts\\providers\\piper.js": {"lines":{"total":15,"covered":15,"skipped":0,"pct":100},"functions":{"total":3,"covered":3,"skipped":0,"pct":100},"statements":{"total":16,"covered":16,"skipped":0,"pct":100},"branches":{"total":2,"covered":2,"skipped":0,"pct":100}}
,"C:\\Users\\Doualeh\\WOLF_INC-\\src\\features\\voice\\greeting.js": {"lines":{"total":11,"covered":11,"skipped":0,"pct":100},"functions":{"total":2,"covered":2,"skipped":0,"pct":100},"statements":{"total":11,"covered":11,"skipped":0,"pct":100},"branches":{"total":0,"covered":0,"skipped":0,"pct":100}}
,"C:\\Users\\Doualeh\\WOLF_INC-\\src\\features\\voice\\pipeline.js": {"lines":{"total":63,"covered":63,"skipped":0,"pct":100},"functions":{"total":7,"covered":7,"skipped":0,"pct":100},"statements":{"total":68,"covered":68,"skipped":0,"pct":100},"branches":{"total":31,"covered":30,"skipped":0,"pct":96.77}}
,"C:\\Users\\Doualeh\\WOLF_INC-\\src\\features\\voice\\rate-limiter.js": {"lines":{"total":30,"covered":30,"skipped":0,"pct":100},"functions":{"total":3,"covered":3,"skipped":0,"pct":100},"statements":{"total":33,"covered":33,"skipped":0,"pct":100},"branches":{"total":16,"covered":16,"skipped":0,"pct":100}}
,"C:\\Users\\Doualeh\\WOLF_INC-\\src\\features\\voice\\twiml.builder.js": {"lines":{"total":11,"covered":11,"skipped":0,"pct":100},"functions":{"total":5,"covered":5,"skipped":0,"pct":100},"statements":{"total":12,"covered":12,"skipped":0,"pct":100},"branches":{"total":16,"covered":16,"skipped":0,"pct":100}}
,"C:\\Users\\Doualeh\\WOLF_INC-\\src\\features\\voice\\voice.controller.js": {"lines":{"total":34,"covered":34,"skipped":0,"pct":100},"functions":{"total":6,"covered":6,"skipped":0,"pct":100},"statements":{"total":34,"covered":34,"skipped":0,"pct":100},"branches":{"total":13,"covered":13,"skipped":0,"pct":100}}
,"C:\\Users\\Doualeh\\WOLF_INC-\\src\\features\\voice\\voice.router.js": {"lines":{"total":8,"covered":8,"skipped":0,"pct":100},"functions":{"total":5,"covered":5,"skipped":0,"pct":100},"statements":{"total":12,"covered":12,"skipped":0,"pct":100},"branches":{"total":0,"covered":0,"skipped":0,"pct":100}}
,"C:\\Users\\Doualeh\\WOLF_INC-\\src\\infra\\db\\dbClient.js": {"lines":{"total":16,"covered":16,"skipped":0,"pct":100},"functions":{"total":3,"covered":3,"skipped":0,"pct":100},"statements":{"total":17,"covered":17,"skipped":0,"pct":100},"branches":{"total":14,"covered":14,"skipped":0,"pct":100}}
,"C:\\Users\\Doualeh\\WOLF_INC-\\src\\infra\\http\\httpClient.js": {"lines":{"total":5,"covered":5,"skipped":0,"pct":100},"functions":{"total":1,"covered":1,"skipped":0,"pct":100},"statements":{"total":5,"covered":5,"skipped":0,"pct":100},"branches":{"total":5,"covered":5,"skipped":0,"pct":100}}
,"C:\\Users\\Doualeh\\WOLF_INC-\\src\\infra\\redis\\redisClient.js": {"lines":{"total":55,"covered":55,"skipped":0,"pct":100},"functions":{"total":18,"covered":18,"skipped":0,"pct":100},"statements":{"total":75,"covered":75,"skipped":0,"pct":100},"branches":{"total":51,"covered":50,"skipped":0,"pct":98.03}}
,"C:\\Users\\Doualeh\\WOLF_INC-\\src\\services\\agent.js": {"lines":{"total":68,"covered":68,"skipped":0,"pct":100},"functions":{"total":11,"covered":11,"skipped":0,"pct":100},"statements":{"total":71,"covered":71,"skipped":0,"pct":100},"branches":{"total":39,"covered":38,"skipped":0,"pct":97.43}}
,"C:\\Users\\Doualeh\\WOLF_INC-\\src\\services\\audio.utils.js": {"lines":{"total":48,"covered":48,"skipped":0,"pct":100},"functions":{"total":10,"covered":9,"skipped":0,"pct":90},"statements":{"total":66,"covered":66,"skipped":0,"pct":100},"branches":{"total":20,"covered":20,"skipped":0,"pct":100}}
,"C:\\Users\\Doualeh\\WOLF_INC-\\src\\services\\circuitBreaker.js": {"lines":{"total":100,"covered":100,"skipped":0,"pct":100},"functions":{"total":21,"covered":21,"skipped":0,"pct":100},"statements":{"total":113,"covered":113,"skipped":0,"pct":100},"branches":{"total":68,"covered":68,"skipped":0,"pct":100}}
,"C:\\Users\\Doualeh\\WOLF_INC-\\src\\services\\claude.client.js": {"lines":{"total":85,"covered":85,"skipped":0,"pct":100},"functions":{"total":12,"covered":12,"skipped":0,"pct":100},"statements":{"total":102,"covered":100,"skipped":0,"pct":98.03},"branches":{"total":87,"covered":83,"skipped":0,"pct":95.4}}
,"C:\\Users\\Doualeh\\WOLF_INC-\\src\\services\\dateparser.js": {"lines":{"total":34,"covered":34,"skipped":0,"pct":100},"functions":{"total":2,"covered":2,"skipped":0,"pct":100},"statements":{"total":39,"covered":38,"skipped":0,"pct":97.43},"branches":{"total":37,"covered":34,"skipped":0,"pct":91.89}}
,"C:\\Users\\Doualeh\\WOLF_INC-\\src\\services\\metrics.js": {"lines":{"total":19,"covered":19,"skipped":0,"pct":100},"functions":{"total":8,"covered":8,"skipped":0,"pct":100},"statements":{"total":19,"covered":19,"skipped":0,"pct":100},"branches":{"total":6,"covered":6,"skipped":0,"pct":100}}
,"C:\\Users\\Doualeh\\WOLF_INC-\\src\\services\\observability.js": {"lines":{"total":72,"covered":72,"skipped":0,"pct":100},"functions":{"total":11,"covered":10,"skipped":0,"pct":90.9},"statements":{"total":75,"covered":74,"skipped":0,"pct":98.66},"branches":{"total":58,"covered":47,"skipped":0,"pct":81.03}}
,"C:\\Users\\Doualeh\\WOLF_INC-\\src\\services\\ollama.client.js": {"lines":{"total":57,"covered":57,"skipped":0,"pct":100},"functions":{"total":11,"covered":10,"skipped":0,"pct":90.9},"statements":{"total":65,"covered":64,"skipped":0,"pct":98.46},"branches":{"total":54,"covered":54,"skipped":0,"pct":100}}
,"C:\\Users\\Doualeh\\WOLF_INC-\\src\\services\\security.js": {"lines":{"total":86,"covered":86,"skipped":0,"pct":100},"functions":{"total":9,"covered":9,"skipped":0,"pct":100},"statements":{"total":86,"covered":86,"skipped":0,"pct":100},"branches":{"total":59,"covered":59,"skipped":0,"pct":100}}
,"C:\\Users\\Doualeh\\WOLF_INC-\\src\\services\\tts.client.js": {"lines":{"total":70,"covered":70,"skipped":0,"pct":100},"functions":{"total":15,"covered":12,"skipped":0,"pct":80},"statements":{"total":83,"covered":80,"skipped":0,"pct":96.38},"branches":{"total":47,"covered":47,"skipped":0,"pct":100}}
,"C:\\Users\\Doualeh\\WOLF_INC-\\src\\services\\whisper.client.js": {"lines":{"total":70,"covered":70,"skipped":0,"pct":100},"functions":{"total":14,"covered":13,"skipped":0,"pct":92.85},"statements":{"total":83,"covered":82,"skipped":0,"pct":98.79},"branches":{"total":52,"covered":51,"skipped":0,"pct":98.07}}
}
