TN:
SF:src\ENGINE\Engine.js
FNF:0
FNH:0
LF:0
LH:0
BRF:0
BRH:0
end_of_record
TN:
SF:src\api\router.js
FN:26,(anonymous_0)
FN:27,(anonymous_1)
FN:30,(anonymous_2)
FN:40,(anonymous_3)
FN:46,(anonymous_4)
FN:50,(anonymous_5)
FN:69,(anonymous_6)
FN:71,(anonymous_7)
FNF:8
FNH:7
FNDA:6,(anonymous_0)
FNDA:1,(anonymous_1)
FNDA:0,(anonymous_2)
FNDA:1,(anonymous_3)
FNDA:1,(anonymous_4)
FNDA:2,(anonymous_5)
FNDA:1,(anonymous_6)
FNDA:2,(anonymous_7)
DA:19,6
DA:20,6
DA:26,6
DA:27,6
DA:28,1
DA:29,1
DA:30,0
DA:31,0
DA:32,0
DA:33,0
DA:36,1
DA:40,6
DA:41,1
DA:42,1
DA:46,6
DA:47,1
DA:50,6
DA:51,2
DA:52,2
DA:53,2
DA:54,1
DA:58,1
DA:62,6
DA:65,6
DA:66,6
DA:69,6
DA:71,6
DA:72,2
DA:73,2
DA:74,2
DA:75,1
DA:77,1
DA:78,1
LF:33
LH:29
BRDA:27,0,0,5
BRDA:27,0,1,1
BRDA:29,1,0,0
BRDA:29,1,1,1
BRDA:31,2,0,0
BRDA:31,2,1,0
BRDA:32,3,0,0
BRDA:32,3,1,0
BRDA:53,4,0,1
BRDA:53,4,1,1
BRDA:75,5,0,1
BRDA:75,5,1,1
BRF:12
BRH:7
end_of_record
TN:
SF:src\api\server.js
FN:24,createApp
FN:58,(anonymous_1)
FN:64,(anonymous_2)
FNF:3
FNH:3
FNDA:7,createApp
FNDA:68,(anonymous_1)
FNDA:3,(anonymous_2)
DA:25,7
DA:26,7
DA:29,7
DA:45,7
DA:48,7
DA:51,7
DA:52,7
DA:53,7
DA:56,7
DA:58,68
DA:63,7
DA:64,2
DA:65,3
DA:66,2
DA:68,1
DA:73,7
DA:83,7
DA:85,7
DA:88,7
DA:89,7
DA:91,7
LF:21
LH:21
BRDA:31,0,0,2
BRDA:31,0,1,5
BRDA:63,1,0,2
BRDA:63,1,1,5
BRDA:65,2,0,2
BRDA:65,2,1,1
BRF:6
BRH:6
end_of_record
TN:
SF:src\api\middleware\cors.js
FN:10,(anonymous_0)
FNF:1
FNH:1
FNDA:72,(anonymous_0)
DA:9,8
DA:12,72
DA:13,2
DA:21,8
LF:4
LH:4
BRDA:12,0,0,70
BRDA:12,0,1,2
BRDA:12,1,0,72
BRDA:12,1,1,5
BRF:4
BRH:4
end_of_record
TN:
SF:src\api\middleware\errorHandler.js
FN:14,errorHandler
FN:35,notFound
FNF:2
FNH:2
FNDA:5,errorHandler
FNDA:1,notFound
DA:9,8
DA:15,5
DA:16,5
DA:17,5
DA:19,5
DA:20,2
DA:22,3
DA:25,5
DA:29,5
DA:36,1
LF:10
LH:10
BRDA:15,0,0,5
BRDA:15,0,1,2
BRDA:15,0,2,2
BRDA:16,1,0,5
BRDA:16,1,1,2
BRDA:19,2,0,2
BRDA:19,2,1,3
BRDA:25,3,0,3
BRDA:25,3,1,2
BRDA:25,4,0,5
BRDA:25,4,1,2
BRF:11
BRH:11
end_of_record
TN:
SF:src\api\middleware\requestId.js
FN:6,requestId
FNF:1
FNH:1
FNDA:68,requestId
DA:7,68
DA:8,68
LF:2
LH:2
BRDA:7,0,0,68
BRDA:7,0,1,68
BRF:2
BRH:2
end_of_record
TN:
SF:src\api\middleware\twilioHmac.js
FN:16,twilioHmac
FN:28,(anonymous_1)
FNF:2
FNH:2
FNDA:36,twilioHmac
FNDA:17,(anonymous_1)
DA:10,9
DA:18,36
DA:19,20
DA:22,16
DA:23,16
DA:24,16
DA:27,16
DA:28,17
DA:30,16
DA:36,16
DA:37,16
DA:40,16
DA:43,16
DA:44,11
DA:45,11
DA:48,5
LF:16
LH:16
BRDA:18,0,0,20
BRDA:18,0,1,16
BRDA:18,1,0,36
BRDA:18,1,1,18
BRDA:22,2,0,16
BRDA:22,2,1,2
BRDA:24,3,0,16
BRDA:24,3,1,2
BRDA:40,4,0,16
BRDA:40,4,1,8
BRDA:43,5,0,11
BRDA:43,5,1,5
BRF:12
BRH:12
end_of_record
TN:
SF:src\api\middleware\validation.js
FN:48,validateBody
FN:49,(anonymous_1)
FN:54,(anonymous_2)
FN:68,sanitizeText
FNF:4
FNH:4
FNDA:13,validateBody
FNDA:9,(anonymous_1)
FNDA:4,(anonymous_2)
FNDA:22,sanitizeText
DA:9,7
DA:17,7
DA:24,7
DA:29,7
DA:37,7
DA:49,13
DA:50,9
DA:51,9
DA:52,4
DA:54,4
DA:57,5
DA:58,5
DA:69,22
DA:70,18
LF:14
LH:14
BRDA:50,0,0,9
BRDA:50,0,1,1
BRDA:51,1,0,4
BRDA:51,1,1,5
BRDA:68,2,0,13
BRDA:69,3,0,4
BRDA:69,3,1,18
BRF:7
BRH:7
end_of_record
TN:
SF:src\core\config.js
FN:68,(anonymous_0)
FN:80,(anonymous_1)
FN:81,(anonymous_2)
FNF:3
FNH:3
FNDA:1,(anonymous_0)
FNDA:8,(anonymous_1)
FNDA:8,(anonymous_2)
DA:8,8
DA:68,1
DA:74,8
DA:78,8
DA:79,8
DA:80,8
DA:81,8
LF:7
LH:7
BRF:0
BRH:0
end_of_record
TN:
SF:src\core\errors.js
FN:8,(anonymous_0)
FN:20,(anonymous_1)
FN:27,(anonymous_2)
FN:34,(anonymous_3)
FN:44,(anonymous_4)
FN:52,(anonymous_5)
FN:59,(anonymous_6)
FN:66,(anonymous_7)
FN:73,(anonymous_8)
FN:82,isUserFacingError
FNF:10
FNH:10
FNDA:87,(anonymous_0)
FNDA:8,(anonymous_1)
FNDA:8,(anonymous_2)
FNDA:8,(anonymous_3)
FNDA:40,(anonymous_4)
FNDA:5,(anonymous_5)
FNDA:27,(anonymous_6)
FNDA:6,(anonymous_7)
FNDA:7,(anonymous_8)
FNDA:16,isUserFacingError
DA:9,87
DA:10,87
DA:11,87
DA:12,87
DA:13,87
DA:21,8
DA:22,8
DA:28,8
DA:29,8
DA:35,8
DA:36,8
DA:37,8
DA:45,40
DA:46,40
DA:47,40
DA:53,5
DA:54,5
DA:60,27
DA:61,27
DA:67,6
DA:68,6
DA:74,7
DA:75,7
DA:83,16
LF:24
LH:24
BRDA:8,0,0,5
BRDA:8,1,0,9
BRDA:20,2,0,7
BRDA:27,3,0,8
BRDA:34,4,0,7
BRDA:44,5,0,8
BRDA:52,6,0,5
BRDA:59,7,0,27
BRDA:66,8,0,6
BRDA:83,9,0,16
BRDA:83,9,1,12
BRF:11
BRH:11
end_of_record
TN:
SF:src\core\featureFlags.js
FN:31,_redisGet
FN:40,_redisSet
FN:94,_cacheGet
FN:100,_cacheSet
FN:104,_cacheInvalidate
FN:119,isEnabled
FN:155,setFlag
FN:168,killSwitch
FN:177,restore
FN:187,getAllFlags
FN:209,snapshotFlags
FN:223,clearCache
FNF:12
FNH:12
FNDA:105,_redisGet
FNDA:7,_redisSet
FNDA:525,_cacheGet
FNDA:105,_cacheSet
FNDA:7,_cacheInvalidate
FNDA:441,isEnabled
FNDA:7,setFlag
FNDA:2,killSwitch
FNDA:2,restore
FNDA:4,getAllFlags
FNDA:3,snapshotFlags
FNDA:39,clearCache
DA:29,25
DA:32,105
DA:33,105
DA:34,92
DA:36,13
DA:41,7
DA:42,7
DA:43,7
DA:47,25
DA:51,25
DA:52,25
DA:53,25
DA:58,25
DA:75,25
DA:92,25
DA:95,525
DA:96,525
DA:97,349
DA:101,105
DA:105,7
DA:120,441
DA:121,441
DA:123,105
DA:124,105
DA:127,103
DA:128,94
DA:129,94
DA:130,94
DA:134,9
DA:135,9
DA:136,9
DA:137,9
DA:139,2
DA:140,2
DA:142,2
DA:143,2
DA:156,7
DA:157,7
DA:158,7
DA:159,7
DA:169,2
DA:178,2
DA:188,4
DA:189,4
DA:190,48
DA:191,48
DA:192,48
DA:199,4
DA:210,3
DA:211,3
DA:212,36
DA:213,36
DA:215,3
DA:224,39
DA:225,39
DA:226,39
LF:56
LH:56
BRDA:33,0,0,54
BRDA:33,0,1,51
BRDA:34,1,0,92
BRDA:34,1,1,2
BRDA:42,2,0,5
BRDA:42,2,1,2
BRDA:96,3,0,176
BRDA:96,3,1,349
BRDA:96,4,0,525
BRDA:96,4,1,349
BRDA:121,5,0,336
BRDA:121,5,1,105
BRDA:127,6,0,94
BRDA:127,6,1,9
BRDA:127,7,0,103
BRDA:127,7,1,9
BRDA:128,8,0,94
BRDA:128,8,1,1
BRDA:134,9,0,9
BRDA:134,9,1,4
BRDA:140,10,0,2
BRDA:140,10,1,0
BRDA:156,11,0,3
BRDA:156,11,1,4
BRDA:191,12,0,0
BRDA:191,12,1,48
BRDA:195,13,0,48
BRDA:195,13,1,0
BRDA:213,14,0,13
BRDA:213,14,1,23
BRDA:213,15,0,23
BRDA:213,15,1,0
BRF:32
BRH:28
end_of_record
TN:
SF:src\core\logger.js
FN:47,childLogger
FNF:1
FNH:1
FNDA:111,childLogger
DA:8,11
DA:10,11
DA:48,111
LF:3
LH:3
BRDA:12,0,0,11
BRDA:12,0,1,11
BRDA:32,1,0,10
BRDA:32,1,1,1
BRF:4
BRH:4
end_of_record
TN:
SF:src\core\metrics.js
FNF:0
FNH:0
DA:8,21
DA:9,21
DA:10,0
DA:15,21
DA:22,21
DA:29,21
DA:36,21
DA:45,21
DA:51,21
DA:57,21
DA:62,21
DA:68,21
DA:73,21
DA:80,21
DA:85,21
DA:90,21
DA:95,21
DA:103,21
LF:18
LH:17
BRDA:9,0,0,0
BRDA:9,0,1,21
BRDA:9,1,0,21
BRDA:9,1,1,1
BRF:4
BRH:3
end_of_record
TN:
SF:src\core\tracing.js
FN:14,initTracing
FN:58,startSpan
FN:71,withSpan
FN:87,shutdownTracing
FN:89,(anonymous_4)
FN:95,_noop
FN:97,(anonymous_6)
FN:98,(anonymous_7)
FN:99,(anonymous_8)
FN:100,(anonymous_9)
FNF:10
FNH:10
FNDA:7,initTracing
FNDA:11,startSpan
FNDA:6,withSpan
FNDA:7,shutdownTracing
FNDA:1,(anonymous_4)
FNDA:9,_noop
FNDA:1,(anonymous_6)
FNDA:7,(anonymous_7)
FNDA:4,(anonymous_8)
FNDA:7,(anonymous_9)
DA:8,2
DA:10,2
DA:11,2
DA:15,7
DA:16,2
DA:17,2
DA:20,5
DA:21,5
DA:22,5
DA:24,5
DA:25,5
DA:27,5
DA:29,5
DA:31,5
DA:46,3
DA:48,3
DA:49,3
DA:51,3
DA:53,2
DA:59,11
DA:60,2
DA:61,2
DA:62,2
DA:72,6
DA:73,6
DA:74,6
DA:75,3
DA:76,3
DA:78,3
DA:79,3
DA:80,3
DA:82,6
DA:88,7
DA:89,4
DA:90,1
DA:92,4
DA:96,9
LF:37
LH:37
BRDA:15,0,0,2
BRDA:15,0,1,5
BRDA:29,1,0,5
BRDA:29,1,1,2
BRDA:58,2,0,3
BRDA:59,3,0,9
BRDA:59,3,1,2
BRDA:61,4,0,1
BRDA:61,4,1,1
BRDA:88,5,0,3
BRDA:88,5,1,4
BRF:11
BRH:11
end_of_record
TN:
SF:src\features\admin\admin.controller.js
FN:6,listUsers
FN:10,createUser
FN:14,updateUser
FN:18,deleteUser
FN:22,listApiKeys
FN:26,createApiKey
FN:30,revokeApiKey
FN:34,fetchSecurityLogs
FN:38,triggerCanary
FN:42,promoteCanary
FN:46,rollbackDeploy
FN:50,fetchK8sPods
FN:54,fetchK8sHpa
FN:58,fetchGrafanaPanels
FNF:14
FNH:14
FNDA:2,listUsers
FNDA:3,createUser
FNDA:2,updateUser
FNDA:1,deleteUser
FNDA:1,listApiKeys
FNDA:1,createApiKey
FNDA:1,revokeApiKey
FNDA:1,fetchSecurityLogs
FNDA:1,triggerCanary
FNDA:1,promoteCanary
FNDA:1,rollbackDeploy
FNDA:1,fetchK8sPods
FNDA:1,fetchK8sHpa
FNDA:1,fetchGrafanaPanels
DA:7,2
DA:11,3
DA:15,2
DA:19,1
DA:23,1
DA:27,1
DA:31,1
DA:35,1
DA:39,1
DA:43,1
DA:47,1
DA:51,1
DA:55,1
DA:59,1
LF:14
LH:14
BRF:0
BRH:0
end_of_record
TN:
SF:src\features\admin\admin.router.js
FN:49,(anonymous_0)
FN:63,(anonymous_1)
FNF:2
FNH:2
FNDA:2,(anonymous_0)
FNDA:5,(anonymous_1)
DA:14,7
DA:15,7
DA:18,7
DA:19,7
DA:20,7
DA:21,7
DA:24,7
DA:25,7
DA:26,7
DA:29,7
DA:32,7
DA:33,7
DA:34,7
DA:37,7
DA:38,7
DA:41,7
DA:49,7
DA:50,2
DA:51,2
DA:53,0
DA:63,7
DA:64,5
DA:65,5
DA:66,5
DA:68,5
DA:69,2
DA:73,3
DA:74,3
DA:75,1
DA:81,2
DA:82,2
DA:84,0
LF:32
LH:30
BRDA:68,0,0,2
BRDA:68,0,1,3
BRDA:74,1,0,1
BRDA:74,1,1,2
BRF:4
BRH:4
end_of_record
TN:
SF:src\features\agent\agent.service.js
FN:27,dispatch
FN:48,_handle
FN:97,(anonymous_2)
FNF:3
FNH:3
FNDA:33,dispatch
FNDA:33,_handle
FNDA:4,(anonymous_2)
DA:12,4
DA:15,4
DA:17,4
DA:28,33
DA:29,33
DA:30,33
DA:32,33
DA:33,33
DA:34,30
DA:35,30
DA:37,3
DA:38,3
DA:39,3
DA:40,3
DA:42,33
DA:49,33
DA:50,33
DA:52,33
DA:54,10
DA:55,2
DA:56,8
DA:61,8
DA:65,5
DA:66,5
DA:68,4
DA:69,4
DA:70,4
DA:72,4
DA:73,4
DA:77,8
DA:78,8
DA:80,7
DA:81,7
DA:82,7
DA:84,7
DA:85,7
DA:86,7
DA:87,7
DA:89,7
DA:90,7
DA:91,7
DA:95,9
DA:96,6
DA:97,4
DA:98,3
DA:102,1
LF:46
LH:46
BRDA:15,0,0,1
BRDA:15,0,1,3
BRDA:17,1,0,1
BRDA:17,1,1,3
BRDA:27,2,0,1
BRDA:34,3,0,27
BRDA:34,3,1,3
BRDA:38,4,0,3
BRDA:38,4,1,3
BRDA:49,5,0,33
BRDA:49,5,1,19
BRDA:50,6,0,33
BRDA:50,6,1,28
BRDA:52,7,0,10
BRDA:52,7,1,5
BRDA:52,7,2,8
BRDA:52,7,3,9
BRDA:52,7,4,1
BRDA:54,8,0,2
BRDA:54,8,1,8
BRDA:57,9,0,8
BRDA:57,9,1,5
BRDA:59,10,0,8
BRDA:59,10,1,6
BRDA:66,11,0,1
BRDA:66,11,1,4
BRDA:68,12,0,2
BRDA:68,12,1,2
BRDA:69,13,0,2
BRDA:69,13,1,2
BRDA:69,14,0,4
BRDA:69,14,1,3
BRDA:70,15,0,1
BRDA:70,15,1,3
BRDA:78,16,0,1
BRDA:78,16,1,7
BRDA:80,17,0,5
BRDA:80,17,1,2
BRDA:81,18,0,2
BRDA:81,18,1,5
BRDA:81,19,0,7
BRDA:81,19,1,4
BRDA:82,20,0,3
BRDA:82,20,1,4
BRDA:85,21,0,5
BRDA:85,21,1,2
BRDA:86,22,0,3
BRDA:86,22,1,4
BRDA:87,23,0,3
BRDA:87,23,1,4
BRDA:90,24,0,7
BRDA:90,24,1,1
BRDA:96,25,0,3
BRDA:96,25,1,3
BRF:54
BRH:54
end_of_record
TN:
SF:src\features\agent\db.store.js
FN:15,listEvents
FN:22,createEvent
FN:31,findEventByDate
FN:37,findEventBySubject
FN:44,softDeleteEvent
FN:55,updateEvent
FN:70,getTotalCount
FNF:7
FNH:7
FNDA:4,listEvents
FNDA:4,createEvent
FNDA:5,findEventByDate
FNDA:4,findEventBySubject
FNDA:4,softDeleteEvent
FNDA:5,updateEvent
FNDA:2,getTotalCount
DA:9,4
DA:11,4
DA:16,4
DA:23,4
DA:26,4
DA:27,4
DA:28,4
DA:32,5
DA:38,4
DA:45,4
DA:48,4
DA:49,2
DA:50,2
DA:52,4
DA:56,5
DA:57,5
DA:58,5
DA:59,5
DA:61,5
DA:66,5
DA:67,5
DA:71,2
DA:72,2
LF:23
LH:23
BRDA:24,0,0,4
BRDA:24,0,1,1
BRDA:32,1,0,5
BRDA:32,1,1,0
BRDA:38,2,0,4
BRDA:38,2,1,0
BRDA:48,3,0,2
BRDA:48,3,1,2
BRDA:57,4,0,1
BRDA:57,4,1,4
BRDA:58,5,0,4
BRDA:58,5,1,1
BRDA:59,6,0,2
BRDA:59,6,1,3
BRDA:66,7,0,4
BRDA:66,7,1,1
BRDA:67,8,0,5
BRDA:67,8,1,1
BRF:18
BRH:16
end_of_record
TN:
SF:src\features\agent\intent.normalizer.js
FN:17,normalizeIntent
FNF:1
FNH:1
FNDA:23,normalizeIntent
DA:5,3
DA:18,23
DA:20,20
DA:25,20
DA:26,49
DA:28,2
LF:6
LH:6
BRDA:18,0,0,3
BRDA:18,0,1,20
BRDA:26,1,0,18
BRDA:26,1,1,31
BRF:4
BRH:4
end_of_record
TN:
SF:src\features\agent\json.store.js
FN:20,_ensureDir
FN:25,_load
FN:38,(anonymous_2)
FN:48,(anonymous_3)
FN:55,_userEvents
FN:60,_save
FN:61,(anonymous_6)
FN:69,listEvents
FN:71,(anonymous_8)
FN:75,createEvent
FN:86,findEventByDate
FN:87,(anonymous_11)
FN:90,findEventBySubject
FN:92,(anonymous_13)
FN:95,softDeleteEvent
FN:97,(anonymous_15)
FN:106,updateEvent
FN:108,(anonymous_17)
FN:116,getTotalCount
FN:117,(anonymous_19)
FNF:20
FNH:20
FNDA:37,_ensureDir
FNDA:6,_load
FNDA:31,(anonymous_2)
FNDA:1,(anonymous_3)
FNDA:45,_userEvents
FNDA:31,_save
FNDA:2,(anonymous_6)
FNDA:8,listEvents
FNDA:11,(anonymous_8)
FNDA:25,createEvent
FNDA:2,findEventByDate
FNDA:6,(anonymous_11)
FNDA:2,findEventBySubject
FNDA:6,(anonymous_13)
FNDA:5,softDeleteEvent
FNDA:14,(anonymous_15)
FNDA:3,updateEvent
FNDA:9,(anonymous_17)
FNDA:4,getTotalCount
FNDA:11,(anonymous_19)
DA:13,6
DA:15,6
DA:16,6
DA:21,37
DA:22,37
DA:26,6
DA:27,6
DA:28,6
DA:29,2
DA:31,4
DA:35,6
DA:36,6
DA:38,6
DA:39,31
DA:40,31
DA:48,6
DA:49,6
DA:51,6
DA:56,45
DA:57,45
DA:61,31
DA:62,2
DA:63,2
DA:70,8
DA:71,11
DA:76,25
DA:77,25
DA:78,25
DA:79,25
DA:80,25
DA:81,25
DA:82,25
DA:83,25
DA:87,6
DA:91,2
DA:92,6
DA:96,5
DA:97,14
DA:98,5
DA:99,4
DA:100,4
DA:101,4
DA:102,4
DA:103,4
DA:107,3
DA:108,9
DA:109,3
DA:110,2
DA:111,2
DA:112,2
DA:113,2
DA:117,11
LF:52
LH:52
BRDA:22,0,0,2
BRDA:22,0,1,35
BRDA:28,1,0,1
BRDA:28,2,0,1
BRDA:56,3,0,8
BRDA:56,3,1,37
BRDA:71,4,0,11
BRDA:71,4,1,2
BRDA:77,5,0,25
BRDA:77,5,1,1
BRDA:79,6,0,11
BRDA:79,6,1,14
BRDA:87,7,0,2
BRDA:87,7,1,1
BRDA:92,8,0,2
BRDA:92,8,1,1
BRDA:98,9,0,1
BRDA:98,9,1,4
BRDA:109,10,0,1
BRDA:109,10,1,2
BRF:20
BRH:20
end_of_record
TN:
SF:src\features\agent\write-queue.js
FN:15,(anonymous_0)
FN:27,(anonymous_1)
FN:38,(anonymous_2)
FN:55,(anonymous_3)
FN:57,(anonymous_4)
FNF:5
FNH:5
FNDA:8,(anonymous_0)
FNDA:9,(anonymous_1)
FNDA:8,(anonymous_2)
FNDA:2,(anonymous_3)
FNDA:1,(anonymous_4)
DA:8,3
DA:16,8
DA:17,7
DA:18,7
DA:19,7
DA:20,7
DA:28,9
DA:31,3
DA:32,3
DA:34,6
DA:35,6
DA:39,8
DA:40,8
DA:41,8
DA:42,8
DA:44,1
DA:46,7
DA:47,7
DA:49,2
DA:55,2
DA:57,1
LF:21
LH:21
BRDA:15,0,0,6
BRDA:16,1,0,1
BRDA:16,1,1,7
BRDA:28,2,0,3
BRDA:28,2,1,6
BRDA:47,3,0,2
BRDA:47,3,1,5
BRF:7
BRH:7
end_of_record
TN:
SF:src\features\auth\auth.controller.js
FN:28,handleIssue
FN:54,handleRefresh
FN:73,handleLogout
FNF:3
FNH:3
FNDA:13,handleIssue
FNDA:6,handleRefresh
FNDA:8,handleLogout
DA:15,9
DA:17,9
DA:18,9
DA:29,13
DA:31,13
DA:32,5
DA:34,8
DA:35,2
DA:36,2
DA:39,6
DA:40,6
DA:42,6
DA:43,6
DA:45,6
DA:55,6
DA:56,6
DA:57,3
DA:60,3
DA:61,3
DA:62,2
DA:63,2
DA:65,1
DA:66,1
DA:67,1
DA:74,8
DA:75,8
DA:76,5
DA:77,5
DA:78,4
DA:84,8
DA:85,8
DA:86,8
LF:32
LH:32
BRDA:29,0,0,13
BRDA:29,0,1,2
BRDA:31,1,0,5
BRDA:31,1,1,8
BRDA:31,2,0,13
BRDA:31,2,1,9
BRDA:34,3,0,2
BRDA:34,3,1,6
BRDA:56,4,0,3
BRDA:56,4,1,3
BRDA:75,5,0,5
BRDA:75,5,1,3
BRDA:78,6,0,2
BRDA:78,6,1,2
BRF:14
BRH:14
end_of_record
TN:
SF:src\features\auth\auth.middleware.js
FN:15,requireJwt
FN:35,requireApiKey
FNF:2
FNH:2
FNDA:20,requireJwt
FNDA:5,requireApiKey
DA:9,8
DA:16,20
DA:17,20
DA:18,6
DA:21,14
DA:22,14
DA:23,14
DA:24,6
DA:26,8
DA:27,8
DA:28,8
DA:36,5
DA:37,5
DA:38,3
DA:39,3
LF:15
LH:15
BRDA:16,0,0,20
BRDA:16,0,1,3
BRDA:17,1,0,6
BRDA:17,1,1,14
BRDA:26,2,0,2
BRDA:26,2,1,6
BRDA:36,3,0,5
BRDA:36,3,1,1
BRDA:37,4,0,2
BRDA:37,4,1,3
BRF:10
BRH:10
end_of_record
TN:
SF:src\features\auth\auth.router.js
FNF:0
FNH:0
DA:8,6
DA:10,6
DA:11,6
DA:12,6
LF:4
LH:4
BRF:0
BRH:0
end_of_record
TN:
SF:src\features\auth\token.service.js
FN:21,issueTokens
FN:53,verifyAccess
FN:62,refreshTokens
FNF:3
FNH:3
FNDA:19,issueTokens
FNDA:68,verifyAccess
FNDA:9,refreshTokens
DA:11,10
DA:13,10
DA:14,10
DA:22,19
DA:24,19
DA:30,19
DA:31,19
DA:36,19
DA:37,19
DA:40,1
DA:43,19
DA:44,19
DA:54,68
DA:63,9
DA:66,7
DA:68,6
DA:69,6
DA:70,5
DA:72,2
DA:73,2
DA:77,4
DA:79,4
DA:81,4
DA:83,1
DA:86,4
LF:25
LH:25
BRDA:22,0,0,19
BRDA:22,0,1,13
BRDA:66,1,0,1
BRDA:66,1,1,6
BRDA:70,2,0,1
BRDA:70,2,1,4
BRF:6
BRH:6
end_of_record
TN:
SF:src\features\lang\lang.service.js
FN:15,_words
FN:24,detectLang
FN:50,twilioLocale
FN:59,normalizeLang
FNF:4
FNH:4
FNDA:12,_words
FNDA:24,detectLang
FNDA:21,twilioLocale
FNDA:19,normalizeLang
DA:7,7
DA:9,7
DA:11,7
DA:13,7
DA:16,12
DA:25,24
DA:26,20
DA:27,20
DA:28,19
DA:29,16
DA:30,15
DA:31,13
DA:33,12
DA:34,12
DA:35,12
DA:36,72
DA:37,72
DA:38,72
DA:40,12
DA:41,8
DA:42,4
DA:51,21
DA:60,19
DA:61,16
DA:62,16
DA:63,93
DA:65,2
LF:27
LH:27
BRDA:25,0,0,4
BRDA:25,0,1,20
BRDA:27,1,0,1
BRDA:27,1,1,19
BRDA:28,2,0,3
BRDA:28,2,1,16
BRDA:29,3,0,1
BRDA:29,3,1,15
BRDA:30,4,0,2
BRDA:30,4,1,13
BRDA:31,5,0,1
BRDA:31,5,1,12
BRDA:36,6,0,14
BRDA:36,6,1,58
BRDA:37,7,0,25
BRDA:37,7,1,47
BRDA:38,8,0,25
BRDA:38,8,1,47
BRDA:40,9,0,4
BRDA:40,9,1,8
BRDA:40,10,0,12
BRDA:40,10,1,4
BRDA:41,11,0,4
BRDA:41,11,1,4
BRDA:51,12,0,21
BRDA:51,12,1,3
BRDA:60,13,0,3
BRDA:60,13,1,16
BRDA:63,14,0,14
BRDA:63,14,1,79
BRF:30
BRH:30
end_of_record
TN:
SF:src\features\memory\memory.service.js
FN:18,(anonymous_0)
FN:29,(anonymous_1)
FN:33,_get
FN:35,(anonymous_3)
FN:53,_save
FN:55,(anonymous_5)
FN:63,getSession
FN:67,addUserTurn
FN:73,addAgentTurn
FN:93,buildContext
FN:97,(anonymous_10)
FN:113,getLastEntities
FN:124,detectShortAnswer
FN:129,(anonymous_13)
FN:130,(anonymous_14)
FN:134,setLang
FN:140,getLang
FN:141,(anonymous_17)
FN:145,clearSession
FN:146,(anonymous_19)
FN:150,getStats
FN:154,(anonymous_21)
FN:165,_push
FNF:23
FNH:22
FNDA:5,(anonymous_0)
FNDA:150,(anonymous_1)
FNDA:89,_get
FNDA:4,(anonymous_3)
FNDA:54,_save
FNDA:2,(anonymous_5)
FNDA:18,getSession
FNDA:33,addUserTurn
FNDA:18,addAgentTurn
FNDA:9,buildContext
FNDA:8,(anonymous_10)
FNDA:2,getLastEntities
FNDA:27,detectShortAnswer
FNDA:204,(anonymous_13)
FNDA:50,(anonymous_14)
FNDA:3,setLang
FNDA:6,getLang
FNDA:0,(anonymous_17)
FNDA:7,clearSession
FNDA:2,(anonymous_19)
FNDA:13,getStats
FNDA:86,(anonymous_21)
FNDA:51,_push
DA:9,10
DA:10,10
DA:11,10
DA:15,10
DA:18,10
DA:19,5
DA:20,5
DA:21,5
DA:22,3
DA:24,5
DA:29,150
DA:35,89
DA:36,89
DA:37,40
DA:38,40
DA:39,39
DA:44,51
DA:45,7
DA:46,7
DA:47,7
DA:50,44
DA:54,54
DA:55,54
DA:56,2
DA:58,54
DA:64,18
DA:68,33
DA:69,33
DA:70,33
DA:74,18
DA:75,18
DA:84,18
DA:85,15
DA:86,15
DA:87,15
DA:88,15
DA:90,18
DA:94,9
DA:95,9
DA:97,8
DA:98,8
DA:100,8
DA:102,8
DA:103,5
DA:104,5
DA:105,5
DA:106,5
DA:107,5
DA:108,5
DA:110,8
DA:114,2
DA:115,2
DA:116,1
DA:125,27
DA:126,25
DA:127,25
DA:128,25
DA:129,204
DA:130,50
DA:131,3
DA:135,3
DA:136,3
DA:137,3
DA:141,6
DA:142,6
DA:146,7
DA:147,7
DA:151,13
DA:154,86
DA:166,51
DA:167,51
DA:168,2
DA:170,51
LF:73
LH:73
BRDA:22,0,0,1
BRDA:22,0,1,2
BRDA:24,1,0,1
BRDA:24,1,1,4
BRDA:36,2,0,40
BRDA:36,2,1,49
BRDA:39,3,0,38
BRDA:39,3,1,1
BRDA:44,4,0,7
BRDA:44,4,1,44
BRDA:73,5,0,1
BRDA:79,6,0,18
BRDA:79,6,1,12
BRDA:80,7,0,18
BRDA:80,7,1,15
BRDA:84,8,0,15
BRDA:84,8,1,3
BRDA:84,9,0,18
BRDA:84,9,1,16
BRDA:86,10,0,15
BRDA:86,10,1,9
BRDA:87,11,0,15
BRDA:87,11,1,12
BRDA:88,12,0,15
BRDA:88,12,1,6
BRDA:95,13,0,1
BRDA:95,13,1,8
BRDA:98,14,0,4
BRDA:98,14,1,4
BRDA:102,15,0,5
BRDA:102,15,1,3
BRDA:102,16,0,8
BRDA:102,16,1,4
BRDA:104,17,0,3
BRDA:104,17,1,2
BRDA:105,18,0,4
BRDA:105,18,1,1
BRDA:106,19,0,2
BRDA:106,19,1,3
BRDA:107,20,0,4
BRDA:107,20,1,1
BRDA:115,21,0,1
BRDA:115,21,1,1
BRDA:125,22,0,2
BRDA:125,22,1,25
BRDA:129,23,0,14
BRDA:129,23,1,11
BRDA:129,24,0,204
BRDA:129,24,1,191
BRDA:130,25,0,8
BRDA:130,25,1,3
BRDA:130,26,0,50
BRDA:130,26,1,43
BRDA:142,27,0,6
BRDA:142,27,1,2
BRDA:153,28,0,1
BRDA:153,28,1,12
BRDA:167,29,0,2
BRDA:167,29,1,49
BRF:59
BRH:59
end_of_record
TN:
SF:src\features\memory\session.schema.js
FN:25,(anonymous_0)
FN:35,parseSession
FN:45,defaultSession
FNF:3
FNH:3
FNDA:44,(anonymous_0)
FNDA:43,parseSession
FNDA:41,defaultSession
DA:7,10
DA:17,10
DA:25,44
DA:36,43
DA:37,43
DA:46,41
LF:6
LH:6
BRDA:37,0,0,38
BRDA:37,0,1,5
BRF:2
BRH:2
end_of_record
TN:
SF:src\features\nlu\nlu.service.js
FN:17,_analyze
FN:30,_resolveDateTime
FN:42,_resolveImplicit
FN:83,_getMissing
FN:122,understand
FN:183,_fail
FNF:6
FNH:6
FNDA:46,_analyze
FNDA:41,_resolveDateTime
FNDA:44,_resolveImplicit
FNDA:41,_getMissing
FNDA:51,understand
FNDA:7,_fail
DA:12,5
DA:13,5
DA:19,46
DA:20,42
DA:21,42
DA:24,4
DA:25,4
DA:31,41
DA:32,41
DA:33,41
DA:36,7
DA:43,44
DA:45,20
DA:46,20
DA:47,20
DA:49,16
DA:50,3
DA:51,3
DA:58,13
DA:59,1
DA:60,1
DA:63,12
DA:64,10
DA:65,10
DA:67,10
DA:68,1
DA:71,9
DA:72,8
DA:78,3
DA:84,41
DA:85,41
DA:86,10
DA:87,10
DA:89,41
DA:90,13
DA:92,41
DA:123,51
DA:125,46
DA:126,46
DA:128,46
DA:129,46
DA:133,46
DA:136,46
DA:137,46
DA:138,44
DA:140,2
DA:141,2
DA:142,2
DA:145,44
DA:147,44
DA:148,3
DA:157,41
DA:158,41
DA:159,41
DA:160,41
DA:161,41
DA:162,41
DA:164,41
DA:166,41
DA:184,7
LF:60
LH:60
BRDA:19,0,0,42
BRDA:19,0,1,4
BRDA:36,1,0,7
BRDA:36,1,1,1
BRDA:36,2,0,7
BRDA:36,2,1,2
BRDA:43,3,0,24
BRDA:43,3,1,20
BRDA:47,4,0,4
BRDA:47,4,1,16
BRDA:49,5,0,3
BRDA:49,5,1,13
BRDA:49,6,0,16
BRDA:49,6,1,3
BRDA:52,7,0,3
BRDA:52,7,1,1
BRDA:53,8,0,3
BRDA:53,8,1,1
BRDA:54,9,0,3
BRDA:54,9,1,1
BRDA:58,10,0,1
BRDA:58,10,1,12
BRDA:63,11,0,10
BRDA:63,11,1,2
BRDA:63,12,0,12
BRDA:63,12,1,2
BRDA:67,13,0,1
BRDA:67,13,1,9
BRDA:67,14,0,10
BRDA:67,14,1,1
BRDA:71,15,0,8
BRDA:71,15,1,1
BRDA:73,16,0,8
BRDA:73,16,1,7
BRDA:74,17,0,8
BRDA:74,17,1,7
BRDA:85,18,0,10
BRDA:85,18,1,31
BRDA:86,19,0,5
BRDA:86,19,1,5
BRDA:87,20,0,7
BRDA:87,20,1,3
BRDA:89,21,0,13
BRDA:89,21,1,28
BRDA:89,22,0,41
BRDA:89,22,1,38
BRDA:90,23,0,10
BRDA:90,23,1,3
BRDA:122,24,0,25
BRDA:122,25,0,51
BRDA:123,26,0,5
BRDA:123,26,1,46
BRDA:125,27,0,42
BRDA:125,27,1,4
BRDA:128,28,0,20
BRDA:128,28,1,26
BRDA:129,29,0,1
BRDA:129,29,1,45
BRDA:133,30,0,1
BRDA:133,30,1,45
BRDA:147,31,0,3
BRDA:147,31,1,41
BRDA:147,32,0,44
BRDA:147,32,1,12
BRDA:158,33,0,19
BRDA:158,33,1,22
BRDA:159,34,0,41
BRDA:159,34,1,23
BRDA:159,34,2,23
BRDA:160,35,0,41
BRDA:160,35,1,28
BRDA:160,35,2,28
BRDA:168,36,0,41
BRDA:168,36,1,2
BRDA:169,37,0,41
BRDA:169,37,1,2
BRDA:170,38,0,41
BRDA:170,38,1,5
BRDA:177,39,0,41
BRDA:177,39,1,2
BRF:80
BRH:80
end_of_record
TN:
SF:src\features\responder\responder.service.js
FN:33,autoReply
FN:48,getTones
FNF:2
FNH:2
FNDA:11,autoReply
FNDA:4,getTones
DA:7,2
DA:25,2
DA:34,11
DA:37,11
DA:38,11
DA:49,4
LF:6
LH:6
BRDA:33,0,0,1
BRDA:34,1,0,11
BRDA:34,1,1,1
BRF:3
BRH:3
end_of_record
TN:
SF:src\features\sms\sms.controller.js
FN:13,_xml
FN:17,_message
FN:21,_esc
FN:29,handleSms
FNF:4
FNH:4
FNDA:18,_xml
FNDA:14,_message
FNDA:14,_esc
FNDA:18,handleSms
DA:11,8
DA:14,18
DA:18,14
DA:22,14
DA:30,18
DA:31,18
DA:33,18
DA:34,18
DA:36,18
DA:39,18
DA:40,1
DA:41,1
DA:44,17
DA:46,14
DA:47,1
DA:50,13
DA:51,13
DA:52,11
DA:53,11
DA:55,2
DA:56,2
DA:57,2
LF:22
LH:22
BRDA:30,0,0,2
BRDA:30,1,0,1
BRDA:39,2,0,1
BRDA:39,2,1,17
BRDA:44,3,0,3
BRDA:44,3,1,14
BRDA:46,4,0,1
BRDA:46,4,1,13
BRF:8
BRH:8
end_of_record
TN:
SF:src\features\sms\sms.router.js
FNF:0
FNH:0
DA:7,6
DA:9,6
LF:2
LH:2
BRF:0
BRH:0
end_of_record
TN:
SF:src\features\tts\tts.cache.js
FN:18,cacheKey
FN:28,cacheGet
FN:36,(anonymous_2)
FN:60,cacheSet
FN:64,(anonymous_4)
FN:69,(anonymous_5)
FNF:6
FNH:6
FNDA:146,cacheKey
FNDA:19,cacheGet
FNDA:1,(anonymous_2)
FNDA:111,cacheSet
FNDA:1,(anonymous_4)
FNDA:1,(anonymous_5)
DA:11,4
DA:12,4
DA:13,4
DA:15,4
DA:19,146
DA:29,19
DA:31,19
DA:32,8
DA:33,8
DA:34,7
DA:35,4
DA:36,4
DA:37,4
DA:40,4
DA:41,4
DA:44,1
DA:46,4
DA:49,11
DA:50,11
DA:51,3
DA:61,111
DA:63,111
DA:64,3
DA:65,1
DA:67,3
DA:70,3
DA:74,108
DA:75,108
LF:28
LH:28
BRDA:18,0,0,1
BRDA:28,1,0,2
BRDA:31,2,0,8
BRDA:31,2,1,11
BRDA:34,3,0,4
BRDA:34,3,1,3
BRDA:37,4,0,2
BRDA:37,4,1,2
BRDA:50,5,0,8
BRDA:50,5,1,3
BRDA:60,6,0,1
BRDA:63,7,0,3
BRDA:63,7,1,108
BRDA:74,8,0,6
BRDA:74,8,1,102
BRF:15
BRH:15
end_of_record
TN:
SF:src\features\tts\tts.service.js
FN:31,synthesize
FN:44,(anonymous_1)
FN:67,_synthesize
FNF:3
FNH:3
FNDA:29,synthesize
FNDA:24,(anonymous_1)
FNDA:21,_synthesize
DA:13,3
DA:15,3
DA:32,29
DA:34,25
DA:35,25
DA:36,25
DA:39,25
DA:40,1
DA:44,24
DA:46,24
DA:47,24
DA:48,3
DA:49,3
DA:53,21
DA:56,24
DA:57,24
DA:59,24
DA:60,24
DA:62,24
DA:63,24
DA:68,21
DA:70,21
DA:72,21
DA:74,21
DA:75,21
DA:76,1
DA:77,1
DA:78,20
DA:79,1
DA:80,1
DA:81,19
DA:82,1
DA:83,1
DA:86,21
DA:88,1
DA:89,1
DA:90,1
DA:93,4
DA:94,4
DA:95,1
DA:96,1
DA:99,2
DA:100,2
DA:101,1
DA:102,1
DA:105,14
DA:108,16
DA:109,16
DA:115,16
DA:116,16
DA:118,5
DA:119,5
DA:121,5
DA:122,4
DA:123,4
DA:124,4
DA:126,1
LF:57
LH:57
BRDA:31,0,0,25
BRDA:32,1,0,4
BRDA:32,1,1,25
BRDA:39,2,0,1
BRDA:39,2,1,24
BRDA:47,3,0,3
BRDA:47,3,1,21
BRDA:75,4,0,1
BRDA:75,4,1,20
BRDA:75,5,0,21
BRDA:75,5,1,5
BRDA:78,6,0,1
BRDA:78,6,1,19
BRDA:78,7,0,20
BRDA:78,7,1,3
BRDA:81,8,0,1
BRDA:81,8,1,18
BRDA:81,9,0,19
BRDA:81,9,1,2
BRDA:86,10,0,1
BRDA:86,10,1,4
BRDA:86,10,2,2
BRDA:86,10,3,14
BRDA:111,11,0,2
BRDA:111,11,1,14
BRDA:112,12,0,2
BRDA:112,12,1,14
BRDA:121,13,0,4
BRDA:121,13,1,1
BRF:29
BRH:29
end_of_record
TN:
SF:src\features\tts\providers\azure.js
FN:9,_escXml
FN:20,synthesizeAzure
FNF:2
FNH:2
FNDA:15,_escXml
FNDA:20,synthesizeAzure
DA:10,15
DA:21,20
DA:23,20
DA:26,18
DA:30,17
DA:31,15
DA:34,15
DA:35,15
DA:49,15
DA:51,13
LF:10
LH:10
BRDA:20,0,0,19
BRDA:23,1,0,2
BRDA:23,1,1,18
BRDA:30,2,0,2
BRDA:30,2,1,15
BRDA:49,3,0,2
BRDA:49,3,1,13
BRF:7
BRH:7
end_of_record
TN:
SF:src\features\tts\providers\elevenlabs.js
FN:13,synthesizeElevenLabs
FN:34,(anonymous_1)
FNF:2
FNH:2
FNDA:15,synthesizeElevenLabs
FNDA:1,(anonymous_1)
DA:14,15
DA:16,15
DA:18,13
DA:33,13
DA:34,4
DA:35,4
DA:38,9
LF:7
LH:7
BRDA:16,0,0,2
BRDA:16,0,1,13
BRDA:33,1,0,4
BRDA:33,1,1,9
BRF:4
BRH:4
end_of_record
TN:
SF:src\features\tts\providers\mock.js
FN:12,synthesizeMock
FNF:1
FNH:1
FNDA:15,synthesizeMock
DA:6,2
DA:13,15
DA:15,15
DA:16,15
DA:17,15
DA:18,15
DA:20,15
DA:21,15
DA:22,15
DA:23,15
DA:24,15
DA:25,15
DA:26,15
DA:28,15
LF:14
LH:14
BRF:0
BRH:0
end_of_record
TN:
SF:src\features\tts\providers\piper.js
FN:19,synthesizePiper
FN:42,(anonymous_1)
FN:43,(anonymous_2)
FNF:3
FNH:3
FNDA:12,synthesizePiper
FNDA:1,(anonymous_1)
FNDA:1,(anonymous_2)
DA:13,1
DA:20,12
DA:21,12
DA:23,12
DA:25,10
DA:26,10
DA:28,10
DA:29,10
DA:30,10
DA:32,10
DA:33,10
DA:38,7
DA:40,3
DA:42,10
DA:43,10
LF:15
LH:15
BRDA:23,0,0,2
BRDA:23,0,1,10
BRF:2
BRH:2
end_of_record
TN:
SF:src\features\voice\greeting.js
FN:17,getGreetingUrl
FN:24,prewarmGreeting
FNF:2
FNH:2
FNDA:5,getGreetingUrl
FNDA:7,prewarmGreeting
DA:10,7
DA:12,7
DA:14,7
DA:17,5
DA:25,7
DA:26,7
DA:27,6
DA:28,5
DA:29,5
DA:31,2
DA:32,2
LF:11
LH:11
BRF:0
BRH:0
end_of_record
TN:
SF:src\features\voice\pipeline.js
FN:27,runPipeline
FN:103,withTimeout
FN:106,(anonymous_2)
FN:107,(anonymous_3)
FN:117,_sayOrPlay
FN:130,_translate
FN:142,_buildMissingQuestion
FNF:7
FNH:7
FNDA:57,runPipeline
FNDA:7,withTimeout
FNDA:7,(anonymous_2)
FNDA:1,(anonymous_3)
FNDA:49,_sayOrPlay
FNDA:31,_translate
FNDA:16,_buildMissingQuestion
DA:17,11
DA:18,11
DA:28,57
DA:29,57
DA:30,57
DA:31,57
DA:32,57
DA:35,57
DA:36,2
DA:37,2
DA:38,2
DA:41,55
DA:43,55
DA:44,55
DA:49,55
DA:50,55
DA:52,6
DA:53,6
DA:54,6
DA:55,6
DA:60,49
DA:61,5
DA:62,5
DA:63,5
DA:64,5
DA:65,5
DA:70,44
DA:71,16
DA:72,16
DA:73,16
DA:74,16
DA:75,16
DA:81,28
DA:82,28
DA:83,24
DA:85,4
DA:86,4
DA:89,28
DA:90,28
DA:92,28
DA:93,28
DA:94,28
DA:104,7
DA:107,7
DA:110,7
DA:118,49
DA:119,49
DA:120,46
DA:121,43
DA:122,43
DA:124,6
DA:125,6
DA:126,6
DA:131,31
DA:133,12
DA:134,11
DA:135,11
DA:136,11
DA:138,1
DA:143,16
DA:144,16
DA:145,10
DA:146,2
DA:147,8
DA:148,4
DA:149,4
DA:150,2
DA:152,8
DA:153,6
DA:154,4
LF:70
LH:70
BRDA:28,0,0,56
BRDA:28,0,1,1
BRDA:35,1,0,2
BRDA:35,1,1,55
BRDA:43,2,0,53
BRDA:43,2,1,2
BRDA:60,3,0,5
BRDA:60,3,1,44
BRDA:60,4,0,49
BRDA:60,4,1,21
BRDA:63,5,0,5
BRDA:63,5,1,0
BRDA:70,6,0,16
BRDA:70,6,1,28
BRDA:73,7,0,16
BRDA:73,7,1,0
BRDA:90,8,0,10
BRDA:90,8,1,18
BRDA:92,9,0,26
BRDA:92,9,1,2
BRDA:103,10,0,2
BRDA:125,11,0,6
BRDA:125,11,1,4
BRDA:131,12,0,19
BRDA:131,12,1,12
BRDA:133,13,0,1
BRDA:133,13,1,11
BRDA:143,14,0,2
BRDA:143,14,1,14
BRDA:144,15,0,10
BRDA:144,15,1,6
BRDA:145,16,0,2
BRDA:145,16,1,8
BRDA:145,17,0,10
BRDA:145,17,1,6
BRDA:147,18,0,4
BRDA:147,18,1,4
BRDA:149,19,0,2
BRDA:149,19,1,2
BRDA:152,20,0,2
BRDA:152,20,1,6
BRDA:153,21,0,2
BRDA:153,21,1,4
BRF:43
BRH:41
end_of_record
TN:
SF:src\features\voice\rate-limiter.js
FN:23,_getLua
FN:33,isRateLimited
FN:70,_hashPhone
FNF:3
FNH:3
FNDA:8,_getLua
FNDA:164,isRateLimited
FNDA:153,_hashPhone
DA:14,10
DA:16,10
DA:17,10
DA:19,10
DA:20,10
DA:22,10
DA:24,8
DA:25,8
DA:34,164
DA:36,154
DA:38,153
DA:39,153
DA:41,153
DA:42,153
DA:43,8
DA:44,8
DA:46,7
DA:47,2
DA:48,2
DA:49,2
DA:51,5
DA:55,145
DA:56,144
DA:57,144
DA:58,12
DA:59,12
DA:60,12
DA:62,132
DA:64,2
DA:65,2
DA:71,153
LF:31
LH:31
BRDA:24,0,0,1
BRDA:24,0,1,7
BRDA:34,1,0,10
BRDA:34,1,1,154
BRDA:34,2,0,164
BRDA:34,2,1,157
BRDA:36,3,0,1
BRDA:36,3,1,153
BRDA:42,4,0,8
BRDA:42,4,1,145
BRDA:46,5,0,2
BRDA:46,5,1,5
BRDA:46,6,0,7
BRDA:46,6,1,6
BRDA:56,7,0,16
BRDA:56,7,1,128
BRDA:57,8,0,12
BRDA:57,8,1,132
BRF:18
BRH:18
end_of_record
TN:
SF:src\features\voice\twiml.builder.js
FN:17,twimlPlayThenGather
FN:34,twimlSayThenGather
FN:48,twimlGather
FN:62,twimlError
FN:74,_esc
FNF:5
FNH:5
FNDA:6,twimlPlayThenGather
FNDA:4,twimlSayThenGather
FNDA:3,twimlGather
FNDA:2,twimlError
FNDA:48,_esc
DA:5,7
DA:18,6
DA:19,6
DA:35,4
DA:36,4
DA:49,3
DA:50,3
DA:63,2
DA:64,2
DA:65,1
DA:75,48
LF:11
LH:11
BRDA:17,0,0,2
BRDA:18,1,0,2
BRDA:18,2,0,6
BRDA:18,3,0,6
BRDA:34,4,0,1
BRDA:35,5,0,1
BRDA:35,6,0,4
BRDA:35,7,0,4
BRDA:48,8,0,1
BRDA:49,9,0,3
BRDA:49,10,0,1
BRDA:49,11,0,1
BRDA:62,12,0,1
BRDA:62,13,0,1
BRDA:64,14,0,1
BRDA:64,14,1,1
BRF:16
BRH:16
end_of_record
TN:
SF:src\features\voice\voice.controller.js
FN:21,handleVoice
FN:44,handleGather
FN:68,(anonymous_2)
FN:68,(anonymous_3)
FN:82,handleStatus
FN:95,handleHealth
FNF:6
FNH:6
FNDA:6,handleVoice
FNDA:10,handleGather
FNDA:6,(anonymous_2)
FNDA:1,(anonymous_3)
FNDA:9,handleStatus
FNDA:6,handleHealth
DA:17,7
DA:22,6
DA:23,6
DA:24,6
DA:26,6
DA:27,2
DA:28,2
DA:33,4
DA:34,4
DA:35,4
DA:39,4
DA:50,10
DA:52,10
DA:53,10
DA:54,10
DA:55,10
DA:57,10
DA:59,10
DA:60,1
DA:63,9
DA:64,3
DA:67,6
DA:68,6
DA:69,1
DA:70,1
DA:71,1
DA:77,6
DA:83,9
DA:84,9
DA:86,9
DA:87,7
DA:88,7
DA:90,9
DA:96,6
LF:34
LH:34
BRDA:26,0,0,2
BRDA:26,0,1,4
BRDA:35,1,0,1
BRDA:35,1,1,3
BRDA:46,2,0,2
BRDA:59,3,0,1
BRDA:59,3,1,9
BRDA:63,4,0,3
BRDA:63,4,1,6
BRDA:70,5,0,1
BRDA:70,5,1,1
BRDA:86,6,0,7
BRDA:86,6,1,2
BRF:13
BRH:13
end_of_record
TN:
SF:src\features\voice\voice.router.js
FN:19,(anonymous_0)
FN:26,(anonymous_1)
FN:27,(anonymous_2)
FN:28,(anonymous_3)
FN:29,(anonymous_4)
FNF:5
FNH:5
FNDA:12,(anonymous_0)
FNDA:2,(anonymous_1)
FNDA:5,(anonymous_2)
FNDA:2,(anonymous_3)
FNDA:1,(anonymous_4)
DA:16,6
DA:19,6
DA:20,12
DA:21,12
DA:26,6
DA:27,6
DA:28,6
DA:29,6
LF:8
LH:8
BRF:0
BRH:0
end_of_record
TN:
SF:src\infra\db\dbClient.js
FN:53,(anonymous_0)
FN:54,(anonymous_1)
FN:65,(anonymous_2)
FN:66,(anonymous_3)
FN:72,(anonymous_4)
FN:98,destroyDb
FNF:6
FNH:3
FNDA:2,(anonymous_0)
FNDA:2,(anonymous_1)
FNDA:0,(anonymous_2)
FNDA:0,(anonymous_3)
FNDA:0,(anonymous_4)
FNDA:3,destroyDb
DA:10,6
DA:14,6
DA:19,6
DA:29,6
DA:31,6
DA:33,6
DA:35,4
DA:37,4
DA:54,2
DA:64,4
DA:65,0
DA:66,0
DA:67,0
DA:68,0
DA:69,0
DA:70,0
DA:72,0
DA:73,0
DA:74,0
DA:75,0
DA:76,0
DA:82,4
DA:83,4
DA:84,3
DA:85,3
DA:87,1
DA:92,2
DA:99,3
DA:100,2
DA:101,2
LF:30
LH:19
BRDA:33,0,0,4
BRDA:33,0,1,2
BRDA:42,1,0,4
BRDA:42,1,1,1
BRDA:43,2,0,4
BRDA:43,2,1,1
BRDA:44,3,0,4
BRDA:44,3,1,1
BRDA:45,4,0,1
BRDA:45,4,1,3
BRDA:64,5,0,0
BRDA:64,5,1,4
BRDA:70,6,0,0
BRDA:70,6,1,0
BRDA:74,7,0,0
BRDA:74,7,1,0
BRDA:85,8,0,3
BRDA:85,8,1,1
BRDA:99,9,0,2
BRDA:99,9,1,1
BRF:20
BRH:15
end_of_record
TN:
SF:src\infra\http\httpClient.js
FN:33,apiFetch
FNF:1
FNH:1
FNDA:7,apiFetch
DA:10,4
DA:17,4
DA:34,7
DA:39,7
DA:41,7
LF:5
LH:5
BRDA:33,0,0,2
BRDA:34,1,0,5
BRDA:34,1,1,2
BRDA:43,2,0,3
BRDA:43,2,1,4
BRF:5
BRH:5
end_of_record
TN:
SF:src\infra\redis\redisClient.js
FN:22,(anonymous_0)
FN:35,(anonymous_1)
FN:36,(anonymous_2)
FN:37,(anonymous_3)
FN:38,(anonymous_4)
FN:59,_expired
FN:63,_memGet
FN:70,_memSet
FN:78,(anonymous_8)
FN:85,cacheGet
FN:89,cacheGetBuffer
FN:95,cacheSet
FN:100,cacheSetBuffer
FN:105,cacheDel
FN:110,cacheIncr
FN:118,cacheExpire
FN:124,cacheTtl
FN:141,evalScript
FNF:18
FNH:18
FNDA:4,(anonymous_0)
FNDA:1,(anonymous_1)
FNDA:1,(anonymous_2)
FNDA:2,(anonymous_3)
FNDA:1,(anonymous_4)
FNDA:29,_expired
FNDA:49,_memGet
FNDA:21,_memSet
FNDA:11,(anonymous_8)
FNDA:26,cacheGet
FNDA:5,cacheGetBuffer
FNDA:21,cacheSet
FNDA:4,cacheSetBuffer
FNDA:30,cacheDel
FNDA:21,cacheIncr
FNDA:5,cacheExpire
FNDA:11,cacheTtl
FNDA:5,evalScript
DA:9,18
DA:13,18
DA:14,18
DA:16,18
DA:17,3
DA:18,3
DA:20,3
DA:22,4
DA:28,3
DA:29,2
DA:30,2
DA:32,2
DA:33,2
DA:35,2
DA:36,2
DA:37,2
DA:38,2
DA:40,1
DA:41,1
DA:42,1
DA:45,15
DA:49,18
DA:51,18
DA:57,18
DA:60,29
DA:64,49
DA:65,49
DA:66,25
DA:71,21
DA:78,18
DA:79,11
DA:86,26
DA:90,5
DA:91,4
DA:92,4
DA:96,21
DA:97,19
DA:101,4
DA:102,2
DA:106,30
DA:107,29
DA:111,21
DA:112,20
DA:113,20
DA:114,20
DA:115,20
DA:119,5
DA:120,4
DA:121,4
DA:125,11
DA:126,10
DA:127,10
DA:128,5
DA:142,5
DA:143,4
LF:55
LH:55
BRDA:16,0,0,3
BRDA:16,0,1,15
BRDA:60,1,0,29
BRDA:60,1,1,11
BRDA:65,2,0,24
BRDA:65,2,1,25
BRDA:65,3,0,49
BRDA:65,3,1,26
BRDA:70,4,0,0
BRDA:73,5,0,12
BRDA:73,5,1,9
BRDA:79,6,0,2
BRDA:79,6,1,1
BRDA:86,7,0,1
BRDA:86,7,1,25
BRDA:90,8,0,1
BRDA:90,8,1,4
BRDA:92,9,0,2
BRDA:92,9,1,2
BRDA:95,10,0,9
BRDA:96,11,0,2
BRDA:96,11,1,19
BRDA:96,12,0,1
BRDA:96,12,1,1
BRDA:100,13,0,2
BRDA:101,14,0,2
BRDA:101,14,1,2
BRDA:101,15,0,1
BRDA:101,15,1,1
BRDA:106,16,0,1
BRDA:106,16,1,29
BRDA:111,17,0,1
BRDA:111,17,1,20
BRDA:112,18,0,20
BRDA:112,18,1,5
BRDA:114,19,0,20
BRDA:114,19,1,19
BRDA:119,20,0,1
BRDA:119,20,1,4
BRDA:121,21,0,3
BRDA:121,21,1,1
BRDA:125,22,0,1
BRDA:125,22,1,10
BRDA:127,23,0,5
BRDA:127,23,1,5
BRDA:127,24,0,10
BRDA:127,24,1,8
BRDA:141,25,0,1
BRDA:141,26,0,1
BRDA:142,27,0,1
BRDA:142,27,1,4
BRF:51
BRH:50
end_of_record
TN:
SF:src\services\agent.js
FN:31,_failureReason
FN:41,(anonymous_1)
FN:42,(anonymous_2)
FN:43,(anonymous_3)
FN:44,(anonymous_4)
FN:45,(anonymous_5)
FN:53,_composeResponse
FN:73,_makeAgent
FN:77,_resolve
FN:96,(anonymous_9)
FN:126,process
FNF:11
FNH:11
FNDA:25,_failureReason
FNDA:29,(anonymous_1)
FNDA:1,(anonymous_2)
FNDA:1,(anonymous_3)
FNDA:4,(anonymous_4)
FNDA:3,(anonymous_5)
FNDA:38,_composeResponse
FNDA:54,_makeAgent
FNDA:55,_resolve
FNDA:6,(anonymous_9)
FNDA:55,process
DA:22,2
DA:32,25
DA:33,21
DA:34,19
DA:40,2
DA:41,29
DA:42,1
DA:43,1
DA:44,4
DA:45,3
DA:54,38
DA:55,38
DA:78,55
DA:79,52
DA:82,55
DA:83,52
DA:86,55
DA:87,52
DA:90,55
DA:91,52
DA:96,54
DA:127,55
DA:128,55
DA:130,55
DA:132,55
DA:135,55
DA:137,55
DA:138,52
DA:139,52
DA:141,12
DA:142,12
DA:143,12
DA:144,12
DA:145,12
DA:146,12
DA:152,43
DA:153,43
DA:155,5
DA:156,5
DA:157,5
DA:158,5
DA:159,5
DA:160,5
DA:165,38
DA:166,38
DA:167,36
DA:168,2
DA:169,2
DA:173,2
DA:174,2
DA:175,2
DA:179,38
DA:181,38
DA:182,38
DA:188,6
DA:189,6
DA:190,6
DA:191,6
DA:192,6
DA:193,6
DA:197,32
DA:198,32
DA:199,32
DA:200,32
DA:201,32
DA:203,32
DA:215,54
DA:220,2
LF:68
LH:68
BRDA:32,0,0,4
BRDA:32,0,1,21
BRDA:33,1,0,2
BRDA:33,1,1,19
BRDA:54,2,0,38
BRDA:54,2,1,2
BRDA:55,3,0,38
BRDA:55,3,1,1
BRDA:73,4,0,2
BRDA:78,5,0,52
BRDA:78,5,1,3
BRDA:79,6,0,52
BRDA:79,6,1,2
BRDA:82,7,0,52
BRDA:82,7,1,3
BRDA:83,8,0,52
BRDA:83,8,1,2
BRDA:86,9,0,52
BRDA:86,9,1,3
BRDA:87,10,0,52
BRDA:87,10,1,2
BRDA:90,11,0,52
BRDA:90,11,1,3
BRDA:91,12,0,52
BRDA:91,12,1,2
BRDA:96,13,0,54
BRDA:96,13,1,5
BRDA:126,14,0,1
BRDA:126,15,0,6
BRDA:127,16,0,55
BRDA:127,16,1,8
BRDA:135,17,0,55
BRDA:135,17,1,52
BRDA:137,18,0,52
BRDA:137,18,1,3
BRDA:167,19,0,2
BRDA:167,19,1,34
BRDA:184,20,0,38
BRDA:184,20,1,37
BRF:39
BRH:39
end_of_record
TN:
SF:src\services\audio.utils.js
FN:11,(anonymous_0)
FN:14,(anonymous_1)
FN:17,(anonymous_2)
FN:19,(anonymous_3)
FN:20,(anonymous_4)
FN:28,(anonymous_5)
FN:41,mulawToWav
FN:48,pcm16ToWav
FN:62,downloadTwilioMedia
FN:80,saveAudio
FNF:10
FNH:10
FNDA:5,(anonymous_0)
FNDA:1,(anonymous_1)
FNDA:4,(anonymous_2)
FNDA:1,(anonymous_3)
FNDA:1,(anonymous_4)
FNDA:3,(anonymous_5)
FNDA:6,mulawToWav
FNDA:14,pcm16ToWav
FNDA:6,downloadTwilioMedia
FNDA:7,saveAudio
DA:8,3
DA:11,3
DA:12,5
DA:13,5
DA:14,5
DA:15,5
DA:16,5
DA:18,4
DA:19,4
DA:20,4
DA:28,3
DA:29,3
DA:30,3
DA:31,768
DA:32,768
DA:33,768
DA:34,768
DA:35,768
DA:36,768
DA:38,3
DA:42,6
DA:43,5
DA:44,120
DA:45,5
DA:49,14
DA:50,11
DA:51,11
DA:52,11
DA:53,11
DA:54,11
DA:55,11
DA:56,11
DA:57,11
DA:58,11
DA:59,11
DA:63,6
DA:64,4
DA:65,4
DA:66,1
DA:68,4
DA:69,4
DA:70,3
DA:81,7
DA:82,7
DA:83,7
DA:84,7
DA:85,7
DA:86,7
LF:48
LH:48
BRDA:20,0,0,2
BRDA:20,0,1,2
BRDA:20,1,0,4
BRDA:20,1,1,3
BRDA:36,2,0,384
BRDA:36,2,1,384
BRDA:42,3,0,1
BRDA:42,3,1,5
BRDA:48,4,0,8
BRDA:49,5,0,3
BRDA:49,5,1,11
BRDA:63,6,0,2
BRDA:63,6,1,4
BRDA:65,7,0,1
BRDA:65,7,1,3
BRDA:65,8,0,4
BRDA:65,8,1,1
BRDA:69,9,0,1
BRDA:69,9,1,3
BRDA:80,10,0,1
BRF:20
BRH:20
end_of_record
TN:
SF:src\services\circuitBreaker.js
FN:18,(anonymous_0)
FN:26,(anonymous_1)
FN:36,(anonymous_2)
FN:45,_isAbortError
FN:50,_sleep
FN:51,(anonymous_5)
FN:71,(anonymous_6)
FN:79,(anonymous_7)
FN:89,(anonymous_8)
FN:92,(anonymous_9)
FN:113,(anonymous_10)
FN:130,(anonymous_11)
FN:150,(anonymous_12)
FN:168,(anonymous_13)
FN:186,(anonymous_14)
FN:189,(anonymous_15)
FN:195,(anonymous_16)
FN:197,(anonymous_17)
FN:200,(anonymous_18)
FN:221,withRetry
FN:243,_defaultShouldRetry
FNF:21
FNH:21
FNDA:56,(anonymous_0)
FNDA:30,(anonymous_1)
FNDA:128,(anonymous_2)
FNDA:268,_isAbortError
FNDA:58,_sleep
FNDA:58,(anonymous_5)
FNDA:238,(anonymous_6)
FNDA:243,(anonymous_7)
FNDA:542,(anonymous_8)
FNDA:7,(anonymous_9)
FNDA:433,(anonymous_10)
FNDA:27,(anonymous_11)
FNDA:115,(anonymous_12)
FNDA:268,(anonymous_13)
FNDA:343,(anonymous_14)
FNDA:112,(anonymous_15)
FNDA:383,(anonymous_16)
FNDA:844,(anonymous_17)
FNDA:152,(anonymous_18)
FNDA:265,withRetry
FNDA:27,_defaultShouldRetry
DA:9,22
DA:19,56
DA:20,56
DA:21,56
DA:27,30
DA:28,30
DA:29,30
DA:30,30
DA:37,128
DA:38,128
DA:39,128
DA:46,268
DA:51,58
DA:52,58
DA:53,58
DA:72,238
DA:73,238
DA:74,238
DA:75,238
DA:76,238
DA:77,238
DA:78,238
DA:79,243
DA:81,238
DA:82,238
DA:83,238
DA:84,238
DA:85,238
DA:89,542
DA:93,7
DA:94,7
DA:95,7
DA:96,7
DA:97,7
DA:98,7
DA:99,7
DA:114,433
DA:117,433
DA:118,84
DA:119,40
DA:123,389
DA:124,46
DA:125,40
DA:129,383
DA:130,383
DA:132,383
DA:133,383
DA:134,115
DA:135,115
DA:136,115
DA:138,268
DA:139,268
DA:140,27
DA:141,27
DA:143,241
DA:144,241
DA:151,115
DA:152,115
DA:153,115
DA:155,115
DA:156,27
DA:157,27
DA:158,27
DA:162,88
DA:163,3
DA:164,3
DA:169,268
DA:170,268
DA:171,268
DA:173,268
DA:174,13
DA:175,13
DA:176,13
DA:177,13
DA:180,255
DA:181,68
DA:182,68
DA:187,343
DA:188,276
DA:189,112
DA:190,12
DA:192,272
DA:196,383
DA:197,844
DA:201,152
DA:202,151
DA:203,151
DA:227,265
DA:229,265
DA:230,265
DA:231,323
DA:232,323
DA:234,223
DA:235,58
DA:236,58
DA:237,58
DA:238,58
DA:244,27
DA:245,26
DA:246,19
LF:100
LH:100
BRDA:46,0,0,268
BRDA:46,0,1,241
BRDA:46,0,2,241
BRDA:46,0,3,1
BRDA:71,1,0,1
BRDA:73,2,0,238
BRDA:73,2,1,2
BRDA:74,3,0,238
BRDA:74,3,1,33
BRDA:75,4,0,238
BRDA:75,4,1,33
BRDA:76,5,0,238
BRDA:76,5,1,33
BRDA:77,6,0,238
BRDA:77,6,1,33
BRDA:78,7,0,238
BRDA:78,7,1,217
BRDA:79,8,0,238
BRDA:79,8,1,49
BRDA:99,9,0,5
BRDA:99,9,1,2
BRDA:113,10,0,145
BRDA:113,11,0,152
BRDA:113,12,0,145
BRDA:117,13,0,84
BRDA:117,13,1,349
BRDA:118,14,0,44
BRDA:118,14,1,40
BRDA:123,15,0,46
BRDA:123,15,1,343
BRDA:124,16,0,6
BRDA:124,16,1,40
BRDA:139,17,0,27
BRDA:139,17,1,241
BRDA:155,18,0,27
BRDA:155,18,1,88
BRDA:162,19,0,3
BRDA:162,19,1,85
BRDA:162,20,0,88
BRDA:162,20,1,88
BRDA:173,21,0,13
BRDA:173,21,1,255
BRDA:180,22,0,68
BRDA:180,22,1,187
BRDA:187,23,0,67
BRDA:187,23,1,276
BRDA:188,24,0,12
BRDA:188,24,1,264
BRDA:190,25,0,4
BRDA:190,25,1,8
BRDA:201,26,0,1
BRDA:201,26,1,151
BRDA:221,27,0,2
BRDA:223,28,0,2
BRDA:224,29,0,22
BRDA:225,30,0,22
BRDA:226,31,0,19
BRDA:234,32,0,165
BRDA:234,32,1,58
BRDA:234,33,0,223
BRDA:234,33,1,100
BRDA:244,34,0,1
BRDA:244,34,1,26
BRDA:245,35,0,7
BRDA:245,35,1,19
BRDA:245,36,0,26
BRDA:245,36,1,9
BRDA:245,36,2,9
BRF:68
BRH:68
end_of_record
TN:
SF:src\services\claude.client.js
FN:29,(anonymous_0)
FN:40,_escJson
FN:45,_isRetryable
FN:51,_failureReason
FN:58,_requestStatus
FN:67,_call
FN:75,(anonymous_6)
FN:78,(anonymous_7)
FN:91,(anonymous_8)
FN:124,_ruleBased
FN:173,analyze
FN:235,translate
FNF:12
FNH:12
FNDA:2,(anonymous_0)
FNDA:47,_escJson
FNDA:15,_isRetryable
FNDA:23,_failureReason
FNDA:23,_requestStatus
FNDA:47,_call
FNDA:59,(anonymous_6)
FNDA:54,(anonymous_7)
FNDA:1,(anonymous_8)
FNDA:71,_ruleBased
FNDA:96,analyze
FNDA:15,translate
DA:19,11
DA:23,11
DA:30,2
DA:31,2
DA:36,11
DA:41,47
DA:46,15
DA:47,15
DA:48,12
DA:52,23
DA:53,21
DA:54,20
DA:55,11
DA:59,23
DA:60,21
DA:61,20
DA:68,47
DA:70,47
DA:71,47
DA:73,47
DA:74,47
DA:76,59
DA:77,59
DA:79,54
DA:90,38
DA:91,11
DA:92,11
DA:94,25
DA:102,24
DA:103,24
DA:104,24
DA:105,24
DA:106,24
DA:109,23
DA:110,23
DA:111,23
DA:112,23
DA:113,23
DA:118,23
DA:125,71
DA:126,71
DA:127,71
DA:128,51
DA:129,36
DA:130,31
DA:132,71
DA:133,71
DA:134,71
DA:135,71
DA:136,71
DA:137,25
DA:138,25
DA:139,25
DA:140,2
DA:141,23
DA:142,12
DA:143,11
DA:144,2
DA:145,2
DA:148,71
DA:149,71
DA:174,96
DA:175,13
DA:178,83
DA:179,83
DA:180,42
DA:181,42
DA:184,41
DA:186,41
DA:191,41
DA:192,41
DA:199,20
DA:203,20
DA:204,20
DA:206,8
DA:207,8
DA:210,12
DA:220,21
DA:221,21
DA:236,15
DA:237,9
DA:239,6
DA:240,6
DA:247,4
DA:249,2
DA:250,2
LF:86
LH:86
BRDA:46,0,0,0
BRDA:46,0,1,15
BRDA:47,1,0,3
BRDA:47,1,1,12
BRDA:47,2,0,15
BRDA:47,2,1,5
BRDA:47,2,2,5
BRDA:52,3,0,2
BRDA:52,3,1,21
BRDA:53,4,0,1
BRDA:53,4,1,20
BRDA:54,5,0,9
BRDA:54,5,1,11
BRDA:54,6,0,5
BRDA:54,6,1,4
BRDA:59,7,0,2
BRDA:59,7,1,21
BRDA:60,8,0,1
BRDA:60,8,1,20
BRDA:67,9,0,0
BRDA:67,10,0,47
BRDA:68,11,0,0
BRDA:68,11,1,47
BRDA:90,12,0,11
BRDA:90,12,1,25
BRDA:127,13,0,20
BRDA:127,13,1,51
BRDA:128,14,0,15
BRDA:128,14,1,36
BRDA:129,15,0,5
BRDA:129,15,1,31
BRDA:130,16,0,6
BRDA:130,16,1,25
BRDA:133,17,0,12
BRDA:133,17,1,59
BRDA:133,18,0,12
BRDA:133,18,1,2
BRDA:136,19,0,25
BRDA:136,19,1,46
BRDA:139,20,0,2
BRDA:139,20,1,23
BRDA:141,21,0,12
BRDA:141,21,1,11
BRDA:143,22,0,2
BRDA:143,22,1,9
BRDA:151,23,0,71
BRDA:151,23,1,70
BRDA:154,24,0,25
BRDA:154,24,1,46
BRDA:173,25,0,96
BRDA:174,26,0,13
BRDA:174,26,1,83
BRDA:179,27,0,42
BRDA:179,27,1,41
BRDA:179,28,0,83
BRDA:179,28,1,47
BRDA:179,28,2,44
BRDA:184,29,0,41
BRDA:184,29,1,41
BRDA:194,30,0,41
BRDA:194,30,1,41
BRDA:199,31,0,20
BRDA:199,31,1,4
BRDA:211,32,0,12
BRDA:211,32,1,2
BRDA:212,33,0,12
BRDA:212,33,1,10
BRDA:213,34,0,12
BRDA:213,34,1,10
BRDA:214,35,0,12
BRDA:214,35,1,10
BRDA:215,36,0,9
BRDA:215,36,1,3
BRDA:216,37,0,12
BRDA:216,37,1,3
BRDA:217,38,0,12
BRDA:217,38,1,3
BRDA:235,39,0,1
BRDA:235,40,0,15
BRDA:236,41,0,6
BRDA:236,41,1,9
BRDA:236,42,0,15
BRDA:236,42,1,14
BRDA:236,42,2,10
BRDA:237,43,0,3
BRDA:237,43,1,6
BRDA:247,44,0,4
BRDA:247,44,1,2
BRF:88
BRH:85
end_of_record
TN:
SF:src\services\dateparser.js
FN:7,_nextWeekday
FN:23,resolve
FNF:2
FNH:2
FNDA:10,_nextWeekday
FNDA:46,resolve
DA:5,3
DA:8,10
DA:9,10
DA:10,10
DA:11,10
DA:12,10
DA:13,10
DA:24,46
DA:25,46
DA:28,46
DA:29,46
DA:30,28
DA:31,4
DA:32,24
DA:33,7
DA:34,7
DA:35,17
DA:36,10
DA:37,10
DA:38,7
DA:39,3
DA:40,3
DA:41,3
DA:43,4
DA:44,4
DA:49,46
DA:50,46
DA:51,15
DA:52,15
DA:53,14
DA:54,14
DA:55,14
DA:59,46
DA:61,46
LF:34
LH:34
BRDA:9,0,0,0
BRDA:9,0,1,10
BRDA:10,1,0,10
BRDA:10,1,1,1
BRDA:23,2,0,4
BRDA:28,3,0,46
BRDA:28,3,1,2
BRDA:29,4,0,28
BRDA:29,4,1,18
BRDA:30,5,0,4
BRDA:30,5,1,24
BRDA:30,6,0,28
BRDA:30,6,1,25
BRDA:32,7,0,7
BRDA:32,7,1,17
BRDA:35,8,0,10
BRDA:35,8,1,7
BRDA:37,9,0,10
BRDA:37,9,1,0
BRDA:38,10,0,3
BRDA:38,10,1,4
BRDA:41,11,0,3
BRDA:41,11,1,0
BRDA:44,12,0,2
BRDA:44,12,1,2
BRDA:49,13,0,46
BRDA:49,13,1,3
BRDA:50,14,0,15
BRDA:50,14,1,31
BRDA:52,15,0,14
BRDA:52,15,1,1
BRDA:54,16,0,14
BRDA:54,16,1,3
BRDA:59,17,0,3
BRDA:59,17,1,43
BRDA:59,18,0,46
BRDA:59,18,1,26
BRF:37
BRH:34
end_of_record
TN:
SF:src\services\metrics.js
FN:61,recordRequest
FN:70,recordFailure
FN:79,recordLatency
FN:88,setCircuitState
FN:126,recordAgentRequest
FN:134,recordAgentLatency
FN:143,recordAgentStageFailure
FN:150,recordPipelineSuccess
FNF:8
FNH:8
FNDA:6,recordRequest
FNDA:8,recordFailure
FNDA:3,recordLatency
FNDA:5,setCircuitState
FNDA:3,recordAgentRequest
FNDA:2,recordAgentLatency
FNDA:13,recordAgentStageFailure
FNDA:2,recordPipelineSuccess
DA:13,2
DA:17,2
DA:24,2
DA:31,2
DA:39,2
DA:48,2
DA:62,6
DA:71,8
DA:80,3
DA:89,5
DA:90,5
DA:95,2
DA:102,2
DA:109,2
DA:116,2
DA:127,3
DA:135,2
DA:144,13
DA:151,2
LF:19
LH:19
BRDA:61,0,0,1
BRDA:70,1,0,1
BRDA:89,2,0,5
BRDA:89,2,1,1
BRDA:126,3,0,1
BRDA:143,4,0,1
BRF:6
BRH:6
end_of_record
TN:
SF:src\services\observability.js
FN:63,_makeObservability
FN:85,init
FN:153,(anonymous_2)
FN:188,shutdown
FN:210,getTracer
FN:223,getMeter
FN:240,withSpan
FN:279,recordStageSpan
FN:290,(anonymous_8)
FN:295,_loadSDK
FN:361,getPipelineInstruments
FNF:11
FNH:11
FNDA:54,_makeObservability
FNDA:24,init
FNDA:6,(anonymous_2)
FNDA:5,shutdown
FNDA:87,getTracer
FNDA:2,getMeter
FNDA:85,withSpan
FNDA:76,recordStageSpan
FNDA:3,(anonymous_8)
FNDA:19,_loadSDK
FNDA:3,getPipelineInstruments
DA:22,8
DA:26,8
DA:27,8
DA:30,8
DA:64,54
DA:65,54
DA:68,54
DA:69,54
DA:86,24
DA:88,22
DA:89,22
DA:91,22
DA:92,3
DA:93,3
DA:94,3
DA:107,19
DA:110,19
DA:116,19
DA:119,19
DA:121,2
DA:122,2
DA:123,17
DA:124,3
DA:128,1
DA:135,14
DA:136,14
DA:141,17
DA:142,1
DA:143,1
DA:151,17
DA:154,6
DA:155,6
DA:162,17
DA:169,17
DA:170,15
DA:173,4
DA:174,4
DA:178,19
DA:189,5
DA:190,3
DA:191,3
DA:192,2
DA:194,1
DA:196,3
DA:197,3
DA:211,87
DA:224,2
DA:241,85
DA:242,85
DA:248,85
DA:249,85
DA:250,63
DA:251,63
DA:253,22
DA:254,22
DA:255,22
DA:257,85
DA:280,76
DA:281,76
DA:287,76
DA:290,54
DA:305,19
DA:316,19
DA:327,8
DA:337,8
DA:338,8
DA:339,8
DA:340,8
DA:341,8
DA:342,8
DA:362,3
DA:364,3
LF:72
LH:72
BRDA:63,0,0,14
BRDA:68,1,0,54
BRDA:68,1,1,35
BRDA:69,2,0,54
BRDA:69,2,1,53
BRDA:85,3,0,4
BRDA:86,4,0,2
BRDA:86,4,1,22
BRDA:88,5,0,22
BRDA:88,5,1,22
BRDA:89,6,0,22
BRDA:89,6,1,19
BRDA:91,7,0,3
BRDA:91,7,1,19
BRDA:119,8,0,2
BRDA:119,8,1,17
BRDA:123,9,0,3
BRDA:123,9,1,14
BRDA:141,10,0,1
BRDA:141,10,1,16
BRDA:154,11,0,6
BRDA:154,11,1,2
BRDA:155,12,0,6
BRDA:155,12,1,4
BRDA:164,13,0,3
BRDA:164,13,1,14
BRDA:165,14,0,1
BRDA:165,14,1,16
BRDA:170,15,0,15
BRDA:170,15,1,1
BRDA:189,16,0,2
BRDA:189,16,1,3
BRDA:210,17,0,86
BRDA:223,18,0,1
BRDA:240,19,0,1
BRDA:240,20,0,85
BRDA:283,21,0,76
BRDA:283,21,1,54
BRDA:284,22,0,76
BRDA:284,22,1,62
BRDA:306,23,0,19
BRDA:306,23,1,0
BRDA:307,24,0,19
BRDA:307,24,1,0
BRDA:308,25,0,19
BRDA:308,25,1,0
BRDA:309,26,0,19
BRDA:309,26,1,0
BRDA:310,27,0,19
BRDA:310,27,1,0
BRDA:311,28,0,19
BRDA:311,28,1,0
BRDA:312,29,0,19
BRDA:312,29,1,0
BRDA:313,30,0,19
BRDA:313,30,1,0
BRDA:362,31,0,3
BRDA:362,31,1,0
BRF:58
BRH:49
end_of_record
TN:
SF:src\services\ollama.client.js
FN:21,_isRetryable
FN:27,_requestStatus
FN:33,_failureReason
FN:42,_analyzeError
FN:68,_makeOllamaClient
FN:94,chat
FN:109,(anonymous_6)
FN:112,(anonymous_7)
FN:120,(anonymous_8)
FN:165,analyze
FN:222,(anonymous_10)
FNF:11
FNH:11
FNDA:17,_isRetryable
FNDA:44,_requestStatus
FNDA:44,_failureReason
FNDA:5,_analyzeError
FNDA:62,_makeOllamaClient
FNDA:76,chat
FNDA:85,(anonymous_6)
FNDA:77,(anonymous_7)
FNDA:2,(anonymous_8)
FNDA:18,analyze
FNDA:1,(anonymous_10)
DA:17,3
DA:22,17
DA:23,16
DA:24,9
DA:28,44
DA:29,36
DA:30,30
DA:34,44
DA:35,36
DA:36,30
DA:37,2
DA:43,5
DA:73,62
DA:75,62
DA:101,76
DA:103,76
DA:104,76
DA:105,76
DA:107,76
DA:108,76
DA:110,85
DA:111,85
DA:113,77
DA:119,69
DA:120,37
DA:121,37
DA:123,32
DA:124,32
DA:132,32
DA:133,32
DA:134,32
DA:135,32
DA:136,32
DA:139,44
DA:140,44
DA:141,44
DA:142,44
DA:143,44
DA:148,44
DA:166,18
DA:167,2
DA:171,16
DA:175,16
DA:176,16
DA:187,12
DA:189,12
DA:190,12
DA:192,1
DA:193,1
DA:196,11
DA:206,4
DA:207,4
DA:211,62
DA:216,3
DA:223,1
DA:224,1
DA:228,3
LF:57
LH:57
BRDA:22,0,0,1
BRDA:22,0,1,16
BRDA:23,1,0,7
BRDA:23,1,1,9
BRDA:23,2,0,16
BRDA:23,2,1,16
BRDA:23,2,2,16
BRDA:28,3,0,8
BRDA:28,3,1,36
BRDA:29,4,0,6
BRDA:29,4,1,30
BRDA:34,5,0,8
BRDA:34,5,1,36
BRDA:35,6,0,6
BRDA:35,6,1,30
BRDA:36,7,0,28
BRDA:36,7,1,2
BRDA:36,8,0,21
BRDA:36,8,1,7
BRDA:68,9,0,3
BRDA:70,10,0,3
BRDA:71,11,0,3
BRDA:72,12,0,3
BRDA:94,13,0,46
BRDA:96,14,0,69
BRDA:97,15,0,58
BRDA:98,16,0,59
BRDA:99,17,0,60
BRDA:100,18,0,70
BRDA:100,19,0,70
BRDA:100,19,1,9
BRDA:119,20,0,37
BRDA:119,20,1,32
BRDA:124,21,0,32
BRDA:124,21,1,1
BRDA:165,22,0,18
BRDA:166,23,0,2
BRDA:166,23,1,16
BRDA:180,24,0,16
BRDA:180,24,1,16
BRDA:181,25,0,16
BRDA:181,25,1,16
BRDA:197,26,0,11
BRDA:197,26,1,1
BRDA:198,27,0,11
BRDA:198,27,1,3
BRDA:199,28,0,11
BRDA:199,28,1,7
BRDA:200,29,0,11
BRDA:200,29,1,8
BRDA:201,30,0,6
BRDA:201,30,1,5
BRDA:202,31,0,11
BRDA:202,31,1,6
BRF:54
BRH:54
end_of_record
TN:
SF:src\services\security.js
FN:32,(anonymous_0)
FN:73,_makeSecurity
FN:90,authenticate
FN:91,(anonymous_3)
FN:141,rateLimit
FN:145,(anonymous_5)
FN:179,authorise
FN:207,makeSecurityMiddleware
FN:215,securityMiddleware
FNF:9
FNH:9
FNDA:49,(anonymous_0)
FNDA:62,_makeSecurity
FNDA:88,authenticate
FNDA:88,(anonymous_3)
FNDA:40,rateLimit
FNDA:40,(anonymous_5)
FNDA:46,authorise
FNDA:22,makeSecurityMiddleware
FNDA:51,securityMiddleware
DA:26,8
DA:33,49
DA:34,49
DA:35,49
DA:36,49
DA:46,8
DA:54,8
DA:74,62
DA:75,62
DA:76,62
DA:77,62
DA:78,62
DA:79,62
DA:80,62
DA:91,88
DA:92,88
DA:93,88
DA:96,88
DA:97,9
DA:98,5
DA:99,5
DA:100,5
DA:102,4
DA:103,4
DA:104,4
DA:108,79
DA:109,60
DA:110,60
DA:111,60
DA:112,53
DA:113,53
DA:114,53
DA:115,53
DA:117,7
DA:118,7
DA:119,7
DA:120,7
DA:125,19
DA:142,40
DA:143,40
DA:145,40
DA:146,40
DA:149,39
DA:150,29
DA:153,39
DA:154,39
DA:155,39
DA:157,39
DA:158,39
DA:159,39
DA:161,39
DA:162,5
DA:163,5
DA:166,39
DA:180,46
DA:181,46
DA:183,46
DA:184,13
DA:185,13
DA:186,13
DA:189,33
DA:213,22
DA:215,22
DA:216,51
DA:218,51
DA:219,30
DA:222,30
DA:223,20
DA:227,29
DA:228,28
DA:229,28
DA:231,27
DA:232,27
DA:233,27
DA:235,27
DA:236,2
DA:244,26
DA:246,23
DA:247,22
DA:252,1
DA:257,62
DA:262,8
DA:264,8
DA:265,8
DA:266,8
DA:267,8
LF:86
LH:86
BRDA:37,0,0,1
BRDA:37,0,1,48
BRDA:38,1,0,18
BRDA:38,1,1,30
BRDA:73,2,0,8
BRDA:74,3,0,62
BRDA:74,3,1,8
BRDA:75,4,0,62
BRDA:75,4,1,8
BRDA:76,5,0,62
BRDA:76,5,1,8
BRDA:77,6,0,62
BRDA:77,6,1,8
BRDA:78,7,0,62
BRDA:78,7,1,8
BRDA:79,8,0,62
BRDA:79,8,1,8
BRDA:80,9,0,62
BRDA:80,9,1,8
BRDA:92,10,0,88
BRDA:92,10,1,27
BRDA:93,11,0,88
BRDA:93,11,1,79
BRDA:96,12,0,9
BRDA:96,12,1,79
BRDA:97,13,0,5
BRDA:97,13,1,4
BRDA:108,14,0,60
BRDA:108,14,1,19
BRDA:115,15,0,53
BRDA:115,15,1,1
BRDA:117,16,0,3
BRDA:117,16,1,4
BRDA:141,17,0,2
BRDA:149,18,0,29
BRDA:149,18,1,10
BRDA:161,19,0,5
BRDA:161,19,1,34
BRDA:180,20,0,46
BRDA:180,20,1,1
BRDA:181,21,0,46
BRDA:181,21,1,13
BRDA:183,22,0,13
BRDA:183,22,1,33
BRDA:207,23,0,9
BRDA:210,24,0,22
BRDA:211,25,0,19
BRDA:212,26,0,20
BRDA:222,27,0,20
BRDA:222,27,1,10
BRDA:227,28,0,28
BRDA:227,28,1,1
BRDA:228,29,0,28
BRDA:228,29,1,1
BRDA:228,29,2,1
BRDA:235,30,0,2
BRDA:235,30,1,25
BRDA:246,31,0,22
BRDA:246,31,1,1
BRF:59
BRH:59
end_of_record
TN:
SF:src\services\tts.client.js
FN:25,_escXml
FN:39,_elevenlabs
FN:59,(anonymous_2)
FN:74,_azure
FN:84,(anonymous_4)
FN:106,(anonymous_5)
FN:115,_isRetryable
FN:121,_requestStatus
FN:127,_failureReason
FN:155,_makeSynthesize
FN:180,synthesize
FN:205,(anonymous_11)
FN:206,(anonymous_12)
FN:213,(anonymous_13)
FN:249,(anonymous_14)
FNF:15
FNH:15
FNDA:7,_escXml
FNDA:64,_elevenlabs
FNDA:2,(anonymous_2)
FNDA:12,_azure
FNDA:2,(anonymous_4)
FNDA:2,(anonymous_5)
FNDA:18,_isRetryable
FNDA:52,_requestStatus
FNDA:52,_failureReason
FNDA:66,_makeSynthesize
FNDA:92,synthesize
FNDA:12,(anonymous_11)
FNDA:64,(anonymous_12)
FNDA:83,(anonymous_13)
FNDA:1,(anonymous_14)
DA:21,3
DA:26,7
DA:40,64
DA:41,64
DA:43,62
DA:58,51
DA:59,33
DA:60,33
DA:63,18
DA:75,12
DA:76,12
DA:79,10
DA:83,10
DA:84,3
DA:85,3
DA:87,7
DA:90,7
DA:91,7
DA:105,7
DA:106,3
DA:107,3
DA:110,4
DA:116,18
DA:117,16
DA:118,9
DA:122,52
DA:123,45
DA:124,39
DA:128,52
DA:129,45
DA:130,39
DA:131,5
DA:160,66
DA:162,66
DA:180,66
DA:181,92
DA:187,88
DA:189,88
DA:192,88
DA:193,13
DA:194,13
DA:195,13
DA:197,75
DA:198,1
DA:199,1
DA:200,1
DA:204,74
DA:205,12
DA:206,64
DA:208,74
DA:209,74
DA:211,74
DA:212,74
DA:214,83
DA:215,83
DA:220,22
DA:221,22
DA:222,22
DA:223,22
DA:224,22
DA:227,52
DA:228,52
DA:229,52
DA:230,52
DA:231,52
DA:236,52
DA:243,3
DA:250,1
DA:251,1
DA:256,3
LF:70
LH:70
BRDA:41,0,0,2
BRDA:41,0,1,62
BRDA:58,1,0,33
BRDA:58,1,1,18
BRDA:76,2,0,2
BRDA:76,2,1,10
BRDA:83,3,0,3
BRDA:83,3,1,7
BRDA:105,4,0,3
BRDA:105,4,1,4
BRDA:116,5,0,2
BRDA:116,5,1,16
BRDA:117,6,0,7
BRDA:117,6,1,9
BRDA:117,7,0,16
BRDA:117,7,1,12
BRDA:117,7,2,12
BRDA:122,8,0,7
BRDA:122,8,1,45
BRDA:123,9,0,6
BRDA:123,9,1,39
BRDA:128,10,0,7
BRDA:128,10,1,45
BRDA:129,11,0,6
BRDA:129,11,1,39
BRDA:130,12,0,34
BRDA:130,12,1,5
BRDA:130,13,0,24
BRDA:130,13,1,10
BRDA:155,14,0,3
BRDA:157,15,0,3
BRDA:158,16,0,3
BRDA:159,17,0,3
BRDA:180,18,0,60
BRDA:181,19,0,4
BRDA:181,19,1,88
BRDA:184,20,0,80
BRDA:185,21,0,85
BRDA:186,22,0,77
BRDA:189,23,0,88
BRDA:189,23,1,1
BRDA:192,24,0,13
BRDA:192,24,1,75
BRDA:197,25,0,1
BRDA:197,25,1,74
BRDA:204,26,0,12
BRDA:204,26,1,62
BRF:47
BRH:47
end_of_record
TN:
SF:src\services\whisper.client.js
FN:36,_buildMultipart
FN:52,_localServer
FN:64,(anonymous_2)
FN:77,_openai
FN:100,(anonymous_4)
FN:108,_mock
FN:117,_isRetryable
FN:123,_requestStatus
FN:129,_failureReason
FN:150,_makeTranscribeWav
FN:172,transcribeWav
FN:193,(anonymous_11)
FN:196,(anonymous_12)
FN:232,(anonymous_13)
FNF:14
FNH:14
FNDA:62,_buildMultipart
FNDA:62,_localServer
FNDA:2,(anonymous_2)
FNDA:12,_openai
FNDA:1,(anonymous_4)
FNDA:3,_mock
FNDA:19,_isRetryable
FNDA:49,_requestStatus
FNDA:49,_failureReason
FNDA:61,_makeTranscribeWav
FNDA:79,transcribeWav
FNDA:81,(anonymous_11)
FNDA:74,(anonymous_12)
FNDA:1,(anonymous_13)
DA:21,3
DA:25,3
DA:32,3
DA:37,62
DA:38,62
DA:43,62
DA:53,62
DA:54,62
DA:63,56
DA:64,31
DA:65,31
DA:67,25
DA:68,25
DA:69,25
DA:70,23
DA:78,12
DA:79,10
DA:80,10
DA:90,10
DA:99,10
DA:100,5
DA:101,5
DA:103,5
DA:104,5
DA:105,2
DA:109,3
DA:110,3
DA:111,3
DA:112,3
DA:118,19
DA:119,17
DA:120,7
DA:124,49
DA:125,42
DA:126,36
DA:130,49
DA:131,42
DA:132,36
DA:133,7
DA:155,61
DA:158,61
DA:172,61
DA:173,79
DA:174,2
DA:180,77
DA:182,77
DA:185,77
DA:187,74
DA:188,74
DA:189,74
DA:191,74
DA:192,74
DA:194,81
DA:195,81
DA:196,74
DA:203,25
DA:204,25
DA:205,25
DA:206,25
DA:207,25
DA:210,49
DA:211,49
DA:212,49
DA:213,49
DA:214,49
DA:219,49
DA:226,3
DA:233,1
DA:234,1
DA:239,3
LF:70
LH:70
BRDA:36,0,0,62
BRDA:63,1,0,31
BRDA:63,1,1,25
BRDA:68,2,0,25
BRDA:68,2,1,7
BRDA:68,2,2,5
BRDA:68,2,3,3
BRDA:68,2,4,1
BRDA:69,3,0,2
BRDA:69,3,1,23
BRDA:78,4,0,2
BRDA:78,4,1,10
BRDA:99,5,0,5
BRDA:99,5,1,5
BRDA:104,6,0,3
BRDA:104,6,1,2
BRDA:118,7,0,2
BRDA:118,7,1,17
BRDA:119,8,0,10
BRDA:119,8,1,7
BRDA:119,9,0,17
BRDA:119,9,1,17
BRDA:119,9,2,17
BRDA:124,10,0,7
BRDA:124,10,1,42
BRDA:125,11,0,6
BRDA:125,11,1,36
BRDA:130,12,0,7
BRDA:130,12,1,42
BRDA:131,13,0,6
BRDA:131,13,1,36
BRDA:132,14,0,29
BRDA:132,14,1,7
BRDA:132,15,0,19
BRDA:132,15,1,10
BRDA:150,16,0,3
BRDA:152,17,0,3
BRDA:153,18,0,3
BRDA:154,19,0,3
BRDA:172,20,0,66
BRDA:173,21,0,2
BRDA:173,21,1,77
BRDA:173,22,0,79
BRDA:173,22,1,78
BRDA:178,23,0,70
BRDA:179,24,0,71
BRDA:179,25,0,71
BRDA:179,25,1,1
BRDA:185,26,0,3
BRDA:185,26,1,74
BRDA:187,27,0,13
BRDA:187,27,1,61
BRF:52
BRH:52
end_of_record
